<?xml version="1.0" encoding="UTF-8"?>
<TestRun id="8a8270cb-c4ec-4454-b679-a2bc0604724d" name="Matt@LAPTOP 2012-04-14 22:01:00" runUser="laptop\Matt" xmlns="http://microsoft.com/schemas/VisualStudio/TeamTest/2010">
  <TestSettings name="Local" id="4663f0f2-8423-4c52-9793-eac18d9a1990">
    <Description>These are default test settings for a local test run.</Description>
    <Deployment enabled="false" runDeploymentRoot="Matt_LAPTOP 2012-04-14 22_01_00">
      <DeploymentItem filename="D:\GreedKata\GreedKata\bin\Debug\GreedKata.exe" />
      <DeploymentItem filename="D:\GreedKata\GreedKata.Test\obj\FluentAssertions.dll" />
      <DeploymentItem filename="D:\GreedKata\GreedKata.Test\obj\Moq.dll" />
    </Deployment>
    <Execution>
      <TestTypeSpecific />
      <AgentRule name="Execution Agents">
      </AgentRule>
    </Execution>
  </TestSettings>
  <Times creation="2012-04-14T22:01:00.5810000-04:00" queuing="2012-04-14T22:01:00.7570000-04:00" start="2012-04-14T22:01:00.8000000-04:00" finish="2012-04-14T22:01:02.0400000-04:00" />
  <ResultSummary outcome="Failed">
    <Counters total="25" executed="25" passed="24" error="0" failed="1" timeout="0" aborted="0" inconclusive="0" passedButRunAborted="0" notRunnable="0" notExecuted="0" disconnected="0" warning="0" completed="0" inProgress="0" pending="0" />
  </ResultSummary>
  <TestDefinitions>
    <UnitTest name="AndBothFiveRulesAreMatched" storage="d:\greedkata\greedkata.test\bin\debug\greedkata.test.dll" id="8bc84bc3-f5ff-1528-80bb-3bed49d3fcd8">
      <Execution id="723400b1-a98c-4fbc-a6b3-d7ba6c005104" />
      <TestMethod codeBase="D:/GreedKata/GreedKata.Test/bin/Debug/GreedKata.Test.DLL" adapterTypeName="Microsoft.VisualStudio.TestTools.TestTypes.Unit.UnitTestAdapter, Microsoft.VisualStudio.QualityTools.Tips.UnitTest.Adapter, Version=10.0.0.0, Culture=neutral, PublicKeyToken=b03f5f7f11d50a3a" className="GreedKata.Test.ScoreCalculation.WhenCalculatingTheScore, GreedKata.Test, Version=1.0.0.0, Culture=neutral, PublicKeyToken=null" name="AndBothFiveRulesAreMatched" />
    </UnitTest>
    <UnitTest name="AndTheOneOneRuleIsMatched" storage="d:\greedkata\greedkata.test\bin\debug\greedkata.test.dll" id="c042c0ad-a16d-b763-65dd-f31d6cf2d950">
      <Execution id="cf09bf36-95e9-4c32-ab51-427c0590beb1" />
      <TestMethod codeBase="D:/GreedKata/GreedKata.Test/bin/Debug/GreedKata.Test.DLL" adapterTypeName="Microsoft.VisualStudio.TestTools.TestTypes.Unit.UnitTestAdapter, Microsoft.VisualStudio.QualityTools.Tips.UnitTest.Adapter, Version=10.0.0.0, Culture=neutral, PublicKeyToken=b03f5f7f11d50a3a" className="GreedKata.Test.ScoreCalculation.WhenCalculatingTheScore, GreedKata.Test, Version=1.0.0.0, Culture=neutral, PublicKeyToken=null" name="AndTheOneOneRuleIsMatched" />
    </UnitTest>
    <UnitTest name="AndTheThreeTwosRuleIsMatched" storage="d:\greedkata\greedkata.test\bin\debug\greedkata.test.dll" id="20c0f5d0-691a-e093-e521-9234ae60aed1">
      <Execution id="b64fcafc-002b-406d-95ad-a2d84d9c6974" />
      <TestMethod codeBase="D:/GreedKata/GreedKata.Test/bin/Debug/GreedKata.Test.DLL" adapterTypeName="Microsoft.VisualStudio.TestTools.TestTypes.Unit.UnitTestAdapter, Microsoft.VisualStudio.QualityTools.Tips.UnitTest.Adapter, Version=10.0.0.0, Culture=neutral, PublicKeyToken=b03f5f7f11d50a3a" className="GreedKata.Test.ScoreCalculation.WhenCalculatingTheScore, GreedKata.Test, Version=1.0.0.0, Culture=neutral, PublicKeyToken=null" name="AndTheThreeTwosRuleIsMatched" />
    </UnitTest>
    <UnitTest name="OneDieWithTheValueToMatchReturnsFalse" storage="d:\greedkata\greedkata.test\bin\debug\greedkata.test.dll" id="9343120d-9a61-e87b-64b1-f423d535d4a9">
      <Execution id="530c71a1-6115-47ba-b579-48fe22b381f6" />
      <TestMethod codeBase="D:/GreedKata/GreedKata.Test/bin/Debug/GreedKata.Test.DLL" adapterTypeName="Microsoft.VisualStudio.TestTools.TestTypes.Unit.UnitTestAdapter, Microsoft.VisualStudio.QualityTools.Tips.UnitTest.Adapter, Version=10.0.0.0, Culture=neutral, PublicKeyToken=b03f5f7f11d50a3a" className="GreedKata.Test.Rules.WhenMatchingThreeDiceWithTheSameValue, GreedKata.Test, Version=1.0.0.0, Culture=neutral, PublicKeyToken=null" name="OneDieWithTheValueToMatchReturnsFalse" />
    </UnitTest>
    <UnitTest name="AndTheOneFiveRuleIsMatchedTheOneOneIsMatchedTwice" storage="d:\greedkata\greedkata.test\bin\debug\greedkata.test.dll" id="5aaf4d04-efc5-db88-0b8a-b55d52a9660c">
      <Execution id="28fe2773-df07-4a33-914e-438886e85343" />
      <TestMethod codeBase="D:/GreedKata/GreedKata.Test/bin/Debug/GreedKata.Test.DLL" adapterTypeName="Microsoft.VisualStudio.TestTools.TestTypes.Unit.UnitTestAdapter, Microsoft.VisualStudio.QualityTools.Tips.UnitTest.Adapter, Version=10.0.0.0, Culture=neutral, PublicKeyToken=b03f5f7f11d50a3a" className="GreedKata.Test.ScoreCalculation.WhenCalculatingTheScore, GreedKata.Test, Version=1.0.0.0, Culture=neutral, PublicKeyToken=null" name="AndTheOneFiveRuleIsMatchedTheOneOneIsMatchedTwice" />
    </UnitTest>
    <UnitTest name="ThreeDiceWithTheValueToMatchReturnsTrue" storage="d:\greedkata\greedkata.test\bin\debug\greedkata.test.dll" id="b494e56d-9a80-37be-f315-4879f38f7ae2">
      <Execution id="5686839b-db8a-490d-b3a7-cab35d63c50e" />
      <TestMethod codeBase="D:/GreedKata/GreedKata.Test/bin/Debug/GreedKata.Test.DLL" adapterTypeName="Microsoft.VisualStudio.TestTools.TestTypes.Unit.UnitTestAdapter, Microsoft.VisualStudio.QualityTools.Tips.UnitTest.Adapter, Version=10.0.0.0, Culture=neutral, PublicKeyToken=b03f5f7f11d50a3a" className="GreedKata.Test.Rules.WhenMatchingThreeDiceWithTheSameValue, GreedKata.Test, Version=1.0.0.0, Culture=neutral, PublicKeyToken=null" name="ThreeDiceWithTheValueToMatchReturnsTrue" />
    </UnitTest>
    <UnitTest name="TheRuleValueCanBeLookedUp" storage="d:\greedkata\greedkata.test\bin\debug\greedkata.test.dll" id="75790c8d-f6b0-593d-b258-d4c6454a9a2b">
      <Execution id="eb7782e2-49ea-4003-9bb7-23445fb13065" />
      <TestMethod codeBase="D:/GreedKata/GreedKata.Test/bin/Debug/GreedKata.Test.DLL" adapterTypeName="Microsoft.VisualStudio.TestTools.TestTypes.Unit.UnitTestAdapter, Microsoft.VisualStudio.QualityTools.Tips.UnitTest.Adapter, Version=10.0.0.0, Culture=neutral, PublicKeyToken=b03f5f7f11d50a3a" className="GreedKata.Test.Rules.WhenMatchingOneDie, GreedKata.Test, Version=1.0.0.0, Culture=neutral, PublicKeyToken=null" name="TheRuleValueCanBeLookedUp" />
    </UnitTest>
    <UnitTest name="AndTheThreeFoursRuleIsMatched" storage="d:\greedkata\greedkata.test\bin\debug\greedkata.test.dll" id="9ca15271-9dd2-94e2-4ff8-7700ef0feab3">
      <Execution id="86ef99b9-e67f-40f4-98c8-d6d7ad83cab0" />
      <TestMethod codeBase="D:/GreedKata/GreedKata.Test/bin/Debug/GreedKata.Test.DLL" adapterTypeName="Microsoft.VisualStudio.TestTools.TestTypes.Unit.UnitTestAdapter, Microsoft.VisualStudio.QualityTools.Tips.UnitTest.Adapter, Version=10.0.0.0, Culture=neutral, PublicKeyToken=b03f5f7f11d50a3a" className="GreedKata.Test.ScoreCalculation.WhenCalculatingTheScore, GreedKata.Test, Version=1.0.0.0, Culture=neutral, PublicKeyToken=null" name="AndTheThreeFoursRuleIsMatched" />
    </UnitTest>
    <UnitTest name="TheScoreIsCalculated" storage="d:\greedkata\greedkata.test\bin\debug\greedkata.test.dll" id="c5f6d443-3c49-66fe-1fb3-4e72bcadae47">
      <Execution id="aa5a0384-e062-40d7-902e-c9d767402db2" />
      <TestMethod codeBase="D:/GreedKata/GreedKata.Test/bin/Debug/GreedKata.Test.DLL" adapterTypeName="Microsoft.VisualStudio.TestTools.TestTypes.Unit.UnitTestAdapter, Microsoft.VisualStudio.QualityTools.Tips.UnitTest.Adapter, Version=10.0.0.0, Culture=neutral, PublicKeyToken=b03f5f7f11d50a3a" className="GreedKata.Test.Game.WhenRollingDice, GreedKata.Test, Version=1.0.0.0, Culture=neutral, PublicKeyToken=null" name="TheScoreIsCalculated" />
    </UnitTest>
    <UnitTest name="AndTheOneFiveRuleIsMatched" storage="d:\greedkata\greedkata.test\bin\debug\greedkata.test.dll" id="778be0c6-fe55-a457-31a7-bcb21ead00f6">
      <Execution id="6f853447-cf1c-4f90-bbd4-9e7ba38c9f4d" />
      <TestMethod codeBase="D:/GreedKata/GreedKata.Test/bin/Debug/GreedKata.Test.DLL" adapterTypeName="Microsoft.VisualStudio.TestTools.TestTypes.Unit.UnitTestAdapter, Microsoft.VisualStudio.QualityTools.Tips.UnitTest.Adapter, Version=10.0.0.0, Culture=neutral, PublicKeyToken=b03f5f7f11d50a3a" className="GreedKata.Test.ScoreCalculation.WhenCalculatingTheScore, GreedKata.Test, Version=1.0.0.0, Culture=neutral, PublicKeyToken=null" name="AndTheOneFiveRuleIsMatched" />
    </UnitTest>
    <UnitTest name="AndTheThreeOnesAndOneFiveRulesAreMatched" storage="d:\greedkata\greedkata.test\bin\debug\greedkata.test.dll" id="7255818f-c892-55a9-aa7f-3ba2451b4768">
      <Execution id="e59eee8f-cf33-487d-aa9d-1a38376ddab2" />
      <TestMethod codeBase="D:/GreedKata/GreedKata.Test/bin/Debug/GreedKata.Test.DLL" adapterTypeName="Microsoft.VisualStudio.TestTools.TestTypes.Unit.UnitTestAdapter, Microsoft.VisualStudio.QualityTools.Tips.UnitTest.Adapter, Version=10.0.0.0, Culture=neutral, PublicKeyToken=b03f5f7f11d50a3a" className="GreedKata.Test.ScoreCalculation.WhenCalculatingTheScore, GreedKata.Test, Version=1.0.0.0, Culture=neutral, PublicKeyToken=null" name="AndTheThreeOnesAndOneFiveRulesAreMatched" />
    </UnitTest>
    <UnitTest name="NoDiceWithTheValueToMatchReturnsFalse" storage="d:\greedkata\greedkata.test\bin\debug\greedkata.test.dll" id="19bb8d38-09db-b45c-d97a-d557506c887a">
      <Execution id="cd524c15-297c-4188-b03e-8008bf300197" />
      <TestMethod codeBase="D:/GreedKata/GreedKata.Test/bin/Debug/GreedKata.Test.DLL" adapterTypeName="Microsoft.VisualStudio.TestTools.TestTypes.Unit.UnitTestAdapter, Microsoft.VisualStudio.QualityTools.Tips.UnitTest.Adapter, Version=10.0.0.0, Culture=neutral, PublicKeyToken=b03f5f7f11d50a3a" className="GreedKata.Test.Rules.WhenMatchingOneDie, GreedKata.Test, Version=1.0.0.0, Culture=neutral, PublicKeyToken=null" name="NoDiceWithTheValueToMatchReturnsFalse" />
    </UnitTest>
    <UnitTest name="AndNoRulesAreMatched" storage="d:\greedkata\greedkata.test\bin\debug\greedkata.test.dll" id="efd49c58-fd7b-53ca-9b39-f32fa3d40890">
      <Execution id="b458c28e-bdd3-470d-8e35-c201f5c2e132" />
      <TestMethod codeBase="D:/GreedKata/GreedKata.Test/bin/Debug/GreedKata.Test.DLL" adapterTypeName="Microsoft.VisualStudio.TestTools.TestTypes.Unit.UnitTestAdapter, Microsoft.VisualStudio.QualityTools.Tips.UnitTest.Adapter, Version=10.0.0.0, Culture=neutral, PublicKeyToken=b03f5f7f11d50a3a" className="GreedKata.Test.ScoreCalculation.WhenCalculatingTheScore, GreedKata.Test, Version=1.0.0.0, Culture=neutral, PublicKeyToken=null" name="AndNoRulesAreMatched" />
    </UnitTest>
    <UnitTest name="FourDiceWithTheValueToMatchReturnsTrue" storage="d:\greedkata\greedkata.test\bin\debug\greedkata.test.dll" id="bef0335e-32e6-07a2-f7b0-f8b5481ddd3e">
      <Execution id="ddbbc2e8-3603-49a3-8e38-7adfe709d2a2" />
      <TestMethod codeBase="D:/GreedKata/GreedKata.Test/bin/Debug/GreedKata.Test.DLL" adapterTypeName="Microsoft.VisualStudio.TestTools.TestTypes.Unit.UnitTestAdapter, Microsoft.VisualStudio.QualityTools.Tips.UnitTest.Adapter, Version=10.0.0.0, Culture=neutral, PublicKeyToken=b03f5f7f11d50a3a" className="GreedKata.Test.Rules.WhenMatchingThreeDiceWithTheSameValue, GreedKata.Test, Version=1.0.0.0, Culture=neutral, PublicKeyToken=null" name="FourDiceWithTheValueToMatchReturnsTrue" />
    </UnitTest>
    <UnitTest name="AndTheThreeSixesRuleIsMatched" storage="d:\greedkata\greedkata.test\bin\debug\greedkata.test.dll" id="fc13ee49-bfaf-6222-1eb6-68d3562aa4fa">
      <Execution id="c2e023d1-2243-4264-8355-946142e71f2b" />
      <TestMethod codeBase="D:/GreedKata/GreedKata.Test/bin/Debug/GreedKata.Test.DLL" adapterTypeName="Microsoft.VisualStudio.TestTools.TestTypes.Unit.UnitTestAdapter, Microsoft.VisualStudio.QualityTools.Tips.UnitTest.Adapter, Version=10.0.0.0, Culture=neutral, PublicKeyToken=b03f5f7f11d50a3a" className="GreedKata.Test.ScoreCalculation.WhenCalculatingTheScore, GreedKata.Test, Version=1.0.0.0, Culture=neutral, PublicKeyToken=null" name="AndTheThreeSixesRuleIsMatched" />
    </UnitTest>
    <UnitTest name="AndTheOneOneIsMatchedTwice" storage="d:\greedkata\greedkata.test\bin\debug\greedkata.test.dll" id="1673a8a4-378a-d742-b5f3-241ce0570854">
      <Execution id="0047a098-3553-4093-8ab9-c4b8a29403b4" />
      <TestMethod codeBase="D:/GreedKata/GreedKata.Test/bin/Debug/GreedKata.Test.DLL" adapterTypeName="Microsoft.VisualStudio.TestTools.TestTypes.Unit.UnitTestAdapter, Microsoft.VisualStudio.QualityTools.Tips.UnitTest.Adapter, Version=10.0.0.0, Culture=neutral, PublicKeyToken=b03f5f7f11d50a3a" className="GreedKata.Test.ScoreCalculation.WhenCalculatingTheScore, GreedKata.Test, Version=1.0.0.0, Culture=neutral, PublicKeyToken=null" name="AndTheOneOneIsMatchedTwice" />
    </UnitTest>
    <UnitTest name="TheRuleValueCanBeLookedUp" storage="d:\greedkata\greedkata.test\bin\debug\greedkata.test.dll" id="f5a66eed-0f35-c989-399d-19a782d6ddc0">
      <Execution id="728a0b5d-312e-4835-9216-7bc78e71fd3f" />
      <TestMethod codeBase="D:/GreedKata/GreedKata.Test/bin/Debug/GreedKata.Test.DLL" adapterTypeName="Microsoft.VisualStudio.TestTools.TestTypes.Unit.UnitTestAdapter, Microsoft.VisualStudio.QualityTools.Tips.UnitTest.Adapter, Version=10.0.0.0, Culture=neutral, PublicKeyToken=b03f5f7f11d50a3a" className="GreedKata.Test.Rules.WhenMatchingThreeDiceWithTheSameValue, GreedKata.Test, Version=1.0.0.0, Culture=neutral, PublicKeyToken=null" name="TheRuleValueCanBeLookedUp" />
    </UnitTest>
    <UnitTest name="AndTheThreeThreesAndOneFiveRulesAreMatched" storage="d:\greedkata\greedkata.test\bin\debug\greedkata.test.dll" id="c143b250-1b85-0f8d-d9aa-91fbb8d4803b">
      <Execution id="fbc66ee9-127e-48e9-b3ce-e441e5095041" />
      <TestMethod codeBase="D:/GreedKata/GreedKata.Test/bin/Debug/GreedKata.Test.DLL" adapterTypeName="Microsoft.VisualStudio.TestTools.TestTypes.Unit.UnitTestAdapter, Microsoft.VisualStudio.QualityTools.Tips.UnitTest.Adapter, Version=10.0.0.0, Culture=neutral, PublicKeyToken=b03f5f7f11d50a3a" className="GreedKata.Test.ScoreCalculation.WhenCalculatingTheScore, GreedKata.Test, Version=1.0.0.0, Culture=neutral, PublicKeyToken=null" name="AndTheThreeThreesAndOneFiveRulesAreMatched" />
    </UnitTest>
    <UnitTest name="NoDiceWithTheValueToMatchReturnsFalse" storage="d:\greedkata\greedkata.test\bin\debug\greedkata.test.dll" id="cdd011d7-65ff-d1a2-8b99-24ac44f008b5">
      <Execution id="648ca409-ad7d-419f-836a-2cb7519eff38" />
      <TestMethod codeBase="D:/GreedKata/GreedKata.Test/bin/Debug/GreedKata.Test.DLL" adapterTypeName="Microsoft.VisualStudio.TestTools.TestTypes.Unit.UnitTestAdapter, Microsoft.VisualStudio.QualityTools.Tips.UnitTest.Adapter, Version=10.0.0.0, Culture=neutral, PublicKeyToken=b03f5f7f11d50a3a" className="GreedKata.Test.Rules.WhenMatchingThreeDiceWithTheSameValue, GreedKata.Test, Version=1.0.0.0, Culture=neutral, PublicKeyToken=null" name="NoDiceWithTheValueToMatchReturnsFalse" />
    </UnitTest>
    <UnitTest name="AndTheThreeOnesRuleIsMatched" storage="d:\greedkata\greedkata.test\bin\debug\greedkata.test.dll" id="5f2aac0f-1b8f-d439-09a1-caeca311e810">
      <Execution id="bd793b60-6614-473a-b3f1-5ee9d7c95543" />
      <TestMethod codeBase="D:/GreedKata/GreedKata.Test/bin/Debug/GreedKata.Test.DLL" adapterTypeName="Microsoft.VisualStudio.TestTools.TestTypes.Unit.UnitTestAdapter, Microsoft.VisualStudio.QualityTools.Tips.UnitTest.Adapter, Version=10.0.0.0, Culture=neutral, PublicKeyToken=b03f5f7f11d50a3a" className="GreedKata.Test.ScoreCalculation.WhenCalculatingTheScore, GreedKata.Test, Version=1.0.0.0, Culture=neutral, PublicKeyToken=null" name="AndTheThreeOnesRuleIsMatched" />
    </UnitTest>
    <UnitTest name="AndTheThreeFivesRuleIsMatchedTheOneFiveIsMatchedTwice" storage="d:\greedkata\greedkata.test\bin\debug\greedkata.test.dll" id="62d6ee5f-c464-4ca7-03e8-eeb4a2911936">
      <Execution id="4b20face-b6e3-44d2-87a9-a53e5faa0118" />
      <TestMethod codeBase="D:/GreedKata/GreedKata.Test/bin/Debug/GreedKata.Test.DLL" adapterTypeName="Microsoft.VisualStudio.TestTools.TestTypes.Unit.UnitTestAdapter, Microsoft.VisualStudio.QualityTools.Tips.UnitTest.Adapter, Version=10.0.0.0, Culture=neutral, PublicKeyToken=b03f5f7f11d50a3a" className="GreedKata.Test.ScoreCalculation.WhenCalculatingTheScore, GreedKata.Test, Version=1.0.0.0, Culture=neutral, PublicKeyToken=null" name="AndTheThreeFivesRuleIsMatchedTheOneFiveIsMatchedTwice" />
    </UnitTest>
    <UnitTest name="AndTheThreeThreesRuleIsMatched" storage="d:\greedkata\greedkata.test\bin\debug\greedkata.test.dll" id="cdba51be-4aaa-1bf6-a1a0-42dfd4c54dd0">
      <Execution id="dbd2e128-1172-47f5-a20a-43a7d8810bff" />
      <TestMethod codeBase="D:/GreedKata/GreedKata.Test/bin/Debug/GreedKata.Test.DLL" adapterTypeName="Microsoft.VisualStudio.TestTools.TestTypes.Unit.UnitTestAdapter, Microsoft.VisualStudio.QualityTools.Tips.UnitTest.Adapter, Version=10.0.0.0, Culture=neutral, PublicKeyToken=b03f5f7f11d50a3a" className="GreedKata.Test.ScoreCalculation.WhenCalculatingTheScore, GreedKata.Test, Version=1.0.0.0, Culture=neutral, PublicKeyToken=null" name="AndTheThreeThreesRuleIsMatched" />
    </UnitTest>
    <UnitTest name="AndTheThreeFivesRuleIsMatched" storage="d:\greedkata\greedkata.test\bin\debug\greedkata.test.dll" id="36dd9b67-a4ad-c710-f2b2-b218d79a554a">
      <Execution id="d07935e7-45eb-4d1a-8354-11c74527755e" />
      <TestMethod codeBase="D:/GreedKata/GreedKata.Test/bin/Debug/GreedKata.Test.DLL" adapterTypeName="Microsoft.VisualStudio.TestTools.TestTypes.Unit.UnitTestAdapter, Microsoft.VisualStudio.QualityTools.Tips.UnitTest.Adapter, Version=10.0.0.0, Culture=neutral, PublicKeyToken=b03f5f7f11d50a3a" className="GreedKata.Test.ScoreCalculation.WhenCalculatingTheScore, GreedKata.Test, Version=1.0.0.0, Culture=neutral, PublicKeyToken=null" name="AndTheThreeFivesRuleIsMatched" />
    </UnitTest>
    <UnitTest name="RandomDiceAreRetrieved" storage="d:\greedkata\greedkata.test\bin\debug\greedkata.test.dll" id="4e326c1d-dd85-aa8e-2dc5-6bbbc9775777">
      <Execution id="368c743b-9e51-48b1-b9d4-38cb4d7e93f8" />
      <TestMethod codeBase="D:/GreedKata/GreedKata.Test/bin/Debug/GreedKata.Test.DLL" adapterTypeName="Microsoft.VisualStudio.TestTools.TestTypes.Unit.UnitTestAdapter, Microsoft.VisualStudio.QualityTools.Tips.UnitTest.Adapter, Version=10.0.0.0, Culture=neutral, PublicKeyToken=b03f5f7f11d50a3a" className="GreedKata.Test.Game.WhenRollingDice, GreedKata.Test, Version=1.0.0.0, Culture=neutral, PublicKeyToken=null" name="RandomDiceAreRetrieved" />
    </UnitTest>
    <UnitTest name="AtLeastOneDieWithTheValueToMatchReturnsTrue" storage="d:\greedkata\greedkata.test\bin\debug\greedkata.test.dll" id="7b6ee3fd-918a-1385-912b-acc296b40e7b">
      <Execution id="b2bd45ca-5c4b-44a7-9246-726b8d4d87b5" />
      <TestMethod codeBase="D:/GreedKata/GreedKata.Test/bin/Debug/GreedKata.Test.DLL" adapterTypeName="Microsoft.VisualStudio.TestTools.TestTypes.Unit.UnitTestAdapter, Microsoft.VisualStudio.QualityTools.Tips.UnitTest.Adapter, Version=10.0.0.0, Culture=neutral, PublicKeyToken=b03f5f7f11d50a3a" className="GreedKata.Test.Rules.WhenMatchingOneDie, GreedKata.Test, Version=1.0.0.0, Culture=neutral, PublicKeyToken=null" name="AtLeastOneDieWithTheValueToMatchReturnsTrue" />
    </UnitTest>
  </TestDefinitions>
  <TestLists>
    <TestList name="Results Not in a List" id="8c84fa94-04c1-424b-9868-57a2d4851a1d" />
    <TestList name="All Loaded Results" id="19431567-8539-422a-85d7-44ee4e166bda" />
  </TestLists>
  <TestEntries>
    <TestEntry testId="1673a8a4-378a-d742-b5f3-241ce0570854" executionId="0047a098-3553-4093-8ab9-c4b8a29403b4" testListId="8c84fa94-04c1-424b-9868-57a2d4851a1d" />
    <TestEntry testId="19bb8d38-09db-b45c-d97a-d557506c887a" executionId="cd524c15-297c-4188-b03e-8008bf300197" testListId="8c84fa94-04c1-424b-9868-57a2d4851a1d" />
    <TestEntry testId="20c0f5d0-691a-e093-e521-9234ae60aed1" executionId="b64fcafc-002b-406d-95ad-a2d84d9c6974" testListId="8c84fa94-04c1-424b-9868-57a2d4851a1d" />
    <TestEntry testId="36dd9b67-a4ad-c710-f2b2-b218d79a554a" executionId="d07935e7-45eb-4d1a-8354-11c74527755e" testListId="8c84fa94-04c1-424b-9868-57a2d4851a1d" />
    <TestEntry testId="4e326c1d-dd85-aa8e-2dc5-6bbbc9775777" executionId="368c743b-9e51-48b1-b9d4-38cb4d7e93f8" testListId="8c84fa94-04c1-424b-9868-57a2d4851a1d" />
    <TestEntry testId="5aaf4d04-efc5-db88-0b8a-b55d52a9660c" executionId="28fe2773-df07-4a33-914e-438886e85343" testListId="8c84fa94-04c1-424b-9868-57a2d4851a1d" />
    <TestEntry testId="5f2aac0f-1b8f-d439-09a1-caeca311e810" executionId="bd793b60-6614-473a-b3f1-5ee9d7c95543" testListId="8c84fa94-04c1-424b-9868-57a2d4851a1d" />
    <TestEntry testId="62d6ee5f-c464-4ca7-03e8-eeb4a2911936" executionId="4b20face-b6e3-44d2-87a9-a53e5faa0118" testListId="8c84fa94-04c1-424b-9868-57a2d4851a1d" />
    <TestEntry testId="7255818f-c892-55a9-aa7f-3ba2451b4768" executionId="e59eee8f-cf33-487d-aa9d-1a38376ddab2" testListId="8c84fa94-04c1-424b-9868-57a2d4851a1d" />
    <TestEntry testId="75790c8d-f6b0-593d-b258-d4c6454a9a2b" executionId="eb7782e2-49ea-4003-9bb7-23445fb13065" testListId="8c84fa94-04c1-424b-9868-57a2d4851a1d" />
    <TestEntry testId="778be0c6-fe55-a457-31a7-bcb21ead00f6" executionId="6f853447-cf1c-4f90-bbd4-9e7ba38c9f4d" testListId="8c84fa94-04c1-424b-9868-57a2d4851a1d" />
    <TestEntry testId="7b6ee3fd-918a-1385-912b-acc296b40e7b" executionId="b2bd45ca-5c4b-44a7-9246-726b8d4d87b5" testListId="8c84fa94-04c1-424b-9868-57a2d4851a1d" />
    <TestEntry testId="8bc84bc3-f5ff-1528-80bb-3bed49d3fcd8" executionId="723400b1-a98c-4fbc-a6b3-d7ba6c005104" testListId="8c84fa94-04c1-424b-9868-57a2d4851a1d" />
    <TestEntry testId="9343120d-9a61-e87b-64b1-f423d535d4a9" executionId="530c71a1-6115-47ba-b579-48fe22b381f6" testListId="8c84fa94-04c1-424b-9868-57a2d4851a1d" />
    <TestEntry testId="9ca15271-9dd2-94e2-4ff8-7700ef0feab3" executionId="86ef99b9-e67f-40f4-98c8-d6d7ad83cab0" testListId="8c84fa94-04c1-424b-9868-57a2d4851a1d" />
    <TestEntry testId="b494e56d-9a80-37be-f315-4879f38f7ae2" executionId="5686839b-db8a-490d-b3a7-cab35d63c50e" testListId="8c84fa94-04c1-424b-9868-57a2d4851a1d" />
    <TestEntry testId="bef0335e-32e6-07a2-f7b0-f8b5481ddd3e" executionId="ddbbc2e8-3603-49a3-8e38-7adfe709d2a2" testListId="8c84fa94-04c1-424b-9868-57a2d4851a1d" />
    <TestEntry testId="c042c0ad-a16d-b763-65dd-f31d6cf2d950" executionId="cf09bf36-95e9-4c32-ab51-427c0590beb1" testListId="8c84fa94-04c1-424b-9868-57a2d4851a1d" />
    <TestEntry testId="c143b250-1b85-0f8d-d9aa-91fbb8d4803b" executionId="fbc66ee9-127e-48e9-b3ce-e441e5095041" testListId="8c84fa94-04c1-424b-9868-57a2d4851a1d" />
    <TestEntry testId="c5f6d443-3c49-66fe-1fb3-4e72bcadae47" executionId="aa5a0384-e062-40d7-902e-c9d767402db2" testListId="8c84fa94-04c1-424b-9868-57a2d4851a1d" />
    <TestEntry testId="cdba51be-4aaa-1bf6-a1a0-42dfd4c54dd0" executionId="dbd2e128-1172-47f5-a20a-43a7d8810bff" testListId="8c84fa94-04c1-424b-9868-57a2d4851a1d" />
    <TestEntry testId="cdd011d7-65ff-d1a2-8b99-24ac44f008b5" executionId="648ca409-ad7d-419f-836a-2cb7519eff38" testListId="8c84fa94-04c1-424b-9868-57a2d4851a1d" />
    <TestEntry testId="efd49c58-fd7b-53ca-9b39-f32fa3d40890" executionId="b458c28e-bdd3-470d-8e35-c201f5c2e132" testListId="8c84fa94-04c1-424b-9868-57a2d4851a1d" />
    <TestEntry testId="f5a66eed-0f35-c989-399d-19a782d6ddc0" executionId="728a0b5d-312e-4835-9216-7bc78e71fd3f" testListId="8c84fa94-04c1-424b-9868-57a2d4851a1d" />
    <TestEntry testId="fc13ee49-bfaf-6222-1eb6-68d3562aa4fa" executionId="c2e023d1-2243-4264-8355-946142e71f2b" testListId="8c84fa94-04c1-424b-9868-57a2d4851a1d" />
  </TestEntries>
  <Results>
    <UnitTestResult executionId="0047a098-3553-4093-8ab9-c4b8a29403b4" testId="1673a8a4-378a-d742-b5f3-241ce0570854" testName="AndTheOneOneIsMatchedTwice" computerName="LAPTOP" duration="00:00:00.0332362" startTime="2012-04-14T22:01:00.8120000-04:00" endTime="2012-04-14T22:01:01.2700000-04:00" testType="13cdc9d9-ddb5-4fa4-a97d-d965ccfc6d4b" outcome="Passed" testListId="8c84fa94-04c1-424b-9868-57a2d4851a1d" relativeResultsDirectory="0047a098-3553-4093-8ab9-c4b8a29403b4">
    </UnitTestResult>
    <UnitTestResult executionId="cd524c15-297c-4188-b03e-8008bf300197" testId="19bb8d38-09db-b45c-d97a-d557506c887a" testName="NoDiceWithTheValueToMatchReturnsFalse" computerName="LAPTOP" duration="00:00:00.0052603" startTime="2012-04-14T22:01:01.2800000-04:00" endTime="2012-04-14T22:01:01.3110000-04:00" testType="13cdc9d9-ddb5-4fa4-a97d-d965ccfc6d4b" outcome="Passed" testListId="8c84fa94-04c1-424b-9868-57a2d4851a1d" relativeResultsDirectory="cd524c15-297c-4188-b03e-8008bf300197">
    </UnitTestResult>
    <UnitTestResult executionId="b64fcafc-002b-406d-95ad-a2d84d9c6974" testId="20c0f5d0-691a-e093-e521-9234ae60aed1" testName="AndTheThreeTwosRuleIsMatched" computerName="LAPTOP" duration="00:00:00.0005426" startTime="2012-04-14T22:01:01.3120000-04:00" endTime="2012-04-14T22:01:01.3360000-04:00" testType="13cdc9d9-ddb5-4fa4-a97d-d965ccfc6d4b" outcome="Passed" testListId="8c84fa94-04c1-424b-9868-57a2d4851a1d" relativeResultsDirectory="b64fcafc-002b-406d-95ad-a2d84d9c6974">
    </UnitTestResult>
    <UnitTestResult executionId="d07935e7-45eb-4d1a-8354-11c74527755e" testId="36dd9b67-a4ad-c710-f2b2-b218d79a554a" testName="AndTheThreeFivesRuleIsMatched" computerName="LAPTOP" duration="00:00:00.0011552" startTime="2012-04-14T22:01:01.3420000-04:00" endTime="2012-04-14T22:01:01.3610000-04:00" testType="13cdc9d9-ddb5-4fa4-a97d-d965ccfc6d4b" outcome="Passed" testListId="8c84fa94-04c1-424b-9868-57a2d4851a1d" relativeResultsDirectory="d07935e7-45eb-4d1a-8354-11c74527755e">
    </UnitTestResult>
    <UnitTestResult executionId="368c743b-9e51-48b1-b9d4-38cb4d7e93f8" testId="4e326c1d-dd85-aa8e-2dc5-6bbbc9775777" testName="RandomDiceAreRetrieved" computerName="LAPTOP" duration="00:00:00.2824388" startTime="2012-04-14T22:01:01.3630000-04:00" endTime="2012-04-14T22:01:01.6650000-04:00" testType="13cdc9d9-ddb5-4fa4-a97d-d965ccfc6d4b" outcome="Failed" testListId="8c84fa94-04c1-424b-9868-57a2d4851a1d" relativeResultsDirectory="368c743b-9e51-48b1-b9d4-38cb4d7e93f8">
      <Output>
        <ErrorInfo>
          <Message>Test method GreedKata.Test.Game.WhenRollingDice.RandomDiceAreRetrieved threw exception: 
Moq.MockException: 
Expected invocation on the mock at least once, but was never performed: x =&gt; x.Create()
No setups configured.
No invocations performed.</Message>
          <StackTrace>    at Moq.Mock.ThrowVerifyException(MethodCall expected, IEnumerable`1 setups, IEnumerable`1 actualCalls, Expression expression, Times times, Int32 callCount)
   at Moq.Mock.VerifyCalls(Interceptor targetInterceptor, MethodCall expected, Expression expression, Times times)
   at Moq.Mock.Verify[T,TResult](Mock mock, Expression`1 expression, Times times, String failMessage)
   at Moq.Mock`1.Verify[TResult](Expression`1 expression)
   at GreedKata.Test.Game.WhenRollingDice.RandomDiceAreRetrieved() in D:\GreedKata\GreedKata.Test\Game\WhenRollingDice.cs:line 32
</StackTrace>
        </ErrorInfo>
      </Output>
    </UnitTestResult>
    <UnitTestResult executionId="28fe2773-df07-4a33-914e-438886e85343" testId="5aaf4d04-efc5-db88-0b8a-b55d52a9660c" testName="AndTheOneFiveRuleIsMatchedTheOneOneIsMatchedTwice" computerName="LAPTOP" duration="00:00:00.0012282" startTime="2012-04-14T22:01:01.6690000-04:00" endTime="2012-04-14T22:01:01.6840000-04:00" testType="13cdc9d9-ddb5-4fa4-a97d-d965ccfc6d4b" outcome="Passed" testListId="8c84fa94-04c1-424b-9868-57a2d4851a1d" relativeResultsDirectory="28fe2773-df07-4a33-914e-438886e85343">
    </UnitTestResult>
    <UnitTestResult executionId="bd793b60-6614-473a-b3f1-5ee9d7c95543" testId="5f2aac0f-1b8f-d439-09a1-caeca311e810" testName="AndTheThreeOnesRuleIsMatched" computerName="LAPTOP" duration="00:00:00.0012450" startTime="2012-04-14T22:01:01.6860000-04:00" endTime="2012-04-14T22:01:01.7010000-04:00" testType="13cdc9d9-ddb5-4fa4-a97d-d965ccfc6d4b" outcome="Passed" testListId="8c84fa94-04c1-424b-9868-57a2d4851a1d" relativeResultsDirectory="bd793b60-6614-473a-b3f1-5ee9d7c95543">
    </UnitTestResult>
    <UnitTestResult executionId="4b20face-b6e3-44d2-87a9-a53e5faa0118" testId="62d6ee5f-c464-4ca7-03e8-eeb4a2911936" testName="AndTheThreeFivesRuleIsMatchedTheOneFiveIsMatchedTwice" computerName="LAPTOP" duration="00:00:00.0072933" startTime="2012-04-14T22:01:01.7030000-04:00" endTime="2012-04-14T22:01:01.7380000-04:00" testType="13cdc9d9-ddb5-4fa4-a97d-d965ccfc6d4b" outcome="Passed" testListId="8c84fa94-04c1-424b-9868-57a2d4851a1d" relativeResultsDirectory="4b20face-b6e3-44d2-87a9-a53e5faa0118">
    </UnitTestResult>
    <UnitTestResult executionId="e59eee8f-cf33-487d-aa9d-1a38376ddab2" testId="7255818f-c892-55a9-aa7f-3ba2451b4768" testName="AndTheThreeOnesAndOneFiveRulesAreMatched" computerName="LAPTOP" duration="00:00:00.0012576" startTime="2012-04-14T22:01:01.7400000-04:00" endTime="2012-04-14T22:01:01.7570000-04:00" testType="13cdc9d9-ddb5-4fa4-a97d-d965ccfc6d4b" outcome="Passed" testListId="8c84fa94-04c1-424b-9868-57a2d4851a1d" relativeResultsDirectory="e59eee8f-cf33-487d-aa9d-1a38376ddab2">
    </UnitTestResult>
    <UnitTestResult executionId="eb7782e2-49ea-4003-9bb7-23445fb13065" testId="75790c8d-f6b0-593d-b258-d4c6454a9a2b" testName="TheRuleValueCanBeLookedUp" computerName="LAPTOP" duration="00:00:00.0003234" startTime="2012-04-14T22:01:01.7590000-04:00" endTime="2012-04-14T22:01:01.7660000-04:00" testType="13cdc9d9-ddb5-4fa4-a97d-d965ccfc6d4b" outcome="Passed" testListId="8c84fa94-04c1-424b-9868-57a2d4851a1d" relativeResultsDirectory="eb7782e2-49ea-4003-9bb7-23445fb13065">
    </UnitTestResult>
    <UnitTestResult executionId="6f853447-cf1c-4f90-bbd4-9e7ba38c9f4d" testId="778be0c6-fe55-a457-31a7-bcb21ead00f6" testName="AndTheOneFiveRuleIsMatched" computerName="LAPTOP" duration="00:00:00.0079491" startTime="2012-04-14T22:01:01.7680000-04:00" endTime="2012-04-14T22:01:01.7990000-04:00" testType="13cdc9d9-ddb5-4fa4-a97d-d965ccfc6d4b" outcome="Passed" testListId="8c84fa94-04c1-424b-9868-57a2d4851a1d" relativeResultsDirectory="6f853447-cf1c-4f90-bbd4-9e7ba38c9f4d">
    </UnitTestResult>
    <UnitTestResult executionId="b2bd45ca-5c4b-44a7-9246-726b8d4d87b5" testId="7b6ee3fd-918a-1385-912b-acc296b40e7b" testName="AtLeastOneDieWithTheValueToMatchReturnsTrue" computerName="LAPTOP" duration="00:00:00.0013641" startTime="2012-04-14T22:01:01.8010000-04:00" endTime="2012-04-14T22:01:01.8170000-04:00" testType="13cdc9d9-ddb5-4fa4-a97d-d965ccfc6d4b" outcome="Passed" testListId="8c84fa94-04c1-424b-9868-57a2d4851a1d" relativeResultsDirectory="b2bd45ca-5c4b-44a7-9246-726b8d4d87b5">
    </UnitTestResult>
    <UnitTestResult executionId="723400b1-a98c-4fbc-a6b3-d7ba6c005104" testId="8bc84bc3-f5ff-1528-80bb-3bed49d3fcd8" testName="AndBothFiveRulesAreMatched" computerName="LAPTOP" duration="00:00:00.0034283" startTime="2012-04-14T22:01:01.8190000-04:00" endTime="2012-04-14T22:01:01.8410000-04:00" testType="13cdc9d9-ddb5-4fa4-a97d-d965ccfc6d4b" outcome="Passed" testListId="8c84fa94-04c1-424b-9868-57a2d4851a1d" relativeResultsDirectory="723400b1-a98c-4fbc-a6b3-d7ba6c005104">
    </UnitTestResult>
    <UnitTestResult executionId="530c71a1-6115-47ba-b579-48fe22b381f6" testId="9343120d-9a61-e87b-64b1-f423d535d4a9" testName="OneDieWithTheValueToMatchReturnsFalse" computerName="LAPTOP" duration="00:00:00.0004854" startTime="2012-04-14T22:01:01.8430000-04:00" endTime="2012-04-14T22:01:01.8560000-04:00" testType="13cdc9d9-ddb5-4fa4-a97d-d965ccfc6d4b" outcome="Passed" testListId="8c84fa94-04c1-424b-9868-57a2d4851a1d" relativeResultsDirectory="530c71a1-6115-47ba-b579-48fe22b381f6">
    </UnitTestResult>
    <UnitTestResult executionId="86ef99b9-e67f-40f4-98c8-d6d7ad83cab0" testId="9ca15271-9dd2-94e2-4ff8-7700ef0feab3" testName="AndTheThreeFoursRuleIsMatched" computerName="LAPTOP" duration="00:00:00.0003216" startTime="2012-04-14T22:01:01.8580000-04:00" endTime="2012-04-14T22:01:01.8680000-04:00" testType="13cdc9d9-ddb5-4fa4-a97d-d965ccfc6d4b" outcome="Passed" testListId="8c84fa94-04c1-424b-9868-57a2d4851a1d" relativeResultsDirectory="86ef99b9-e67f-40f4-98c8-d6d7ad83cab0">
    </UnitTestResult>
    <UnitTestResult executionId="5686839b-db8a-490d-b3a7-cab35d63c50e" testId="b494e56d-9a80-37be-f315-4879f38f7ae2" testName="ThreeDiceWithTheValueToMatchReturnsTrue" computerName="LAPTOP" duration="00:00:00.0002564" startTime="2012-04-14T22:01:01.8690000-04:00" endTime="2012-04-14T22:01:01.8780000-04:00" testType="13cdc9d9-ddb5-4fa4-a97d-d965ccfc6d4b" outcome="Passed" testListId="8c84fa94-04c1-424b-9868-57a2d4851a1d" relativeResultsDirectory="5686839b-db8a-490d-b3a7-cab35d63c50e">
    </UnitTestResult>
    <UnitTestResult executionId="ddbbc2e8-3603-49a3-8e38-7adfe709d2a2" testId="bef0335e-32e6-07a2-f7b0-f8b5481ddd3e" testName="FourDiceWithTheValueToMatchReturnsTrue" computerName="LAPTOP" duration="00:00:00.0003509" startTime="2012-04-14T22:01:01.8790000-04:00" endTime="2012-04-14T22:01:01.8880000-04:00" testType="13cdc9d9-ddb5-4fa4-a97d-d965ccfc6d4b" outcome="Passed" testListId="8c84fa94-04c1-424b-9868-57a2d4851a1d" relativeResultsDirectory="ddbbc2e8-3603-49a3-8e38-7adfe709d2a2">
    </UnitTestResult>
    <UnitTestResult executionId="cf09bf36-95e9-4c32-ab51-427c0590beb1" testId="c042c0ad-a16d-b763-65dd-f31d6cf2d950" testName="AndTheOneOneRuleIsMatched" computerName="LAPTOP" duration="00:00:00.0003253" startTime="2012-04-14T22:01:01.8900000-04:00" endTime="2012-04-14T22:01:01.8980000-04:00" testType="13cdc9d9-ddb5-4fa4-a97d-d965ccfc6d4b" outcome="Passed" testListId="8c84fa94-04c1-424b-9868-57a2d4851a1d" relativeResultsDirectory="cf09bf36-95e9-4c32-ab51-427c0590beb1">
    </UnitTestResult>
    <UnitTestResult executionId="fbc66ee9-127e-48e9-b3ce-e441e5095041" testId="c143b250-1b85-0f8d-d9aa-91fbb8d4803b" testName="AndTheThreeThreesAndOneFiveRulesAreMatched" computerName="LAPTOP" duration="00:00:00.0003258" startTime="2012-04-14T22:01:01.9000000-04:00" endTime="2012-04-14T22:01:01.9110000-04:00" testType="13cdc9d9-ddb5-4fa4-a97d-d965ccfc6d4b" outcome="Passed" testListId="8c84fa94-04c1-424b-9868-57a2d4851a1d" relativeResultsDirectory="fbc66ee9-127e-48e9-b3ce-e441e5095041">
    </UnitTestResult>
    <UnitTestResult executionId="aa5a0384-e062-40d7-902e-c9d767402db2" testId="c5f6d443-3c49-66fe-1fb3-4e72bcadae47" testName="TheScoreIsCalculated" computerName="LAPTOP" duration="00:00:00.0396327" startTime="2012-04-14T22:01:01.9120000-04:00" endTime="2012-04-14T22:01:01.9600000-04:00" testType="13cdc9d9-ddb5-4fa4-a97d-d965ccfc6d4b" outcome="Passed" testListId="8c84fa94-04c1-424b-9868-57a2d4851a1d" relativeResultsDirectory="aa5a0384-e062-40d7-902e-c9d767402db2">
    </UnitTestResult>
    <UnitTestResult executionId="dbd2e128-1172-47f5-a20a-43a7d8810bff" testId="cdba51be-4aaa-1bf6-a1a0-42dfd4c54dd0" testName="AndTheThreeThreesRuleIsMatched" computerName="LAPTOP" duration="00:00:00.0003239" startTime="2012-04-14T22:01:01.9610000-04:00" endTime="2012-04-14T22:01:01.9700000-04:00" testType="13cdc9d9-ddb5-4fa4-a97d-d965ccfc6d4b" outcome="Passed" testListId="8c84fa94-04c1-424b-9868-57a2d4851a1d" relativeResultsDirectory="dbd2e128-1172-47f5-a20a-43a7d8810bff">
    </UnitTestResult>
    <UnitTestResult executionId="648ca409-ad7d-419f-836a-2cb7519eff38" testId="cdd011d7-65ff-d1a2-8b99-24ac44f008b5" testName="NoDiceWithTheValueToMatchReturnsFalse" computerName="LAPTOP" duration="00:00:00.0002666" startTime="2012-04-14T22:01:01.9720000-04:00" endTime="2012-04-14T22:01:01.9830000-04:00" testType="13cdc9d9-ddb5-4fa4-a97d-d965ccfc6d4b" outcome="Passed" testListId="8c84fa94-04c1-424b-9868-57a2d4851a1d" relativeResultsDirectory="648ca409-ad7d-419f-836a-2cb7519eff38">
    </UnitTestResult>
    <UnitTestResult executionId="b458c28e-bdd3-470d-8e35-c201f5c2e132" testId="efd49c58-fd7b-53ca-9b39-f32fa3d40890" testName="AndNoRulesAreMatched" computerName="LAPTOP" duration="00:00:00.0003230" startTime="2012-04-14T22:01:01.9850000-04:00" endTime="2012-04-14T22:01:01.9930000-04:00" testType="13cdc9d9-ddb5-4fa4-a97d-d965ccfc6d4b" outcome="Passed" testListId="8c84fa94-04c1-424b-9868-57a2d4851a1d" relativeResultsDirectory="b458c28e-bdd3-470d-8e35-c201f5c2e132">
    </UnitTestResult>
    <UnitTestResult executionId="728a0b5d-312e-4835-9216-7bc78e71fd3f" testId="f5a66eed-0f35-c989-399d-19a782d6ddc0" testName="TheRuleValueCanBeLookedUp" computerName="LAPTOP" duration="00:00:00.0003374" startTime="2012-04-14T22:01:01.9960000-04:00" endTime="2012-04-14T22:01:02.0040000-04:00" testType="13cdc9d9-ddb5-4fa4-a97d-d965ccfc6d4b" outcome="Passed" testListId="8c84fa94-04c1-424b-9868-57a2d4851a1d" relativeResultsDirectory="728a0b5d-312e-4835-9216-7bc78e71fd3f">
    </UnitTestResult>
    <UnitTestResult executionId="c2e023d1-2243-4264-8355-946142e71f2b" testId="fc13ee49-bfaf-6222-1eb6-68d3562aa4fa" testName="AndTheThreeSixesRuleIsMatched" computerName="LAPTOP" duration="00:00:00.0003518" startTime="2012-04-14T22:01:02.0070000-04:00" endTime="2012-04-14T22:01:02.0120000-04:00" testType="13cdc9d9-ddb5-4fa4-a97d-d965ccfc6d4b" outcome="Passed" testListId="8c84fa94-04c1-424b-9868-57a2d4851a1d" relativeResultsDirectory="c2e023d1-2243-4264-8355-946142e71f2b">
    </UnitTestResult>
  </Results>
</TestRun>