<?xml version="1.0" encoding="UTF-8"?>
<TestRun id="860e6c75-2b89-48c8-a986-954bbe424e60" name="Matt@LAPTOP 2012-04-14 20:21:25" runUser="laptop\Matt" xmlns="http://microsoft.com/schemas/VisualStudio/TeamTest/2010">
  <TestSettings name="Local" id="4663f0f2-8423-4c52-9793-eac18d9a1990">
    <Description>These are default test settings for a local test run.</Description>
    <Deployment enabled="false" runDeploymentRoot="Matt_LAPTOP 2012-04-14 20_21_25">
      <DeploymentItem filename="D:\GreedKata\GreedKata.Test\obj\FluentAssertions.dll" />
      <DeploymentItem filename="D:\GreedKata\GreedKata\bin\Debug\GreedKata.dll" />
      <DeploymentItem filename="D:\GreedKata\GreedKata.Test\obj\Moq.dll" />
    </Deployment>
    <Execution>
      <TestTypeSpecific />
      <AgentRule name="Execution Agents">
      </AgentRule>
    </Execution>
  </TestSettings>
  <Times creation="2012-04-14T20:21:25.0326000-04:00" queuing="2012-04-14T20:21:32.6336000-04:00" start="2012-04-14T20:21:32.8296000-04:00" finish="2012-04-14T20:21:35.1276000-04:00" />
  <ResultSummary outcome="Failed">
    <Counters total="14" executed="14" passed="13" error="0" failed="1" timeout="0" aborted="0" inconclusive="0" passedButRunAborted="0" notRunnable="0" notExecuted="0" disconnected="0" warning="0" completed="0" inProgress="0" pending="0" />
  </ResultSummary>
  <TestDefinitions>
    <UnitTest name="AndTheOneOneRuleIsMatched" storage="d:\greedkata\greedkata.test\bin\debug\greedkata.test.dll" id="597c4474-49ed-d381-7c10-6822fcd334a9">
      <Execution id="41703a2e-9e68-42cb-b3b5-0bd431806c05" />
      <TestMethod codeBase="D:/GreedKata/GreedKata.Test/bin/Debug/GreedKata.Test.DLL" adapterTypeName="Microsoft.VisualStudio.TestTools.TestTypes.Unit.UnitTestAdapter, Microsoft.VisualStudio.QualityTools.Tips.UnitTest.Adapter, Version=10.0.0.0, Culture=neutral, PublicKeyToken=b03f5f7f11d50a3a" className="GreedKata.Test.WhenRollingDice, GreedKata.Test, Version=1.0.0.0, Culture=neutral, PublicKeyToken=null" name="AndTheOneOneRuleIsMatched" />
    </UnitTest>
    <UnitTest name="AndBothFiveRulesAreMatched" storage="d:\greedkata\greedkata.test\bin\debug\greedkata.test.dll" id="dee9bf14-81d3-f2de-ad9e-2790846b09ab">
      <Execution id="238974b6-4664-4f86-9342-3e7d2ab413bb" />
      <TestMethod codeBase="D:/GreedKata/GreedKata.Test/bin/Debug/GreedKata.Test.DLL" adapterTypeName="Microsoft.VisualStudio.TestTools.TestTypes.Unit.UnitTestAdapter, Microsoft.VisualStudio.QualityTools.Tips.UnitTest.Adapter, Version=10.0.0.0, Culture=neutral, PublicKeyToken=b03f5f7f11d50a3a" className="GreedKata.Test.WhenRollingDice, GreedKata.Test, Version=1.0.0.0, Culture=neutral, PublicKeyToken=null" name="AndBothFiveRulesAreMatched" />
    </UnitTest>
    <UnitTest name="OneDieWithTheValueToMatchReturnsFalse" storage="d:\greedkata\greedkata.test\bin\debug\greedkata.test.dll" id="9343120d-9a61-e87b-64b1-f423d535d4a9">
      <Execution id="22c68847-801f-4e8e-bdb6-376a772bed7f" />
      <TestMethod codeBase="D:/GreedKata/GreedKata.Test/bin/Debug/GreedKata.Test.DLL" adapterTypeName="Microsoft.VisualStudio.TestTools.TestTypes.Unit.UnitTestAdapter, Microsoft.VisualStudio.QualityTools.Tips.UnitTest.Adapter, Version=10.0.0.0, Culture=neutral, PublicKeyToken=b03f5f7f11d50a3a" className="GreedKata.Test.Rules.WhenMatchingThreeDiceWithTheSameValue, GreedKata.Test, Version=1.0.0.0, Culture=neutral, PublicKeyToken=null" name="OneDieWithTheValueToMatchReturnsFalse" />
    </UnitTest>
    <UnitTest name="ThreeDiceWithTheValueToMatchReturnsTrue" storage="d:\greedkata\greedkata.test\bin\debug\greedkata.test.dll" id="b494e56d-9a80-37be-f315-4879f38f7ae2">
      <Execution id="41998f99-d863-447e-b255-9c38c560d056" />
      <TestMethod codeBase="D:/GreedKata/GreedKata.Test/bin/Debug/GreedKata.Test.DLL" adapterTypeName="Microsoft.VisualStudio.TestTools.TestTypes.Unit.UnitTestAdapter, Microsoft.VisualStudio.QualityTools.Tips.UnitTest.Adapter, Version=10.0.0.0, Culture=neutral, PublicKeyToken=b03f5f7f11d50a3a" className="GreedKata.Test.Rules.WhenMatchingThreeDiceWithTheSameValue, GreedKata.Test, Version=1.0.0.0, Culture=neutral, PublicKeyToken=null" name="ThreeDiceWithTheValueToMatchReturnsTrue" />
    </UnitTest>
    <UnitTest name="TheRuleValueCanBeLookedUp" storage="d:\greedkata\greedkata.test\bin\debug\greedkata.test.dll" id="75790c8d-f6b0-593d-b258-d4c6454a9a2b">
      <Execution id="8958624b-21bb-4cd3-ad7d-6e00c03e9cc0" />
      <TestMethod codeBase="D:/GreedKata/GreedKata.Test/bin/Debug/GreedKata.Test.DLL" adapterTypeName="Microsoft.VisualStudio.TestTools.TestTypes.Unit.UnitTestAdapter, Microsoft.VisualStudio.QualityTools.Tips.UnitTest.Adapter, Version=10.0.0.0, Culture=neutral, PublicKeyToken=b03f5f7f11d50a3a" className="GreedKata.Test.Rules.WhenMatchingOneDie, GreedKata.Test, Version=1.0.0.0, Culture=neutral, PublicKeyToken=null" name="TheRuleValueCanBeLookedUp" />
    </UnitTest>
    <UnitTest name="AndTheOneFiveRuleIsMatched" storage="d:\greedkata\greedkata.test\bin\debug\greedkata.test.dll" id="b13ca5f6-b435-d32d-2780-9a5fc480812d">
      <Execution id="38f3c66a-d445-4e3b-b3b1-32fb3f7a2f41" />
      <TestMethod codeBase="D:/GreedKata/GreedKata.Test/bin/Debug/GreedKata.Test.DLL" adapterTypeName="Microsoft.VisualStudio.TestTools.TestTypes.Unit.UnitTestAdapter, Microsoft.VisualStudio.QualityTools.Tips.UnitTest.Adapter, Version=10.0.0.0, Culture=neutral, PublicKeyToken=b03f5f7f11d50a3a" className="GreedKata.Test.WhenRollingDice, GreedKata.Test, Version=1.0.0.0, Culture=neutral, PublicKeyToken=null" name="AndTheOneFiveRuleIsMatched" />
    </UnitTest>
    <UnitTest name="AndTheThreeFivesRuleIsMatched" storage="d:\greedkata\greedkata.test\bin\debug\greedkata.test.dll" id="e18f19b1-4ec6-fd14-ea60-5c8639968922">
      <Execution id="d7612ed5-ac14-4d74-b530-f2ec8e8e89ab" />
      <TestMethod codeBase="D:/GreedKata/GreedKata.Test/bin/Debug/GreedKata.Test.DLL" adapterTypeName="Microsoft.VisualStudio.TestTools.TestTypes.Unit.UnitTestAdapter, Microsoft.VisualStudio.QualityTools.Tips.UnitTest.Adapter, Version=10.0.0.0, Culture=neutral, PublicKeyToken=b03f5f7f11d50a3a" className="GreedKata.Test.WhenRollingDice, GreedKata.Test, Version=1.0.0.0, Culture=neutral, PublicKeyToken=null" name="AndTheThreeFivesRuleIsMatched" />
    </UnitTest>
    <UnitTest name="FourDiceWithTheValueToMatchReturnsTrue" storage="d:\greedkata\greedkata.test\bin\debug\greedkata.test.dll" id="bef0335e-32e6-07a2-f7b0-f8b5481ddd3e">
      <Execution id="4d926b83-2c41-4eac-888e-a56dc2cc3b32" />
      <TestMethod codeBase="D:/GreedKata/GreedKata.Test/bin/Debug/GreedKata.Test.DLL" adapterTypeName="Microsoft.VisualStudio.TestTools.TestTypes.Unit.UnitTestAdapter, Microsoft.VisualStudio.QualityTools.Tips.UnitTest.Adapter, Version=10.0.0.0, Culture=neutral, PublicKeyToken=b03f5f7f11d50a3a" className="GreedKata.Test.Rules.WhenMatchingThreeDiceWithTheSameValue, GreedKata.Test, Version=1.0.0.0, Culture=neutral, PublicKeyToken=null" name="FourDiceWithTheValueToMatchReturnsTrue" />
    </UnitTest>
    <UnitTest name="TheRuleValueCanBeLookedUp" storage="d:\greedkata\greedkata.test\bin\debug\greedkata.test.dll" id="f5a66eed-0f35-c989-399d-19a782d6ddc0">
      <Execution id="d19d90af-d50c-4f34-a3c4-edfe07a55b01" />
      <TestMethod codeBase="D:/GreedKata/GreedKata.Test/bin/Debug/GreedKata.Test.DLL" adapterTypeName="Microsoft.VisualStudio.TestTools.TestTypes.Unit.UnitTestAdapter, Microsoft.VisualStudio.QualityTools.Tips.UnitTest.Adapter, Version=10.0.0.0, Culture=neutral, PublicKeyToken=b03f5f7f11d50a3a" className="GreedKata.Test.Rules.WhenMatchingThreeDiceWithTheSameValue, GreedKata.Test, Version=1.0.0.0, Culture=neutral, PublicKeyToken=null" name="TheRuleValueCanBeLookedUp" />
    </UnitTest>
    <UnitTest name="NoDiceWithTheValueToMatchReturnsFalse" storage="d:\greedkata\greedkata.test\bin\debug\greedkata.test.dll" id="cdd011d7-65ff-d1a2-8b99-24ac44f008b5">
      <Execution id="fc98c167-18e0-4fcd-96bf-9fabba20dd43" />
      <TestMethod codeBase="D:/GreedKata/GreedKata.Test/bin/Debug/GreedKata.Test.DLL" adapterTypeName="Microsoft.VisualStudio.TestTools.TestTypes.Unit.UnitTestAdapter, Microsoft.VisualStudio.QualityTools.Tips.UnitTest.Adapter, Version=10.0.0.0, Culture=neutral, PublicKeyToken=b03f5f7f11d50a3a" className="GreedKata.Test.Rules.WhenMatchingThreeDiceWithTheSameValue, GreedKata.Test, Version=1.0.0.0, Culture=neutral, PublicKeyToken=null" name="NoDiceWithTheValueToMatchReturnsFalse" />
    </UnitTest>
    <UnitTest name="AndNoRulesAreMatchedTheValueIsZero" storage="d:\greedkata\greedkata.test\bin\debug\greedkata.test.dll" id="09debda4-01a8-2a56-e103-f46c9abafedd">
      <Execution id="aa4b5255-9359-4c0a-bdcf-a1d6b70aef65" />
      <TestMethod codeBase="D:/GreedKata/GreedKata.Test/bin/Debug/GreedKata.Test.DLL" adapterTypeName="Microsoft.VisualStudio.TestTools.TestTypes.Unit.UnitTestAdapter, Microsoft.VisualStudio.QualityTools.Tips.UnitTest.Adapter, Version=10.0.0.0, Culture=neutral, PublicKeyToken=b03f5f7f11d50a3a" className="GreedKata.Test.WhenRollingDice, GreedKata.Test, Version=1.0.0.0, Culture=neutral, PublicKeyToken=null" name="AndNoRulesAreMatchedTheValueIsZero" />
    </UnitTest>
    <UnitTest name="AndTheThreeOnesRuleIsMatched" storage="d:\greedkata\greedkata.test\bin\debug\greedkata.test.dll" id="2918c309-cc20-4e1e-1a20-254757c8a472">
      <Execution id="a73a9d2c-7da9-4e13-9114-8b9af7e9f70b" />
      <TestMethod codeBase="D:/GreedKata/GreedKata.Test/bin/Debug/GreedKata.Test.DLL" adapterTypeName="Microsoft.VisualStudio.TestTools.TestTypes.Unit.UnitTestAdapter, Microsoft.VisualStudio.QualityTools.Tips.UnitTest.Adapter, Version=10.0.0.0, Culture=neutral, PublicKeyToken=b03f5f7f11d50a3a" className="GreedKata.Test.WhenRollingDice, GreedKata.Test, Version=1.0.0.0, Culture=neutral, PublicKeyToken=null" name="AndTheThreeOnesRuleIsMatched" />
    </UnitTest>
    <UnitTest name="NoDiceWithTheValueToMatchReturnsFalse" storage="d:\greedkata\greedkata.test\bin\debug\greedkata.test.dll" id="19bb8d38-09db-b45c-d97a-d557506c887a">
      <Execution id="98ae3fcc-d16f-4973-a1cc-57759289d89d" />
      <TestMethod codeBase="D:/GreedKata/GreedKata.Test/bin/Debug/GreedKata.Test.DLL" adapterTypeName="Microsoft.VisualStudio.TestTools.TestTypes.Unit.UnitTestAdapter, Microsoft.VisualStudio.QualityTools.Tips.UnitTest.Adapter, Version=10.0.0.0, Culture=neutral, PublicKeyToken=b03f5f7f11d50a3a" className="GreedKata.Test.Rules.WhenMatchingOneDie, GreedKata.Test, Version=1.0.0.0, Culture=neutral, PublicKeyToken=null" name="NoDiceWithTheValueToMatchReturnsFalse" />
    </UnitTest>
    <UnitTest name="AtLeastOneDieWithTheValueToMatchReturnsTrue" storage="d:\greedkata\greedkata.test\bin\debug\greedkata.test.dll" id="7b6ee3fd-918a-1385-912b-acc296b40e7b">
      <Execution id="4cb9b97e-10a4-4f90-9e63-1861e1000a98" />
      <TestMethod codeBase="D:/GreedKata/GreedKata.Test/bin/Debug/GreedKata.Test.DLL" adapterTypeName="Microsoft.VisualStudio.TestTools.TestTypes.Unit.UnitTestAdapter, Microsoft.VisualStudio.QualityTools.Tips.UnitTest.Adapter, Version=10.0.0.0, Culture=neutral, PublicKeyToken=b03f5f7f11d50a3a" className="GreedKata.Test.Rules.WhenMatchingOneDie, GreedKata.Test, Version=1.0.0.0, Culture=neutral, PublicKeyToken=null" name="AtLeastOneDieWithTheValueToMatchReturnsTrue" />
    </UnitTest>
  </TestDefinitions>
  <TestLists>
    <TestList name="Results Not in a List" id="8c84fa94-04c1-424b-9868-57a2d4851a1d" />
    <TestList name="All Loaded Results" id="19431567-8539-422a-85d7-44ee4e166bda" />
  </TestLists>
  <TestEntries>
    <TestEntry testId="09debda4-01a8-2a56-e103-f46c9abafedd" executionId="aa4b5255-9359-4c0a-bdcf-a1d6b70aef65" testListId="8c84fa94-04c1-424b-9868-57a2d4851a1d" />
    <TestEntry testId="19bb8d38-09db-b45c-d97a-d557506c887a" executionId="98ae3fcc-d16f-4973-a1cc-57759289d89d" testListId="8c84fa94-04c1-424b-9868-57a2d4851a1d" />
    <TestEntry testId="2918c309-cc20-4e1e-1a20-254757c8a472" executionId="a73a9d2c-7da9-4e13-9114-8b9af7e9f70b" testListId="8c84fa94-04c1-424b-9868-57a2d4851a1d" />
    <TestEntry testId="597c4474-49ed-d381-7c10-6822fcd334a9" executionId="41703a2e-9e68-42cb-b3b5-0bd431806c05" testListId="8c84fa94-04c1-424b-9868-57a2d4851a1d" />
    <TestEntry testId="75790c8d-f6b0-593d-b258-d4c6454a9a2b" executionId="8958624b-21bb-4cd3-ad7d-6e00c03e9cc0" testListId="8c84fa94-04c1-424b-9868-57a2d4851a1d" />
    <TestEntry testId="7b6ee3fd-918a-1385-912b-acc296b40e7b" executionId="4cb9b97e-10a4-4f90-9e63-1861e1000a98" testListId="8c84fa94-04c1-424b-9868-57a2d4851a1d" />
    <TestEntry testId="9343120d-9a61-e87b-64b1-f423d535d4a9" executionId="22c68847-801f-4e8e-bdb6-376a772bed7f" testListId="8c84fa94-04c1-424b-9868-57a2d4851a1d" />
    <TestEntry testId="b13ca5f6-b435-d32d-2780-9a5fc480812d" executionId="38f3c66a-d445-4e3b-b3b1-32fb3f7a2f41" testListId="8c84fa94-04c1-424b-9868-57a2d4851a1d" />
    <TestEntry testId="b494e56d-9a80-37be-f315-4879f38f7ae2" executionId="41998f99-d863-447e-b255-9c38c560d056" testListId="8c84fa94-04c1-424b-9868-57a2d4851a1d" />
    <TestEntry testId="bef0335e-32e6-07a2-f7b0-f8b5481ddd3e" executionId="4d926b83-2c41-4eac-888e-a56dc2cc3b32" testListId="8c84fa94-04c1-424b-9868-57a2d4851a1d" />
    <TestEntry testId="cdd011d7-65ff-d1a2-8b99-24ac44f008b5" executionId="fc98c167-18e0-4fcd-96bf-9fabba20dd43" testListId="8c84fa94-04c1-424b-9868-57a2d4851a1d" />
    <TestEntry testId="dee9bf14-81d3-f2de-ad9e-2790846b09ab" executionId="238974b6-4664-4f86-9342-3e7d2ab413bb" testListId="8c84fa94-04c1-424b-9868-57a2d4851a1d" />
    <TestEntry testId="e18f19b1-4ec6-fd14-ea60-5c8639968922" executionId="d7612ed5-ac14-4d74-b530-f2ec8e8e89ab" testListId="8c84fa94-04c1-424b-9868-57a2d4851a1d" />
    <TestEntry testId="f5a66eed-0f35-c989-399d-19a782d6ddc0" executionId="d19d90af-d50c-4f34-a3c4-edfe07a55b01" testListId="8c84fa94-04c1-424b-9868-57a2d4851a1d" />
  </TestEntries>
  <Results>
    <UnitTestResult executionId="aa4b5255-9359-4c0a-bdcf-a1d6b70aef65" testId="09debda4-01a8-2a56-e103-f46c9abafedd" testName="AndNoRulesAreMatchedTheValueIsZero" computerName="LAPTOP" duration="00:00:00.0946458" startTime="2012-04-14T20:21:33.0116000-04:00" endTime="2012-04-14T20:21:34.7656000-04:00" testType="13cdc9d9-ddb5-4fa4-a97d-d965ccfc6d4b" outcome="Passed" testListId="8c84fa94-04c1-424b-9868-57a2d4851a1d" relativeResultsDirectory="aa4b5255-9359-4c0a-bdcf-a1d6b70aef65">
    </UnitTestResult>
    <UnitTestResult executionId="98ae3fcc-d16f-4973-a1cc-57759289d89d" testId="19bb8d38-09db-b45c-d97a-d557506c887a" testName="NoDiceWithTheValueToMatchReturnsFalse" computerName="LAPTOP" duration="00:00:00.0192620" startTime="2012-04-14T20:21:34.7916000-04:00" endTime="2012-04-14T20:21:34.8226000-04:00" testType="13cdc9d9-ddb5-4fa4-a97d-d965ccfc6d4b" outcome="Passed" testListId="8c84fa94-04c1-424b-9868-57a2d4851a1d" relativeResultsDirectory="98ae3fcc-d16f-4973-a1cc-57759289d89d">
    </UnitTestResult>
    <UnitTestResult executionId="a73a9d2c-7da9-4e13-9114-8b9af7e9f70b" testId="2918c309-cc20-4e1e-1a20-254757c8a472" testName="AndTheThreeOnesRuleIsMatched" computerName="LAPTOP" duration="00:00:00.0016299" startTime="2012-04-14T20:21:34.8266000-04:00" endTime="2012-04-14T20:21:34.8436000-04:00" testType="13cdc9d9-ddb5-4fa4-a97d-d965ccfc6d4b" outcome="Passed" testListId="8c84fa94-04c1-424b-9868-57a2d4851a1d" relativeResultsDirectory="a73a9d2c-7da9-4e13-9114-8b9af7e9f70b">
    </UnitTestResult>
    <UnitTestResult executionId="41703a2e-9e68-42cb-b3b5-0bd431806c05" testId="597c4474-49ed-d381-7c10-6822fcd334a9" testName="AndTheOneOneRuleIsMatched" computerName="LAPTOP" duration="00:00:00.0471230" startTime="2012-04-14T20:21:34.8456000-04:00" endTime="2012-04-14T20:21:34.9086000-04:00" testType="13cdc9d9-ddb5-4fa4-a97d-d965ccfc6d4b" outcome="Failed" testListId="8c84fa94-04c1-424b-9868-57a2d4851a1d" relativeResultsDirectory="41703a2e-9e68-42cb-b3b5-0bd431806c05">
      <Output>
        <ErrorInfo>
          <Message>Expected 100, but found 0.</Message>
          <StackTrace>   at FluentAssertions.Frameworks.LateBoundTestFramework.Throw(String message)
   at FluentAssertions.Verification.FailWith(String failureMessage, Object[] failureArgs)
   at FluentAssertions.Assertions.IntegralAssertions`1.Be(T expected, String reason, Object[] reasonArgs)
   at FluentAssertions.Assertions.IntegralAssertions`1.Be(T expected)
   at GreedKata.Test.WhenRollingDice.AndTheOneOneRuleIsMatched() in D:\GreedKata\GreedKata.Test\WhenRollingDice.cs:line 31
</StackTrace>
        </ErrorInfo>
      </Output>
    </UnitTestResult>
    <UnitTestResult executionId="8958624b-21bb-4cd3-ad7d-6e00c03e9cc0" testId="75790c8d-f6b0-593d-b258-d4c6454a9a2b" testName="TheRuleValueCanBeLookedUp" computerName="LAPTOP" duration="00:00:00.0011133" startTime="2012-04-14T20:21:34.9186000-04:00" endTime="2012-04-14T20:21:34.9246000-04:00" testType="13cdc9d9-ddb5-4fa4-a97d-d965ccfc6d4b" outcome="Passed" testListId="8c84fa94-04c1-424b-9868-57a2d4851a1d" relativeResultsDirectory="8958624b-21bb-4cd3-ad7d-6e00c03e9cc0">
    </UnitTestResult>
    <UnitTestResult executionId="4cb9b97e-10a4-4f90-9e63-1861e1000a98" testId="7b6ee3fd-918a-1385-912b-acc296b40e7b" testName="AtLeastOneDieWithTheValueToMatchReturnsTrue" computerName="LAPTOP" duration="00:00:00.0008275" startTime="2012-04-14T20:21:34.9296000-04:00" endTime="2012-04-14T20:21:34.9486000-04:00" testType="13cdc9d9-ddb5-4fa4-a97d-d965ccfc6d4b" outcome="Passed" testListId="8c84fa94-04c1-424b-9868-57a2d4851a1d" relativeResultsDirectory="4cb9b97e-10a4-4f90-9e63-1861e1000a98">
    </UnitTestResult>
    <UnitTestResult executionId="22c68847-801f-4e8e-bdb6-376a772bed7f" testId="9343120d-9a61-e87b-64b1-f423d535d4a9" testName="OneDieWithTheValueToMatchReturnsFalse" computerName="LAPTOP" duration="00:00:00.0004770" startTime="2012-04-14T20:21:34.9516000-04:00" endTime="2012-04-14T20:21:34.9566000-04:00" testType="13cdc9d9-ddb5-4fa4-a97d-d965ccfc6d4b" outcome="Passed" testListId="8c84fa94-04c1-424b-9868-57a2d4851a1d" relativeResultsDirectory="22c68847-801f-4e8e-bdb6-376a772bed7f">
    </UnitTestResult>
    <UnitTestResult executionId="38f3c66a-d445-4e3b-b3b1-32fb3f7a2f41" testId="b13ca5f6-b435-d32d-2780-9a5fc480812d" testName="AndTheOneFiveRuleIsMatched" computerName="LAPTOP" duration="00:00:00.0003272" startTime="2012-04-14T20:21:34.9636000-04:00" endTime="2012-04-14T20:21:34.9696000-04:00" testType="13cdc9d9-ddb5-4fa4-a97d-d965ccfc6d4b" outcome="Passed" testListId="8c84fa94-04c1-424b-9868-57a2d4851a1d" relativeResultsDirectory="38f3c66a-d445-4e3b-b3b1-32fb3f7a2f41">
    </UnitTestResult>
    <UnitTestResult executionId="41998f99-d863-447e-b255-9c38c560d056" testId="b494e56d-9a80-37be-f315-4879f38f7ae2" testName="ThreeDiceWithTheValueToMatchReturnsTrue" computerName="LAPTOP" duration="00:00:00.0002527" startTime="2012-04-14T20:21:34.9716000-04:00" endTime="2012-04-14T20:21:34.9776000-04:00" testType="13cdc9d9-ddb5-4fa4-a97d-d965ccfc6d4b" outcome="Passed" testListId="8c84fa94-04c1-424b-9868-57a2d4851a1d" relativeResultsDirectory="41998f99-d863-447e-b255-9c38c560d056">
    </UnitTestResult>
    <UnitTestResult executionId="4d926b83-2c41-4eac-888e-a56dc2cc3b32" testId="bef0335e-32e6-07a2-f7b0-f8b5481ddd3e" testName="FourDiceWithTheValueToMatchReturnsTrue" computerName="LAPTOP" duration="00:00:00.0003500" startTime="2012-04-14T20:21:34.9816000-04:00" endTime="2012-04-14T20:21:34.9876000-04:00" testType="13cdc9d9-ddb5-4fa4-a97d-d965ccfc6d4b" outcome="Passed" testListId="8c84fa94-04c1-424b-9868-57a2d4851a1d" relativeResultsDirectory="4d926b83-2c41-4eac-888e-a56dc2cc3b32">
    </UnitTestResult>
    <UnitTestResult executionId="fc98c167-18e0-4fcd-96bf-9fabba20dd43" testId="cdd011d7-65ff-d1a2-8b99-24ac44f008b5" testName="NoDiceWithTheValueToMatchReturnsFalse" computerName="LAPTOP" duration="00:00:00.0002657" startTime="2012-04-14T20:21:34.9906000-04:00" endTime="2012-04-14T20:21:34.9956000-04:00" testType="13cdc9d9-ddb5-4fa4-a97d-d965ccfc6d4b" outcome="Passed" testListId="8c84fa94-04c1-424b-9868-57a2d4851a1d" relativeResultsDirectory="fc98c167-18e0-4fcd-96bf-9fabba20dd43">
    </UnitTestResult>
    <UnitTestResult executionId="238974b6-4664-4f86-9342-3e7d2ab413bb" testId="dee9bf14-81d3-f2de-ad9e-2790846b09ab" testName="AndBothFiveRulesAreMatched" computerName="LAPTOP" duration="00:00:00.0003365" startTime="2012-04-14T20:21:34.9986000-04:00" endTime="2012-04-14T20:21:35.0046000-04:00" testType="13cdc9d9-ddb5-4fa4-a97d-d965ccfc6d4b" outcome="Passed" testListId="8c84fa94-04c1-424b-9868-57a2d4851a1d" relativeResultsDirectory="238974b6-4664-4f86-9342-3e7d2ab413bb">
    </UnitTestResult>
    <UnitTestResult executionId="d7612ed5-ac14-4d74-b530-f2ec8e8e89ab" testId="e18f19b1-4ec6-fd14-ea60-5c8639968922" testName="AndTheThreeFivesRuleIsMatched" computerName="LAPTOP" duration="00:00:00.0003807" startTime="2012-04-14T20:21:35.0086000-04:00" endTime="2012-04-14T20:21:35.0136000-04:00" testType="13cdc9d9-ddb5-4fa4-a97d-d965ccfc6d4b" outcome="Passed" testListId="8c84fa94-04c1-424b-9868-57a2d4851a1d" relativeResultsDirectory="d7612ed5-ac14-4d74-b530-f2ec8e8e89ab">
    </UnitTestResult>
    <UnitTestResult executionId="d19d90af-d50c-4f34-a3c4-edfe07a55b01" testId="f5a66eed-0f35-c989-399d-19a782d6ddc0" testName="TheRuleValueCanBeLookedUp" computerName="LAPTOP" duration="00:00:00.0002941" startTime="2012-04-14T20:21:35.0156000-04:00" endTime="2012-04-14T20:21:35.0216000-04:00" testType="13cdc9d9-ddb5-4fa4-a97d-d965ccfc6d4b" outcome="Passed" testListId="8c84fa94-04c1-424b-9868-57a2d4851a1d" relativeResultsDirectory="d19d90af-d50c-4f34-a3c4-edfe07a55b01">
    </UnitTestResult>
  </Results>
</TestRun>