<?xml version="1.0" encoding="UTF-8"?>
<TestRun id="74c9fa21-5e5a-40b4-89f8-20e44412f422" name="Matt@LAPTOP 2012-04-14 22:13:47" runUser="laptop\Matt" xmlns="http://microsoft.com/schemas/VisualStudio/TeamTest/2010">
  <TestSettings name="Local" id="4663f0f2-8423-4c52-9793-eac18d9a1990">
    <Description>These are default test settings for a local test run.</Description>
    <Deployment enabled="false" runDeploymentRoot="Matt_LAPTOP 2012-04-14 22_13_47">
      <DeploymentItem filename="D:\GreedKata\GreedKata\bin\Debug\GreedKata.exe" />
      <DeploymentItem filename="D:\GreedKata\GreedKata.Test\obj\FluentAssertions.dll" />
      <DeploymentItem filename="D:\GreedKata\GreedKata.Test\obj\Moq.dll" />
    </Deployment>
    <Execution>
      <TestTypeSpecific />
      <AgentRule name="Execution Agents">
      </AgentRule>
    </Execution>
  </TestSettings>
  <Times creation="2012-04-14T22:13:47.9220000-04:00" queuing="2012-04-14T22:13:48.1940000-04:00" start="2012-04-14T22:13:48.2230000-04:00" finish="2012-04-14T22:13:49.6110000-04:00" />
  <ResultSummary outcome="Completed">
    <Counters total="26" executed="26" passed="26" error="0" failed="0" timeout="0" aborted="0" inconclusive="0" passedButRunAborted="0" notRunnable="0" notExecuted="0" disconnected="0" warning="0" completed="0" inProgress="0" pending="0" />
  </ResultSummary>
  <TestDefinitions>
    <UnitTest name="AndBothFiveRulesAreMatched" storage="d:\greedkata\greedkata.test\bin\debug\greedkata.test.dll" id="8bc84bc3-f5ff-1528-80bb-3bed49d3fcd8">
      <Execution id="41e5d778-c7e5-47f8-8828-6061ab8394ee" />
      <TestMethod codeBase="D:/GreedKata/GreedKata.Test/bin/Debug/GreedKata.Test.DLL" adapterTypeName="Microsoft.VisualStudio.TestTools.TestTypes.Unit.UnitTestAdapter, Microsoft.VisualStudio.QualityTools.Tips.UnitTest.Adapter, Version=10.0.0.0, Culture=neutral, PublicKeyToken=b03f5f7f11d50a3a" className="GreedKata.Test.ScoreCalculation.WhenCalculatingTheScore, GreedKata.Test, Version=1.0.0.0, Culture=neutral, PublicKeyToken=null" name="AndBothFiveRulesAreMatched" />
    </UnitTest>
    <UnitTest name="AndTheOneOneRuleIsMatched" storage="d:\greedkata\greedkata.test\bin\debug\greedkata.test.dll" id="c042c0ad-a16d-b763-65dd-f31d6cf2d950">
      <Execution id="25aa062c-0ce7-4b0e-841b-5edd9f35225c" />
      <TestMethod codeBase="D:/GreedKata/GreedKata.Test/bin/Debug/GreedKata.Test.DLL" adapterTypeName="Microsoft.VisualStudio.TestTools.TestTypes.Unit.UnitTestAdapter, Microsoft.VisualStudio.QualityTools.Tips.UnitTest.Adapter, Version=10.0.0.0, Culture=neutral, PublicKeyToken=b03f5f7f11d50a3a" className="GreedKata.Test.ScoreCalculation.WhenCalculatingTheScore, GreedKata.Test, Version=1.0.0.0, Culture=neutral, PublicKeyToken=null" name="AndTheOneOneRuleIsMatched" />
    </UnitTest>
    <UnitTest name="AndTheThreeTwosRuleIsMatched" storage="d:\greedkata\greedkata.test\bin\debug\greedkata.test.dll" id="20c0f5d0-691a-e093-e521-9234ae60aed1">
      <Execution id="dab32a15-a0d2-4865-8026-77d0dee0e7cb" />
      <TestMethod codeBase="D:/GreedKata/GreedKata.Test/bin/Debug/GreedKata.Test.DLL" adapterTypeName="Microsoft.VisualStudio.TestTools.TestTypes.Unit.UnitTestAdapter, Microsoft.VisualStudio.QualityTools.Tips.UnitTest.Adapter, Version=10.0.0.0, Culture=neutral, PublicKeyToken=b03f5f7f11d50a3a" className="GreedKata.Test.ScoreCalculation.WhenCalculatingTheScore, GreedKata.Test, Version=1.0.0.0, Culture=neutral, PublicKeyToken=null" name="AndTheThreeTwosRuleIsMatched" />
    </UnitTest>
    <UnitTest name="OneDieWithTheValueToMatchReturnsFalse" storage="d:\greedkata\greedkata.test\bin\debug\greedkata.test.dll" id="9343120d-9a61-e87b-64b1-f423d535d4a9">
      <Execution id="52f0b752-d3ad-47bf-b476-b881146f980d" />
      <TestMethod codeBase="D:/GreedKata/GreedKata.Test/bin/Debug/GreedKata.Test.DLL" adapterTypeName="Microsoft.VisualStudio.TestTools.TestTypes.Unit.UnitTestAdapter, Microsoft.VisualStudio.QualityTools.Tips.UnitTest.Adapter, Version=10.0.0.0, Culture=neutral, PublicKeyToken=b03f5f7f11d50a3a" className="GreedKata.Test.Rules.WhenMatchingThreeDiceWithTheSameValue, GreedKata.Test, Version=1.0.0.0, Culture=neutral, PublicKeyToken=null" name="OneDieWithTheValueToMatchReturnsFalse" />
    </UnitTest>
    <UnitTest name="AndTheOneFiveRuleIsMatchedTheOneOneIsMatchedTwice" storage="d:\greedkata\greedkata.test\bin\debug\greedkata.test.dll" id="5aaf4d04-efc5-db88-0b8a-b55d52a9660c">
      <Execution id="0f919a49-bad8-406f-a69e-b8e1f5bf6b8b" />
      <TestMethod codeBase="D:/GreedKata/GreedKata.Test/bin/Debug/GreedKata.Test.DLL" adapterTypeName="Microsoft.VisualStudio.TestTools.TestTypes.Unit.UnitTestAdapter, Microsoft.VisualStudio.QualityTools.Tips.UnitTest.Adapter, Version=10.0.0.0, Culture=neutral, PublicKeyToken=b03f5f7f11d50a3a" className="GreedKata.Test.ScoreCalculation.WhenCalculatingTheScore, GreedKata.Test, Version=1.0.0.0, Culture=neutral, PublicKeyToken=null" name="AndTheOneFiveRuleIsMatchedTheOneOneIsMatchedTwice" />
    </UnitTest>
    <UnitTest name="ThreeDiceWithTheValueToMatchReturnsTrue" storage="d:\greedkata\greedkata.test\bin\debug\greedkata.test.dll" id="b494e56d-9a80-37be-f315-4879f38f7ae2">
      <Execution id="8ec0d37b-eca4-4586-8167-c469e813e7e2" />
      <TestMethod codeBase="D:/GreedKata/GreedKata.Test/bin/Debug/GreedKata.Test.DLL" adapterTypeName="Microsoft.VisualStudio.TestTools.TestTypes.Unit.UnitTestAdapter, Microsoft.VisualStudio.QualityTools.Tips.UnitTest.Adapter, Version=10.0.0.0, Culture=neutral, PublicKeyToken=b03f5f7f11d50a3a" className="GreedKata.Test.Rules.WhenMatchingThreeDiceWithTheSameValue, GreedKata.Test, Version=1.0.0.0, Culture=neutral, PublicKeyToken=null" name="ThreeDiceWithTheValueToMatchReturnsTrue" />
    </UnitTest>
    <UnitTest name="TheRuleValueCanBeLookedUp" storage="d:\greedkata\greedkata.test\bin\debug\greedkata.test.dll" id="75790c8d-f6b0-593d-b258-d4c6454a9a2b">
      <Execution id="926fed9a-6992-4763-9f14-27c8f1f3273c" />
      <TestMethod codeBase="D:/GreedKata/GreedKata.Test/bin/Debug/GreedKata.Test.DLL" adapterTypeName="Microsoft.VisualStudio.TestTools.TestTypes.Unit.UnitTestAdapter, Microsoft.VisualStudio.QualityTools.Tips.UnitTest.Adapter, Version=10.0.0.0, Culture=neutral, PublicKeyToken=b03f5f7f11d50a3a" className="GreedKata.Test.Rules.WhenMatchingOneDie, GreedKata.Test, Version=1.0.0.0, Culture=neutral, PublicKeyToken=null" name="TheRuleValueCanBeLookedUp" />
    </UnitTest>
    <UnitTest name="AndTheThreeFoursRuleIsMatched" storage="d:\greedkata\greedkata.test\bin\debug\greedkata.test.dll" id="9ca15271-9dd2-94e2-4ff8-7700ef0feab3">
      <Execution id="7771f41b-1e04-4dfe-bf5f-c9ba09ef9812" />
      <TestMethod codeBase="D:/GreedKata/GreedKata.Test/bin/Debug/GreedKata.Test.DLL" adapterTypeName="Microsoft.VisualStudio.TestTools.TestTypes.Unit.UnitTestAdapter, Microsoft.VisualStudio.QualityTools.Tips.UnitTest.Adapter, Version=10.0.0.0, Culture=neutral, PublicKeyToken=b03f5f7f11d50a3a" className="GreedKata.Test.ScoreCalculation.WhenCalculatingTheScore, GreedKata.Test, Version=1.0.0.0, Culture=neutral, PublicKeyToken=null" name="AndTheThreeFoursRuleIsMatched" />
    </UnitTest>
    <UnitTest name="AndTheThreeThreesRuleIsMatched" storage="d:\greedkata\greedkata.test\bin\debug\greedkata.test.dll" id="cdba51be-4aaa-1bf6-a1a0-42dfd4c54dd0">
      <Execution id="970432f4-c764-41ea-ba2f-cbf05266c1b0" />
      <TestMethod codeBase="D:/GreedKata/GreedKata.Test/bin/Debug/GreedKata.Test.DLL" adapterTypeName="Microsoft.VisualStudio.TestTools.TestTypes.Unit.UnitTestAdapter, Microsoft.VisualStudio.QualityTools.Tips.UnitTest.Adapter, Version=10.0.0.0, Culture=neutral, PublicKeyToken=b03f5f7f11d50a3a" className="GreedKata.Test.ScoreCalculation.WhenCalculatingTheScore, GreedKata.Test, Version=1.0.0.0, Culture=neutral, PublicKeyToken=null" name="AndTheThreeThreesRuleIsMatched" />
    </UnitTest>
    <UnitTest name="AndTheOneFiveRuleIsMatched" storage="d:\greedkata\greedkata.test\bin\debug\greedkata.test.dll" id="778be0c6-fe55-a457-31a7-bcb21ead00f6">
      <Execution id="d9afaaa7-e2b9-4fb4-88ae-bae4b20e5253" />
      <TestMethod codeBase="D:/GreedKata/GreedKata.Test/bin/Debug/GreedKata.Test.DLL" adapterTypeName="Microsoft.VisualStudio.TestTools.TestTypes.Unit.UnitTestAdapter, Microsoft.VisualStudio.QualityTools.Tips.UnitTest.Adapter, Version=10.0.0.0, Culture=neutral, PublicKeyToken=b03f5f7f11d50a3a" className="GreedKata.Test.ScoreCalculation.WhenCalculatingTheScore, GreedKata.Test, Version=1.0.0.0, Culture=neutral, PublicKeyToken=null" name="AndTheOneFiveRuleIsMatched" />
    </UnitTest>
    <UnitTest name="AndTheThreeOnesAndOneFiveRulesAreMatched" storage="d:\greedkata\greedkata.test\bin\debug\greedkata.test.dll" id="7255818f-c892-55a9-aa7f-3ba2451b4768">
      <Execution id="550553da-734b-4d59-89f4-d5cb37dbc614" />
      <TestMethod codeBase="D:/GreedKata/GreedKata.Test/bin/Debug/GreedKata.Test.DLL" adapterTypeName="Microsoft.VisualStudio.TestTools.TestTypes.Unit.UnitTestAdapter, Microsoft.VisualStudio.QualityTools.Tips.UnitTest.Adapter, Version=10.0.0.0, Culture=neutral, PublicKeyToken=b03f5f7f11d50a3a" className="GreedKata.Test.ScoreCalculation.WhenCalculatingTheScore, GreedKata.Test, Version=1.0.0.0, Culture=neutral, PublicKeyToken=null" name="AndTheThreeOnesAndOneFiveRulesAreMatched" />
    </UnitTest>
    <UnitTest name="NoDiceWithTheValueToMatchReturnsFalse" storage="d:\greedkata\greedkata.test\bin\debug\greedkata.test.dll" id="19bb8d38-09db-b45c-d97a-d557506c887a">
      <Execution id="11b584e4-3ad8-455a-8609-455a02eb5a4e" />
      <TestMethod codeBase="D:/GreedKata/GreedKata.Test/bin/Debug/GreedKata.Test.DLL" adapterTypeName="Microsoft.VisualStudio.TestTools.TestTypes.Unit.UnitTestAdapter, Microsoft.VisualStudio.QualityTools.Tips.UnitTest.Adapter, Version=10.0.0.0, Culture=neutral, PublicKeyToken=b03f5f7f11d50a3a" className="GreedKata.Test.Rules.WhenMatchingOneDie, GreedKata.Test, Version=1.0.0.0, Culture=neutral, PublicKeyToken=null" name="NoDiceWithTheValueToMatchReturnsFalse" />
    </UnitTest>
    <UnitTest name="AndNoRulesAreMatched" storage="d:\greedkata\greedkata.test\bin\debug\greedkata.test.dll" id="efd49c58-fd7b-53ca-9b39-f32fa3d40890">
      <Execution id="6647359c-a85f-4540-9bd8-9d6e1f2d9791" />
      <TestMethod codeBase="D:/GreedKata/GreedKata.Test/bin/Debug/GreedKata.Test.DLL" adapterTypeName="Microsoft.VisualStudio.TestTools.TestTypes.Unit.UnitTestAdapter, Microsoft.VisualStudio.QualityTools.Tips.UnitTest.Adapter, Version=10.0.0.0, Culture=neutral, PublicKeyToken=b03f5f7f11d50a3a" className="GreedKata.Test.ScoreCalculation.WhenCalculatingTheScore, GreedKata.Test, Version=1.0.0.0, Culture=neutral, PublicKeyToken=null" name="AndNoRulesAreMatched" />
    </UnitTest>
    <UnitTest name="FourDiceWithTheValueToMatchReturnsTrue" storage="d:\greedkata\greedkata.test\bin\debug\greedkata.test.dll" id="bef0335e-32e6-07a2-f7b0-f8b5481ddd3e">
      <Execution id="17533d16-c264-4661-92ef-ead83ecabc6e" />
      <TestMethod codeBase="D:/GreedKata/GreedKata.Test/bin/Debug/GreedKata.Test.DLL" adapterTypeName="Microsoft.VisualStudio.TestTools.TestTypes.Unit.UnitTestAdapter, Microsoft.VisualStudio.QualityTools.Tips.UnitTest.Adapter, Version=10.0.0.0, Culture=neutral, PublicKeyToken=b03f5f7f11d50a3a" className="GreedKata.Test.Rules.WhenMatchingThreeDiceWithTheSameValue, GreedKata.Test, Version=1.0.0.0, Culture=neutral, PublicKeyToken=null" name="FourDiceWithTheValueToMatchReturnsTrue" />
    </UnitTest>
    <UnitTest name="AndTheThreeSixesRuleIsMatched" storage="d:\greedkata\greedkata.test\bin\debug\greedkata.test.dll" id="fc13ee49-bfaf-6222-1eb6-68d3562aa4fa">
      <Execution id="137052b6-e281-4580-8e34-8f2afd482cdf" />
      <TestMethod codeBase="D:/GreedKata/GreedKata.Test/bin/Debug/GreedKata.Test.DLL" adapterTypeName="Microsoft.VisualStudio.TestTools.TestTypes.Unit.UnitTestAdapter, Microsoft.VisualStudio.QualityTools.Tips.UnitTest.Adapter, Version=10.0.0.0, Culture=neutral, PublicKeyToken=b03f5f7f11d50a3a" className="GreedKata.Test.ScoreCalculation.WhenCalculatingTheScore, GreedKata.Test, Version=1.0.0.0, Culture=neutral, PublicKeyToken=null" name="AndTheThreeSixesRuleIsMatched" />
    </UnitTest>
    <UnitTest name="AndTheOneOneIsMatchedTwice" storage="d:\greedkata\greedkata.test\bin\debug\greedkata.test.dll" id="1673a8a4-378a-d742-b5f3-241ce0570854">
      <Execution id="e60b8b15-bc26-4853-b823-62b2cdf0f141" />
      <TestMethod codeBase="D:/GreedKata/GreedKata.Test/bin/Debug/GreedKata.Test.DLL" adapterTypeName="Microsoft.VisualStudio.TestTools.TestTypes.Unit.UnitTestAdapter, Microsoft.VisualStudio.QualityTools.Tips.UnitTest.Adapter, Version=10.0.0.0, Culture=neutral, PublicKeyToken=b03f5f7f11d50a3a" className="GreedKata.Test.ScoreCalculation.WhenCalculatingTheScore, GreedKata.Test, Version=1.0.0.0, Culture=neutral, PublicKeyToken=null" name="AndTheOneOneIsMatchedTwice" />
    </UnitTest>
    <UnitTest name="TheRuleValueCanBeLookedUp" storage="d:\greedkata\greedkata.test\bin\debug\greedkata.test.dll" id="f5a66eed-0f35-c989-399d-19a782d6ddc0">
      <Execution id="9a24ea6e-0e4e-46cb-afed-fc28dcfad9bb" />
      <TestMethod codeBase="D:/GreedKata/GreedKata.Test/bin/Debug/GreedKata.Test.DLL" adapterTypeName="Microsoft.VisualStudio.TestTools.TestTypes.Unit.UnitTestAdapter, Microsoft.VisualStudio.QualityTools.Tips.UnitTest.Adapter, Version=10.0.0.0, Culture=neutral, PublicKeyToken=b03f5f7f11d50a3a" className="GreedKata.Test.Rules.WhenMatchingThreeDiceWithTheSameValue, GreedKata.Test, Version=1.0.0.0, Culture=neutral, PublicKeyToken=null" name="TheRuleValueCanBeLookedUp" />
    </UnitTest>
    <UnitTest name="AndTheThreeThreesAndOneFiveRulesAreMatched" storage="d:\greedkata\greedkata.test\bin\debug\greedkata.test.dll" id="c143b250-1b85-0f8d-d9aa-91fbb8d4803b">
      <Execution id="a5a23bc9-5806-4840-bca7-83e7450f9801" />
      <TestMethod codeBase="D:/GreedKata/GreedKata.Test/bin/Debug/GreedKata.Test.DLL" adapterTypeName="Microsoft.VisualStudio.TestTools.TestTypes.Unit.UnitTestAdapter, Microsoft.VisualStudio.QualityTools.Tips.UnitTest.Adapter, Version=10.0.0.0, Culture=neutral, PublicKeyToken=b03f5f7f11d50a3a" className="GreedKata.Test.ScoreCalculation.WhenCalculatingTheScore, GreedKata.Test, Version=1.0.0.0, Culture=neutral, PublicKeyToken=null" name="AndTheThreeThreesAndOneFiveRulesAreMatched" />
    </UnitTest>
    <UnitTest name="NoDiceWithTheValueToMatchReturnsFalse" storage="d:\greedkata\greedkata.test\bin\debug\greedkata.test.dll" id="cdd011d7-65ff-d1a2-8b99-24ac44f008b5">
      <Execution id="0fc34bab-7365-42f9-ab08-bc73daad3938" />
      <TestMethod codeBase="D:/GreedKata/GreedKata.Test/bin/Debug/GreedKata.Test.DLL" adapterTypeName="Microsoft.VisualStudio.TestTools.TestTypes.Unit.UnitTestAdapter, Microsoft.VisualStudio.QualityTools.Tips.UnitTest.Adapter, Version=10.0.0.0, Culture=neutral, PublicKeyToken=b03f5f7f11d50a3a" className="GreedKata.Test.Rules.WhenMatchingThreeDiceWithTheSameValue, GreedKata.Test, Version=1.0.0.0, Culture=neutral, PublicKeyToken=null" name="NoDiceWithTheValueToMatchReturnsFalse" />
    </UnitTest>
    <UnitTest name="TheScoreIsCalculatedAndReturned" storage="d:\greedkata\greedkata.test\bin\debug\greedkata.test.dll" id="0b4aa5dc-c27b-9665-1d76-5b3c0ee72b13">
      <Execution id="679f9ce6-a950-49b2-82de-61a2c40de50f" />
      <TestMethod codeBase="D:/GreedKata/GreedKata.Test/bin/Debug/GreedKata.Test.DLL" adapterTypeName="Microsoft.VisualStudio.TestTools.TestTypes.Unit.UnitTestAdapter, Microsoft.VisualStudio.QualityTools.Tips.UnitTest.Adapter, Version=10.0.0.0, Culture=neutral, PublicKeyToken=b03f5f7f11d50a3a" className="GreedKata.Test.Game.WhenRollingDice, GreedKata.Test, Version=1.0.0.0, Culture=neutral, PublicKeyToken=null" name="TheScoreIsCalculatedAndReturned" />
    </UnitTest>
    <UnitTest name="AndTheThreeOnesRuleIsMatched" storage="d:\greedkata\greedkata.test\bin\debug\greedkata.test.dll" id="5f2aac0f-1b8f-d439-09a1-caeca311e810">
      <Execution id="6a167db9-7689-4c6d-8702-44ab9250e214" />
      <TestMethod codeBase="D:/GreedKata/GreedKata.Test/bin/Debug/GreedKata.Test.DLL" adapterTypeName="Microsoft.VisualStudio.TestTools.TestTypes.Unit.UnitTestAdapter, Microsoft.VisualStudio.QualityTools.Tips.UnitTest.Adapter, Version=10.0.0.0, Culture=neutral, PublicKeyToken=b03f5f7f11d50a3a" className="GreedKata.Test.ScoreCalculation.WhenCalculatingTheScore, GreedKata.Test, Version=1.0.0.0, Culture=neutral, PublicKeyToken=null" name="AndTheThreeOnesRuleIsMatched" />
    </UnitTest>
    <UnitTest name="AndTheThreeFivesRuleIsMatchedTheOneFiveIsMatchedTwice" storage="d:\greedkata\greedkata.test\bin\debug\greedkata.test.dll" id="62d6ee5f-c464-4ca7-03e8-eeb4a2911936">
      <Execution id="22e852d0-73cf-47f1-ba8a-50bd57171e20" />
      <TestMethod codeBase="D:/GreedKata/GreedKata.Test/bin/Debug/GreedKata.Test.DLL" adapterTypeName="Microsoft.VisualStudio.TestTools.TestTypes.Unit.UnitTestAdapter, Microsoft.VisualStudio.QualityTools.Tips.UnitTest.Adapter, Version=10.0.0.0, Culture=neutral, PublicKeyToken=b03f5f7f11d50a3a" className="GreedKata.Test.ScoreCalculation.WhenCalculatingTheScore, GreedKata.Test, Version=1.0.0.0, Culture=neutral, PublicKeyToken=null" name="AndTheThreeFivesRuleIsMatchedTheOneFiveIsMatchedTwice" />
    </UnitTest>
    <UnitTest name="TheRandomDiceArePassedToTheCalculateMethod" storage="d:\greedkata\greedkata.test\bin\debug\greedkata.test.dll" id="dbe0687b-8deb-308d-4e68-8ca5182254d1">
      <Execution id="72370259-8ae1-4678-940e-1a99145011fb" />
      <TestMethod codeBase="D:/GreedKata/GreedKata.Test/bin/Debug/GreedKata.Test.DLL" adapterTypeName="Microsoft.VisualStudio.TestTools.TestTypes.Unit.UnitTestAdapter, Microsoft.VisualStudio.QualityTools.Tips.UnitTest.Adapter, Version=10.0.0.0, Culture=neutral, PublicKeyToken=b03f5f7f11d50a3a" className="GreedKata.Test.Game.WhenRollingDice, GreedKata.Test, Version=1.0.0.0, Culture=neutral, PublicKeyToken=null" name="TheRandomDiceArePassedToTheCalculateMethod" />
    </UnitTest>
    <UnitTest name="AndTheThreeFivesRuleIsMatched" storage="d:\greedkata\greedkata.test\bin\debug\greedkata.test.dll" id="36dd9b67-a4ad-c710-f2b2-b218d79a554a">
      <Execution id="e45fe5d0-024d-4a69-9bff-1bf1d361ce95" />
      <TestMethod codeBase="D:/GreedKata/GreedKata.Test/bin/Debug/GreedKata.Test.DLL" adapterTypeName="Microsoft.VisualStudio.TestTools.TestTypes.Unit.UnitTestAdapter, Microsoft.VisualStudio.QualityTools.Tips.UnitTest.Adapter, Version=10.0.0.0, Culture=neutral, PublicKeyToken=b03f5f7f11d50a3a" className="GreedKata.Test.ScoreCalculation.WhenCalculatingTheScore, GreedKata.Test, Version=1.0.0.0, Culture=neutral, PublicKeyToken=null" name="AndTheThreeFivesRuleIsMatched" />
    </UnitTest>
    <UnitTest name="RandomDiceAreRetrieved" storage="d:\greedkata\greedkata.test\bin\debug\greedkata.test.dll" id="4e326c1d-dd85-aa8e-2dc5-6bbbc9775777">
      <Execution id="28f63339-2e23-427f-bdfd-b91f8b09fe46" />
      <TestMethod codeBase="D:/GreedKata/GreedKata.Test/bin/Debug/GreedKata.Test.DLL" adapterTypeName="Microsoft.VisualStudio.TestTools.TestTypes.Unit.UnitTestAdapter, Microsoft.VisualStudio.QualityTools.Tips.UnitTest.Adapter, Version=10.0.0.0, Culture=neutral, PublicKeyToken=b03f5f7f11d50a3a" className="GreedKata.Test.Game.WhenRollingDice, GreedKata.Test, Version=1.0.0.0, Culture=neutral, PublicKeyToken=null" name="RandomDiceAreRetrieved" />
    </UnitTest>
    <UnitTest name="AtLeastOneDieWithTheValueToMatchReturnsTrue" storage="d:\greedkata\greedkata.test\bin\debug\greedkata.test.dll" id="7b6ee3fd-918a-1385-912b-acc296b40e7b">
      <Execution id="d97a7be9-5d75-4995-9834-7115dbe2020d" />
      <TestMethod codeBase="D:/GreedKata/GreedKata.Test/bin/Debug/GreedKata.Test.DLL" adapterTypeName="Microsoft.VisualStudio.TestTools.TestTypes.Unit.UnitTestAdapter, Microsoft.VisualStudio.QualityTools.Tips.UnitTest.Adapter, Version=10.0.0.0, Culture=neutral, PublicKeyToken=b03f5f7f11d50a3a" className="GreedKata.Test.Rules.WhenMatchingOneDie, GreedKata.Test, Version=1.0.0.0, Culture=neutral, PublicKeyToken=null" name="AtLeastOneDieWithTheValueToMatchReturnsTrue" />
    </UnitTest>
  </TestDefinitions>
  <TestLists>
    <TestList name="Results Not in a List" id="8c84fa94-04c1-424b-9868-57a2d4851a1d" />
    <TestList name="All Loaded Results" id="19431567-8539-422a-85d7-44ee4e166bda" />
  </TestLists>
  <TestEntries>
    <TestEntry testId="0b4aa5dc-c27b-9665-1d76-5b3c0ee72b13" executionId="679f9ce6-a950-49b2-82de-61a2c40de50f" testListId="8c84fa94-04c1-424b-9868-57a2d4851a1d" />
    <TestEntry testId="1673a8a4-378a-d742-b5f3-241ce0570854" executionId="e60b8b15-bc26-4853-b823-62b2cdf0f141" testListId="8c84fa94-04c1-424b-9868-57a2d4851a1d" />
    <TestEntry testId="19bb8d38-09db-b45c-d97a-d557506c887a" executionId="11b584e4-3ad8-455a-8609-455a02eb5a4e" testListId="8c84fa94-04c1-424b-9868-57a2d4851a1d" />
    <TestEntry testId="20c0f5d0-691a-e093-e521-9234ae60aed1" executionId="dab32a15-a0d2-4865-8026-77d0dee0e7cb" testListId="8c84fa94-04c1-424b-9868-57a2d4851a1d" />
    <TestEntry testId="36dd9b67-a4ad-c710-f2b2-b218d79a554a" executionId="e45fe5d0-024d-4a69-9bff-1bf1d361ce95" testListId="8c84fa94-04c1-424b-9868-57a2d4851a1d" />
    <TestEntry testId="4e326c1d-dd85-aa8e-2dc5-6bbbc9775777" executionId="28f63339-2e23-427f-bdfd-b91f8b09fe46" testListId="8c84fa94-04c1-424b-9868-57a2d4851a1d" />
    <TestEntry testId="5aaf4d04-efc5-db88-0b8a-b55d52a9660c" executionId="0f919a49-bad8-406f-a69e-b8e1f5bf6b8b" testListId="8c84fa94-04c1-424b-9868-57a2d4851a1d" />
    <TestEntry testId="5f2aac0f-1b8f-d439-09a1-caeca311e810" executionId="6a167db9-7689-4c6d-8702-44ab9250e214" testListId="8c84fa94-04c1-424b-9868-57a2d4851a1d" />
    <TestEntry testId="62d6ee5f-c464-4ca7-03e8-eeb4a2911936" executionId="22e852d0-73cf-47f1-ba8a-50bd57171e20" testListId="8c84fa94-04c1-424b-9868-57a2d4851a1d" />
    <TestEntry testId="7255818f-c892-55a9-aa7f-3ba2451b4768" executionId="550553da-734b-4d59-89f4-d5cb37dbc614" testListId="8c84fa94-04c1-424b-9868-57a2d4851a1d" />
    <TestEntry testId="75790c8d-f6b0-593d-b258-d4c6454a9a2b" executionId="926fed9a-6992-4763-9f14-27c8f1f3273c" testListId="8c84fa94-04c1-424b-9868-57a2d4851a1d" />
    <TestEntry testId="778be0c6-fe55-a457-31a7-bcb21ead00f6" executionId="d9afaaa7-e2b9-4fb4-88ae-bae4b20e5253" testListId="8c84fa94-04c1-424b-9868-57a2d4851a1d" />
    <TestEntry testId="7b6ee3fd-918a-1385-912b-acc296b40e7b" executionId="d97a7be9-5d75-4995-9834-7115dbe2020d" testListId="8c84fa94-04c1-424b-9868-57a2d4851a1d" />
    <TestEntry testId="8bc84bc3-f5ff-1528-80bb-3bed49d3fcd8" executionId="41e5d778-c7e5-47f8-8828-6061ab8394ee" testListId="8c84fa94-04c1-424b-9868-57a2d4851a1d" />
    <TestEntry testId="9343120d-9a61-e87b-64b1-f423d535d4a9" executionId="52f0b752-d3ad-47bf-b476-b881146f980d" testListId="8c84fa94-04c1-424b-9868-57a2d4851a1d" />
    <TestEntry testId="9ca15271-9dd2-94e2-4ff8-7700ef0feab3" executionId="7771f41b-1e04-4dfe-bf5f-c9ba09ef9812" testListId="8c84fa94-04c1-424b-9868-57a2d4851a1d" />
    <TestEntry testId="b494e56d-9a80-37be-f315-4879f38f7ae2" executionId="8ec0d37b-eca4-4586-8167-c469e813e7e2" testListId="8c84fa94-04c1-424b-9868-57a2d4851a1d" />
    <TestEntry testId="bef0335e-32e6-07a2-f7b0-f8b5481ddd3e" executionId="17533d16-c264-4661-92ef-ead83ecabc6e" testListId="8c84fa94-04c1-424b-9868-57a2d4851a1d" />
    <TestEntry testId="c042c0ad-a16d-b763-65dd-f31d6cf2d950" executionId="25aa062c-0ce7-4b0e-841b-5edd9f35225c" testListId="8c84fa94-04c1-424b-9868-57a2d4851a1d" />
    <TestEntry testId="c143b250-1b85-0f8d-d9aa-91fbb8d4803b" executionId="a5a23bc9-5806-4840-bca7-83e7450f9801" testListId="8c84fa94-04c1-424b-9868-57a2d4851a1d" />
    <TestEntry testId="cdba51be-4aaa-1bf6-a1a0-42dfd4c54dd0" executionId="970432f4-c764-41ea-ba2f-cbf05266c1b0" testListId="8c84fa94-04c1-424b-9868-57a2d4851a1d" />
    <TestEntry testId="cdd011d7-65ff-d1a2-8b99-24ac44f008b5" executionId="0fc34bab-7365-42f9-ab08-bc73daad3938" testListId="8c84fa94-04c1-424b-9868-57a2d4851a1d" />
    <TestEntry testId="dbe0687b-8deb-308d-4e68-8ca5182254d1" executionId="72370259-8ae1-4678-940e-1a99145011fb" testListId="8c84fa94-04c1-424b-9868-57a2d4851a1d" />
    <TestEntry testId="efd49c58-fd7b-53ca-9b39-f32fa3d40890" executionId="6647359c-a85f-4540-9bd8-9d6e1f2d9791" testListId="8c84fa94-04c1-424b-9868-57a2d4851a1d" />
    <TestEntry testId="f5a66eed-0f35-c989-399d-19a782d6ddc0" executionId="9a24ea6e-0e4e-46cb-afed-fc28dcfad9bb" testListId="8c84fa94-04c1-424b-9868-57a2d4851a1d" />
    <TestEntry testId="fc13ee49-bfaf-6222-1eb6-68d3562aa4fa" executionId="137052b6-e281-4580-8e34-8f2afd482cdf" testListId="8c84fa94-04c1-424b-9868-57a2d4851a1d" />
  </TestEntries>
  <Results>
    <UnitTestResult executionId="679f9ce6-a950-49b2-82de-61a2c40de50f" testId="0b4aa5dc-c27b-9665-1d76-5b3c0ee72b13" testName="TheScoreIsCalculatedAndReturned" computerName="LAPTOP" duration="00:00:00.2896419" startTime="2012-04-14T22:13:48.2650000-04:00" endTime="2012-04-14T22:13:48.8920000-04:00" testType="13cdc9d9-ddb5-4fa4-a97d-d965ccfc6d4b" outcome="Passed" testListId="8c84fa94-04c1-424b-9868-57a2d4851a1d" relativeResultsDirectory="679f9ce6-a950-49b2-82de-61a2c40de50f">
    </UnitTestResult>
    <UnitTestResult executionId="e60b8b15-bc26-4853-b823-62b2cdf0f141" testId="1673a8a4-378a-d742-b5f3-241ce0570854" testName="AndTheOneOneIsMatchedTwice" computerName="LAPTOP" duration="00:00:00.0120501" startTime="2012-04-14T22:13:48.8990000-04:00" endTime="2012-04-14T22:13:48.9150000-04:00" testType="13cdc9d9-ddb5-4fa4-a97d-d965ccfc6d4b" outcome="Passed" testListId="8c84fa94-04c1-424b-9868-57a2d4851a1d" relativeResultsDirectory="e60b8b15-bc26-4853-b823-62b2cdf0f141">
    </UnitTestResult>
    <UnitTestResult executionId="11b584e4-3ad8-455a-8609-455a02eb5a4e" testId="19bb8d38-09db-b45c-d97a-d557506c887a" testName="NoDiceWithTheValueToMatchReturnsFalse" computerName="LAPTOP" duration="00:00:00.0050415" startTime="2012-04-14T22:13:48.9280000-04:00" endTime="2012-04-14T22:13:48.9470000-04:00" testType="13cdc9d9-ddb5-4fa4-a97d-d965ccfc6d4b" outcome="Passed" testListId="8c84fa94-04c1-424b-9868-57a2d4851a1d" relativeResultsDirectory="11b584e4-3ad8-455a-8609-455a02eb5a4e">
    </UnitTestResult>
    <UnitTestResult executionId="dab32a15-a0d2-4865-8026-77d0dee0e7cb" testId="20c0f5d0-691a-e093-e521-9234ae60aed1" testName="AndTheThreeTwosRuleIsMatched" computerName="LAPTOP" duration="00:00:00.0052817" startTime="2012-04-14T22:13:48.9480000-04:00" endTime="2012-04-14T22:13:48.9670000-04:00" testType="13cdc9d9-ddb5-4fa4-a97d-d965ccfc6d4b" outcome="Passed" testListId="8c84fa94-04c1-424b-9868-57a2d4851a1d" relativeResultsDirectory="dab32a15-a0d2-4865-8026-77d0dee0e7cb">
    </UnitTestResult>
    <UnitTestResult executionId="e45fe5d0-024d-4a69-9bff-1bf1d361ce95" testId="36dd9b67-a4ad-c710-f2b2-b218d79a554a" testName="AndTheThreeFivesRuleIsMatched" computerName="LAPTOP" duration="00:00:00.0024868" startTime="2012-04-14T22:13:48.9790000-04:00" endTime="2012-04-14T22:13:48.9970000-04:00" testType="13cdc9d9-ddb5-4fa4-a97d-d965ccfc6d4b" outcome="Passed" testListId="8c84fa94-04c1-424b-9868-57a2d4851a1d" relativeResultsDirectory="e45fe5d0-024d-4a69-9bff-1bf1d361ce95">
    </UnitTestResult>
    <UnitTestResult executionId="28f63339-2e23-427f-bdfd-b91f8b09fe46" testId="4e326c1d-dd85-aa8e-2dc5-6bbbc9775777" testName="RandomDiceAreRetrieved" computerName="LAPTOP" duration="00:00:00.0235515" startTime="2012-04-14T22:13:48.9990000-04:00" endTime="2012-04-14T22:13:49.0520000-04:00" testType="13cdc9d9-ddb5-4fa4-a97d-d965ccfc6d4b" outcome="Passed" testListId="8c84fa94-04c1-424b-9868-57a2d4851a1d" relativeResultsDirectory="28f63339-2e23-427f-bdfd-b91f8b09fe46">
    </UnitTestResult>
    <UnitTestResult executionId="0f919a49-bad8-406f-a69e-b8e1f5bf6b8b" testId="5aaf4d04-efc5-db88-0b8a-b55d52a9660c" testName="AndTheOneFiveRuleIsMatchedTheOneOneIsMatchedTwice" computerName="LAPTOP" duration="00:00:00.0056219" startTime="2012-04-14T22:13:49.0530000-04:00" endTime="2012-04-14T22:13:49.0750000-04:00" testType="13cdc9d9-ddb5-4fa4-a97d-d965ccfc6d4b" outcome="Passed" testListId="8c84fa94-04c1-424b-9868-57a2d4851a1d" relativeResultsDirectory="0f919a49-bad8-406f-a69e-b8e1f5bf6b8b">
    </UnitTestResult>
    <UnitTestResult executionId="6a167db9-7689-4c6d-8702-44ab9250e214" testId="5f2aac0f-1b8f-d439-09a1-caeca311e810" testName="AndTheThreeOnesRuleIsMatched" computerName="LAPTOP" duration="00:00:00.0012357" startTime="2012-04-14T22:13:49.0870000-04:00" endTime="2012-04-14T22:13:49.1020000-04:00" testType="13cdc9d9-ddb5-4fa4-a97d-d965ccfc6d4b" outcome="Passed" testListId="8c84fa94-04c1-424b-9868-57a2d4851a1d" relativeResultsDirectory="6a167db9-7689-4c6d-8702-44ab9250e214">
    </UnitTestResult>
    <UnitTestResult executionId="22e852d0-73cf-47f1-ba8a-50bd57171e20" testId="62d6ee5f-c464-4ca7-03e8-eeb4a2911936" testName="AndTheThreeFivesRuleIsMatchedTheOneFiveIsMatchedTwice" computerName="LAPTOP" duration="00:00:00.0012380" startTime="2012-04-14T22:13:49.1030000-04:00" endTime="2012-04-14T22:13:49.1190000-04:00" testType="13cdc9d9-ddb5-4fa4-a97d-d965ccfc6d4b" outcome="Passed" testListId="8c84fa94-04c1-424b-9868-57a2d4851a1d" relativeResultsDirectory="22e852d0-73cf-47f1-ba8a-50bd57171e20">
    </UnitTestResult>
    <UnitTestResult executionId="550553da-734b-4d59-89f4-d5cb37dbc614" testId="7255818f-c892-55a9-aa7f-3ba2451b4768" testName="AndTheThreeOnesAndOneFiveRulesAreMatched" computerName="LAPTOP" duration="00:00:00.0058542" startTime="2012-04-14T22:13:49.1200000-04:00" endTime="2012-04-14T22:13:49.1470000-04:00" testType="13cdc9d9-ddb5-4fa4-a97d-d965ccfc6d4b" outcome="Passed" testListId="8c84fa94-04c1-424b-9868-57a2d4851a1d" relativeResultsDirectory="550553da-734b-4d59-89f4-d5cb37dbc614">
    </UnitTestResult>
    <UnitTestResult executionId="926fed9a-6992-4763-9f14-27c8f1f3273c" testId="75790c8d-f6b0-593d-b258-d4c6454a9a2b" testName="TheRuleValueCanBeLookedUp" computerName="LAPTOP" duration="00:00:00.0012087" startTime="2012-04-14T22:13:49.1600000-04:00" endTime="2012-04-14T22:13:49.1750000-04:00" testType="13cdc9d9-ddb5-4fa4-a97d-d965ccfc6d4b" outcome="Passed" testListId="8c84fa94-04c1-424b-9868-57a2d4851a1d" relativeResultsDirectory="926fed9a-6992-4763-9f14-27c8f1f3273c">
    </UnitTestResult>
    <UnitTestResult executionId="d9afaaa7-e2b9-4fb4-88ae-bae4b20e5253" testId="778be0c6-fe55-a457-31a7-bcb21ead00f6" testName="AndTheOneFiveRuleIsMatched" computerName="LAPTOP" duration="00:00:00.0013437" startTime="2012-04-14T22:13:49.1770000-04:00" endTime="2012-04-14T22:13:49.1920000-04:00" testType="13cdc9d9-ddb5-4fa4-a97d-d965ccfc6d4b" outcome="Passed" testListId="8c84fa94-04c1-424b-9868-57a2d4851a1d" relativeResultsDirectory="d9afaaa7-e2b9-4fb4-88ae-bae4b20e5253">
    </UnitTestResult>
    <UnitTestResult executionId="d97a7be9-5d75-4995-9834-7115dbe2020d" testId="7b6ee3fd-918a-1385-912b-acc296b40e7b" testName="AtLeastOneDieWithTheValueToMatchReturnsTrue" computerName="LAPTOP" duration="00:00:00.0059645" startTime="2012-04-14T22:13:49.1930000-04:00" endTime="2012-04-14T22:13:49.2180000-04:00" testType="13cdc9d9-ddb5-4fa4-a97d-d965ccfc6d4b" outcome="Passed" testListId="8c84fa94-04c1-424b-9868-57a2d4851a1d" relativeResultsDirectory="d97a7be9-5d75-4995-9834-7115dbe2020d">
    </UnitTestResult>
    <UnitTestResult executionId="41e5d778-c7e5-47f8-8828-6061ab8394ee" testId="8bc84bc3-f5ff-1528-80bb-3bed49d3fcd8" testName="AndBothFiveRulesAreMatched" computerName="LAPTOP" duration="00:00:00.0031128" startTime="2012-04-14T22:13:49.2390000-04:00" endTime="2012-04-14T22:13:49.2640000-04:00" testType="13cdc9d9-ddb5-4fa4-a97d-d965ccfc6d4b" outcome="Passed" testListId="8c84fa94-04c1-424b-9868-57a2d4851a1d" relativeResultsDirectory="41e5d778-c7e5-47f8-8828-6061ab8394ee">
    </UnitTestResult>
    <UnitTestResult executionId="52f0b752-d3ad-47bf-b476-b881146f980d" testId="9343120d-9a61-e87b-64b1-f423d535d4a9" testName="OneDieWithTheValueToMatchReturnsFalse" computerName="LAPTOP" duration="00:00:00.0014405" startTime="2012-04-14T22:13:49.2760000-04:00" endTime="2012-04-14T22:13:49.2930000-04:00" testType="13cdc9d9-ddb5-4fa4-a97d-d965ccfc6d4b" outcome="Passed" testListId="8c84fa94-04c1-424b-9868-57a2d4851a1d" relativeResultsDirectory="52f0b752-d3ad-47bf-b476-b881146f980d">
    </UnitTestResult>
    <UnitTestResult executionId="7771f41b-1e04-4dfe-bf5f-c9ba09ef9812" testId="9ca15271-9dd2-94e2-4ff8-7700ef0feab3" testName="AndTheThreeFoursRuleIsMatched" computerName="LAPTOP" duration="00:00:00.0144475" startTime="2012-04-14T22:13:49.2960000-04:00" endTime="2012-04-14T22:13:49.3250000-04:00" testType="13cdc9d9-ddb5-4fa4-a97d-d965ccfc6d4b" outcome="Passed" testListId="8c84fa94-04c1-424b-9868-57a2d4851a1d" relativeResultsDirectory="7771f41b-1e04-4dfe-bf5f-c9ba09ef9812">
    </UnitTestResult>
    <UnitTestResult executionId="8ec0d37b-eca4-4586-8167-c469e813e7e2" testId="b494e56d-9a80-37be-f315-4879f38f7ae2" testName="ThreeDiceWithTheValueToMatchReturnsTrue" computerName="LAPTOP" duration="00:00:00.0003467" startTime="2012-04-14T22:13:49.3730000-04:00" endTime="2012-04-14T22:13:49.3850000-04:00" testType="13cdc9d9-ddb5-4fa4-a97d-d965ccfc6d4b" outcome="Passed" testListId="8c84fa94-04c1-424b-9868-57a2d4851a1d" relativeResultsDirectory="8ec0d37b-eca4-4586-8167-c469e813e7e2">
    </UnitTestResult>
    <UnitTestResult executionId="17533d16-c264-4661-92ef-ead83ecabc6e" testId="bef0335e-32e6-07a2-f7b0-f8b5481ddd3e" testName="FourDiceWithTheValueToMatchReturnsTrue" computerName="LAPTOP" duration="00:00:00.0011994" startTime="2012-04-14T22:13:49.3880000-04:00" endTime="2012-04-14T22:13:49.4100000-04:00" testType="13cdc9d9-ddb5-4fa4-a97d-d965ccfc6d4b" outcome="Passed" testListId="8c84fa94-04c1-424b-9868-57a2d4851a1d" relativeResultsDirectory="17533d16-c264-4661-92ef-ead83ecabc6e">
    </UnitTestResult>
    <UnitTestResult executionId="25aa062c-0ce7-4b0e-841b-5edd9f35225c" testId="c042c0ad-a16d-b763-65dd-f31d6cf2d950" testName="AndTheOneOneRuleIsMatched" computerName="LAPTOP" duration="00:00:00.0051649" startTime="2012-04-14T22:13:49.4320000-04:00" endTime="2012-04-14T22:13:49.4540000-04:00" testType="13cdc9d9-ddb5-4fa4-a97d-d965ccfc6d4b" outcome="Passed" testListId="8c84fa94-04c1-424b-9868-57a2d4851a1d" relativeResultsDirectory="25aa062c-0ce7-4b0e-841b-5edd9f35225c">
    </UnitTestResult>
    <UnitTestResult executionId="a5a23bc9-5806-4840-bca7-83e7450f9801" testId="c143b250-1b85-0f8d-d9aa-91fbb8d4803b" testName="AndTheThreeThreesAndOneFiveRulesAreMatched" computerName="LAPTOP" duration="00:00:00.0062284" startTime="2012-04-14T22:13:49.4700000-04:00" endTime="2012-04-14T22:13:49.4910000-04:00" testType="13cdc9d9-ddb5-4fa4-a97d-d965ccfc6d4b" outcome="Passed" testListId="8c84fa94-04c1-424b-9868-57a2d4851a1d" relativeResultsDirectory="a5a23bc9-5806-4840-bca7-83e7450f9801">
    </UnitTestResult>
    <UnitTestResult executionId="970432f4-c764-41ea-ba2f-cbf05266c1b0" testId="cdba51be-4aaa-1bf6-a1a0-42dfd4c54dd0" testName="AndTheThreeThreesRuleIsMatched" computerName="LAPTOP" duration="00:00:00.0003188" startTime="2012-04-14T22:13:49.5010000-04:00" endTime="2012-04-14T22:13:49.5120000-04:00" testType="13cdc9d9-ddb5-4fa4-a97d-d965ccfc6d4b" outcome="Passed" testListId="8c84fa94-04c1-424b-9868-57a2d4851a1d" relativeResultsDirectory="970432f4-c764-41ea-ba2f-cbf05266c1b0">
    </UnitTestResult>
    <UnitTestResult executionId="0fc34bab-7365-42f9-ab08-bc73daad3938" testId="cdd011d7-65ff-d1a2-8b99-24ac44f008b5" testName="NoDiceWithTheValueToMatchReturnsFalse" computerName="LAPTOP" duration="00:00:00.0002988" startTime="2012-04-14T22:13:49.5170000-04:00" endTime="2012-04-14T22:13:49.5230000-04:00" testType="13cdc9d9-ddb5-4fa4-a97d-d965ccfc6d4b" outcome="Passed" testListId="8c84fa94-04c1-424b-9868-57a2d4851a1d" relativeResultsDirectory="0fc34bab-7365-42f9-ab08-bc73daad3938">
    </UnitTestResult>
    <UnitTestResult executionId="72370259-8ae1-4678-940e-1a99145011fb" testId="dbe0687b-8deb-308d-4e68-8ca5182254d1" testName="TheRandomDiceArePassedToTheCalculateMethod" computerName="LAPTOP" duration="00:00:00.0096126" startTime="2012-04-14T22:13:49.5270000-04:00" endTime="2012-04-14T22:13:49.5420000-04:00" testType="13cdc9d9-ddb5-4fa4-a97d-d965ccfc6d4b" outcome="Passed" testListId="8c84fa94-04c1-424b-9868-57a2d4851a1d" relativeResultsDirectory="72370259-8ae1-4678-940e-1a99145011fb">
    </UnitTestResult>
    <UnitTestResult executionId="6647359c-a85f-4540-9bd8-9d6e1f2d9791" testId="efd49c58-fd7b-53ca-9b39-f32fa3d40890" testName="AndNoRulesAreMatched" computerName="LAPTOP" duration="00:00:00.0012785" startTime="2012-04-14T22:13:49.5450000-04:00" endTime="2012-04-14T22:13:49.5610000-04:00" testType="13cdc9d9-ddb5-4fa4-a97d-d965ccfc6d4b" outcome="Passed" testListId="8c84fa94-04c1-424b-9868-57a2d4851a1d" relativeResultsDirectory="6647359c-a85f-4540-9bd8-9d6e1f2d9791">
    </UnitTestResult>
    <UnitTestResult executionId="9a24ea6e-0e4e-46cb-afed-fc28dcfad9bb" testId="f5a66eed-0f35-c989-399d-19a782d6ddc0" testName="TheRuleValueCanBeLookedUp" computerName="LAPTOP" duration="00:00:00.0002899" startTime="2012-04-14T22:13:49.5650000-04:00" endTime="2012-04-14T22:13:49.5760000-04:00" testType="13cdc9d9-ddb5-4fa4-a97d-d965ccfc6d4b" outcome="Passed" testListId="8c84fa94-04c1-424b-9868-57a2d4851a1d" relativeResultsDirectory="9a24ea6e-0e4e-46cb-afed-fc28dcfad9bb">
    </UnitTestResult>
    <UnitTestResult executionId="137052b6-e281-4580-8e34-8f2afd482cdf" testId="fc13ee49-bfaf-6222-1eb6-68d3562aa4fa" testName="AndTheThreeSixesRuleIsMatched" computerName="LAPTOP" duration="00:00:00.0003588" startTime="2012-04-14T22:13:49.5780000-04:00" endTime="2012-04-14T22:13:49.5850000-04:00" testType="13cdc9d9-ddb5-4fa4-a97d-d965ccfc6d4b" outcome="Passed" testListId="8c84fa94-04c1-424b-9868-57a2d4851a1d" relativeResultsDirectory="137052b6-e281-4580-8e34-8f2afd482cdf">
    </UnitTestResult>
  </Results>
</TestRun>