<?xml version="1.0" encoding="UTF-8"?>
<TestRun id="aacc3af1-d9d7-43b2-a775-278466134a11" name="Matt@LAPTOP 2012-04-14 20:34:09" runUser="laptop\Matt" xmlns="http://microsoft.com/schemas/VisualStudio/TeamTest/2010">
  <TestSettings name="Local" id="4663f0f2-8423-4c52-9793-eac18d9a1990">
    <Description>These are default test settings for a local test run.</Description>
    <Deployment enabled="false" runDeploymentRoot="Matt_LAPTOP 2012-04-14 20_34_09">
      <DeploymentItem filename="D:\GreedKata\GreedKata.Test\obj\FluentAssertions.dll" />
      <DeploymentItem filename="D:\GreedKata\GreedKata\bin\Debug\GreedKata.dll" />
      <DeploymentItem filename="D:\GreedKata\GreedKata.Test\obj\Moq.dll" />
    </Deployment>
    <Execution>
      <TestTypeSpecific />
      <AgentRule name="Execution Agents">
      </AgentRule>
    </Execution>
  </TestSettings>
  <Times creation="2012-04-14T20:34:09.2916000-04:00" queuing="2012-04-14T20:34:09.3636000-04:00" start="2012-04-14T20:34:09.3956000-04:00" finish="2012-04-14T20:34:10.1936000-04:00" />
  <ResultSummary outcome="Completed">
    <Counters total="19" executed="19" passed="19" error="0" failed="0" timeout="0" aborted="0" inconclusive="0" passedButRunAborted="0" notRunnable="0" notExecuted="0" disconnected="0" warning="0" completed="0" inProgress="0" pending="0" />
  </ResultSummary>
  <TestDefinitions>
    <UnitTest name="AndTheOneOneRuleIsMatched" storage="d:\greedkata\greedkata.test\bin\debug\greedkata.test.dll" id="597c4474-49ed-d381-7c10-6822fcd334a9">
      <Execution id="06ca54f9-cfe7-4001-8e08-2dfb0b9f5839" />
      <TestMethod codeBase="D:/GreedKata/GreedKata.Test/bin/Debug/GreedKata.Test.DLL" adapterTypeName="Microsoft.VisualStudio.TestTools.TestTypes.Unit.UnitTestAdapter, Microsoft.VisualStudio.QualityTools.Tips.UnitTest.Adapter, Version=10.0.0.0, Culture=neutral, PublicKeyToken=b03f5f7f11d50a3a" className="GreedKata.Test.WhenRollingDice, GreedKata.Test, Version=1.0.0.0, Culture=neutral, PublicKeyToken=null" name="AndTheOneOneRuleIsMatched" />
    </UnitTest>
    <UnitTest name="AndBothFiveRulesAreMatched" storage="d:\greedkata\greedkata.test\bin\debug\greedkata.test.dll" id="dee9bf14-81d3-f2de-ad9e-2790846b09ab">
      <Execution id="0c534d51-9115-45c8-afc8-9e86915e01d0" />
      <TestMethod codeBase="D:/GreedKata/GreedKata.Test/bin/Debug/GreedKata.Test.DLL" adapterTypeName="Microsoft.VisualStudio.TestTools.TestTypes.Unit.UnitTestAdapter, Microsoft.VisualStudio.QualityTools.Tips.UnitTest.Adapter, Version=10.0.0.0, Culture=neutral, PublicKeyToken=b03f5f7f11d50a3a" className="GreedKata.Test.WhenRollingDice, GreedKata.Test, Version=1.0.0.0, Culture=neutral, PublicKeyToken=null" name="AndBothFiveRulesAreMatched" />
    </UnitTest>
    <UnitTest name="OneDieWithTheValueToMatchReturnsFalse" storage="d:\greedkata\greedkata.test\bin\debug\greedkata.test.dll" id="9343120d-9a61-e87b-64b1-f423d535d4a9">
      <Execution id="d639a9c1-b363-4c17-afe7-91c6a0b90197" />
      <TestMethod codeBase="D:/GreedKata/GreedKata.Test/bin/Debug/GreedKata.Test.DLL" adapterTypeName="Microsoft.VisualStudio.TestTools.TestTypes.Unit.UnitTestAdapter, Microsoft.VisualStudio.QualityTools.Tips.UnitTest.Adapter, Version=10.0.0.0, Culture=neutral, PublicKeyToken=b03f5f7f11d50a3a" className="GreedKata.Test.Rules.WhenMatchingThreeDiceWithTheSameValue, GreedKata.Test, Version=1.0.0.0, Culture=neutral, PublicKeyToken=null" name="OneDieWithTheValueToMatchReturnsFalse" />
    </UnitTest>
    <UnitTest name="ThreeDiceWithTheValueToMatchReturnsTrue" storage="d:\greedkata\greedkata.test\bin\debug\greedkata.test.dll" id="b494e56d-9a80-37be-f315-4879f38f7ae2">
      <Execution id="0f0050a0-083f-4dc8-b576-0ed7ee3ccc37" />
      <TestMethod codeBase="D:/GreedKata/GreedKata.Test/bin/Debug/GreedKata.Test.DLL" adapterTypeName="Microsoft.VisualStudio.TestTools.TestTypes.Unit.UnitTestAdapter, Microsoft.VisualStudio.QualityTools.Tips.UnitTest.Adapter, Version=10.0.0.0, Culture=neutral, PublicKeyToken=b03f5f7f11d50a3a" className="GreedKata.Test.Rules.WhenMatchingThreeDiceWithTheSameValue, GreedKata.Test, Version=1.0.0.0, Culture=neutral, PublicKeyToken=null" name="ThreeDiceWithTheValueToMatchReturnsTrue" />
    </UnitTest>
    <UnitTest name="TheRuleValueCanBeLookedUp" storage="d:\greedkata\greedkata.test\bin\debug\greedkata.test.dll" id="75790c8d-f6b0-593d-b258-d4c6454a9a2b">
      <Execution id="58f3a904-a0e4-440c-8e19-0593b9b90930" />
      <TestMethod codeBase="D:/GreedKata/GreedKata.Test/bin/Debug/GreedKata.Test.DLL" adapterTypeName="Microsoft.VisualStudio.TestTools.TestTypes.Unit.UnitTestAdapter, Microsoft.VisualStudio.QualityTools.Tips.UnitTest.Adapter, Version=10.0.0.0, Culture=neutral, PublicKeyToken=b03f5f7f11d50a3a" className="GreedKata.Test.Rules.WhenMatchingOneDie, GreedKata.Test, Version=1.0.0.0, Culture=neutral, PublicKeyToken=null" name="TheRuleValueCanBeLookedUp" />
    </UnitTest>
    <UnitTest name="AndTheOneFiveRuleIsMatched" storage="d:\greedkata\greedkata.test\bin\debug\greedkata.test.dll" id="b13ca5f6-b435-d32d-2780-9a5fc480812d">
      <Execution id="f0b07b4c-b0dd-40be-88e6-5ec2efac9997" />
      <TestMethod codeBase="D:/GreedKata/GreedKata.Test/bin/Debug/GreedKata.Test.DLL" adapterTypeName="Microsoft.VisualStudio.TestTools.TestTypes.Unit.UnitTestAdapter, Microsoft.VisualStudio.QualityTools.Tips.UnitTest.Adapter, Version=10.0.0.0, Culture=neutral, PublicKeyToken=b03f5f7f11d50a3a" className="GreedKata.Test.WhenRollingDice, GreedKata.Test, Version=1.0.0.0, Culture=neutral, PublicKeyToken=null" name="AndTheOneFiveRuleIsMatched" />
    </UnitTest>
    <UnitTest name="NoDiceWithTheValueToMatchReturnsFalse" storage="d:\greedkata\greedkata.test\bin\debug\greedkata.test.dll" id="cdd011d7-65ff-d1a2-8b99-24ac44f008b5">
      <Execution id="b59ab713-5a1f-4d69-adc6-f0ef563886ba" />
      <TestMethod codeBase="D:/GreedKata/GreedKata.Test/bin/Debug/GreedKata.Test.DLL" adapterTypeName="Microsoft.VisualStudio.TestTools.TestTypes.Unit.UnitTestAdapter, Microsoft.VisualStudio.QualityTools.Tips.UnitTest.Adapter, Version=10.0.0.0, Culture=neutral, PublicKeyToken=b03f5f7f11d50a3a" className="GreedKata.Test.Rules.WhenMatchingThreeDiceWithTheSameValue, GreedKata.Test, Version=1.0.0.0, Culture=neutral, PublicKeyToken=null" name="NoDiceWithTheValueToMatchReturnsFalse" />
    </UnitTest>
    <UnitTest name="AndTheThreeFivesRuleIsMatched" storage="d:\greedkata\greedkata.test\bin\debug\greedkata.test.dll" id="e18f19b1-4ec6-fd14-ea60-5c8639968922">
      <Execution id="09ce1ec1-cc78-4deb-9edc-1f7e2dfee645" />
      <TestMethod codeBase="D:/GreedKata/GreedKata.Test/bin/Debug/GreedKata.Test.DLL" adapterTypeName="Microsoft.VisualStudio.TestTools.TestTypes.Unit.UnitTestAdapter, Microsoft.VisualStudio.QualityTools.Tips.UnitTest.Adapter, Version=10.0.0.0, Culture=neutral, PublicKeyToken=b03f5f7f11d50a3a" className="GreedKata.Test.WhenRollingDice, GreedKata.Test, Version=1.0.0.0, Culture=neutral, PublicKeyToken=null" name="AndTheThreeFivesRuleIsMatched" />
    </UnitTest>
    <UnitTest name="FourDiceWithTheValueToMatchReturnsTrue" storage="d:\greedkata\greedkata.test\bin\debug\greedkata.test.dll" id="bef0335e-32e6-07a2-f7b0-f8b5481ddd3e">
      <Execution id="4f66a747-d52a-48b5-8d31-e0a636bf90e9" />
      <TestMethod codeBase="D:/GreedKata/GreedKata.Test/bin/Debug/GreedKata.Test.DLL" adapterTypeName="Microsoft.VisualStudio.TestTools.TestTypes.Unit.UnitTestAdapter, Microsoft.VisualStudio.QualityTools.Tips.UnitTest.Adapter, Version=10.0.0.0, Culture=neutral, PublicKeyToken=b03f5f7f11d50a3a" className="GreedKata.Test.Rules.WhenMatchingThreeDiceWithTheSameValue, GreedKata.Test, Version=1.0.0.0, Culture=neutral, PublicKeyToken=null" name="FourDiceWithTheValueToMatchReturnsTrue" />
    </UnitTest>
    <UnitTest name="TheRuleValueCanBeLookedUp" storage="d:\greedkata\greedkata.test\bin\debug\greedkata.test.dll" id="f5a66eed-0f35-c989-399d-19a782d6ddc0">
      <Execution id="060bd2e4-dc2f-4c7a-9825-f3dfd5c2fb64" />
      <TestMethod codeBase="D:/GreedKata/GreedKata.Test/bin/Debug/GreedKata.Test.DLL" adapterTypeName="Microsoft.VisualStudio.TestTools.TestTypes.Unit.UnitTestAdapter, Microsoft.VisualStudio.QualityTools.Tips.UnitTest.Adapter, Version=10.0.0.0, Culture=neutral, PublicKeyToken=b03f5f7f11d50a3a" className="GreedKata.Test.Rules.WhenMatchingThreeDiceWithTheSameValue, GreedKata.Test, Version=1.0.0.0, Culture=neutral, PublicKeyToken=null" name="TheRuleValueCanBeLookedUp" />
    </UnitTest>
    <UnitTest name="AndTheThreeThreesRuleIsMatched" storage="d:\greedkata\greedkata.test\bin\debug\greedkata.test.dll" id="b5e9fc07-7982-9697-8ca0-db9f3a3cfae5">
      <Execution id="ec5a7e4a-6be7-4a67-a455-b22ecdbf1292" />
      <TestMethod codeBase="D:/GreedKata/GreedKata.Test/bin/Debug/GreedKata.Test.DLL" adapterTypeName="Microsoft.VisualStudio.TestTools.TestTypes.Unit.UnitTestAdapter, Microsoft.VisualStudio.QualityTools.Tips.UnitTest.Adapter, Version=10.0.0.0, Culture=neutral, PublicKeyToken=b03f5f7f11d50a3a" className="GreedKata.Test.WhenRollingDice, GreedKata.Test, Version=1.0.0.0, Culture=neutral, PublicKeyToken=null" name="AndTheThreeThreesRuleIsMatched" />
    </UnitTest>
    <UnitTest name="AndTheThreeFoursRuleIsMatched" storage="d:\greedkata\greedkata.test\bin\debug\greedkata.test.dll" id="c84f54bd-3ae1-7687-85c3-db681626bc96">
      <Execution id="6ea572d9-dc23-41fc-bd60-ae5b95ad9aeb" />
      <TestMethod codeBase="D:/GreedKata/GreedKata.Test/bin/Debug/GreedKata.Test.DLL" adapterTypeName="Microsoft.VisualStudio.TestTools.TestTypes.Unit.UnitTestAdapter, Microsoft.VisualStudio.QualityTools.Tips.UnitTest.Adapter, Version=10.0.0.0, Culture=neutral, PublicKeyToken=b03f5f7f11d50a3a" className="GreedKata.Test.WhenRollingDice, GreedKata.Test, Version=1.0.0.0, Culture=neutral, PublicKeyToken=null" name="AndTheThreeFoursRuleIsMatched" />
    </UnitTest>
    <UnitTest name="AndNoRulesAreMatchedTheValueIsZero" storage="d:\greedkata\greedkata.test\bin\debug\greedkata.test.dll" id="09debda4-01a8-2a56-e103-f46c9abafedd">
      <Execution id="6b7580b7-2e2d-4571-aa66-371e454dd642" />
      <TestMethod codeBase="D:/GreedKata/GreedKata.Test/bin/Debug/GreedKata.Test.DLL" adapterTypeName="Microsoft.VisualStudio.TestTools.TestTypes.Unit.UnitTestAdapter, Microsoft.VisualStudio.QualityTools.Tips.UnitTest.Adapter, Version=10.0.0.0, Culture=neutral, PublicKeyToken=b03f5f7f11d50a3a" className="GreedKata.Test.WhenRollingDice, GreedKata.Test, Version=1.0.0.0, Culture=neutral, PublicKeyToken=null" name="AndNoRulesAreMatchedTheValueIsZero" />
    </UnitTest>
    <UnitTest name="AndTheThreeOnesRuleIsMatched" storage="d:\greedkata\greedkata.test\bin\debug\greedkata.test.dll" id="2918c309-cc20-4e1e-1a20-254757c8a472">
      <Execution id="6c1549b6-d989-4e61-a78a-093c9bab9b0d" />
      <TestMethod codeBase="D:/GreedKata/GreedKata.Test/bin/Debug/GreedKata.Test.DLL" adapterTypeName="Microsoft.VisualStudio.TestTools.TestTypes.Unit.UnitTestAdapter, Microsoft.VisualStudio.QualityTools.Tips.UnitTest.Adapter, Version=10.0.0.0, Culture=neutral, PublicKeyToken=b03f5f7f11d50a3a" className="GreedKata.Test.WhenRollingDice, GreedKata.Test, Version=1.0.0.0, Culture=neutral, PublicKeyToken=null" name="AndTheThreeOnesRuleIsMatched" />
    </UnitTest>
    <UnitTest name="NoDiceWithTheValueToMatchReturnsFalse" storage="d:\greedkata\greedkata.test\bin\debug\greedkata.test.dll" id="19bb8d38-09db-b45c-d97a-d557506c887a">
      <Execution id="621cde44-c5a1-4642-9692-97b7d7191fe7" />
      <TestMethod codeBase="D:/GreedKata/GreedKata.Test/bin/Debug/GreedKata.Test.DLL" adapterTypeName="Microsoft.VisualStudio.TestTools.TestTypes.Unit.UnitTestAdapter, Microsoft.VisualStudio.QualityTools.Tips.UnitTest.Adapter, Version=10.0.0.0, Culture=neutral, PublicKeyToken=b03f5f7f11d50a3a" className="GreedKata.Test.Rules.WhenMatchingOneDie, GreedKata.Test, Version=1.0.0.0, Culture=neutral, PublicKeyToken=null" name="NoDiceWithTheValueToMatchReturnsFalse" />
    </UnitTest>
    <UnitTest name="AndTheThreeSixesRuleIsMatched" storage="d:\greedkata\greedkata.test\bin\debug\greedkata.test.dll" id="0f77d73f-11be-9fb0-e2b7-752de09ae572">
      <Execution id="8f50b79d-cbc3-4600-b6c4-e6050fe29410" />
      <TestMethod codeBase="D:/GreedKata/GreedKata.Test/bin/Debug/GreedKata.Test.DLL" adapterTypeName="Microsoft.VisualStudio.TestTools.TestTypes.Unit.UnitTestAdapter, Microsoft.VisualStudio.QualityTools.Tips.UnitTest.Adapter, Version=10.0.0.0, Culture=neutral, PublicKeyToken=b03f5f7f11d50a3a" className="GreedKata.Test.WhenRollingDice, GreedKata.Test, Version=1.0.0.0, Culture=neutral, PublicKeyToken=null" name="AndTheThreeSixesRuleIsMatched" />
    </UnitTest>
    <UnitTest name="AndTheThreeOnesAndOneFiveRulesAreMatched" storage="d:\greedkata\greedkata.test\bin\debug\greedkata.test.dll" id="03d6080f-bfa9-9ad9-76ff-25b6c13250ad">
      <Execution id="55729a5a-18a3-492e-8e17-1ccfd3eb84ae" />
      <TestMethod codeBase="D:/GreedKata/GreedKata.Test/bin/Debug/GreedKata.Test.DLL" adapterTypeName="Microsoft.VisualStudio.TestTools.TestTypes.Unit.UnitTestAdapter, Microsoft.VisualStudio.QualityTools.Tips.UnitTest.Adapter, Version=10.0.0.0, Culture=neutral, PublicKeyToken=b03f5f7f11d50a3a" className="GreedKata.Test.WhenRollingDice, GreedKata.Test, Version=1.0.0.0, Culture=neutral, PublicKeyToken=null" name="AndTheThreeOnesAndOneFiveRulesAreMatched" />
    </UnitTest>
    <UnitTest name="AndTheThreeTwosRuleIsMatched" storage="d:\greedkata\greedkata.test\bin\debug\greedkata.test.dll" id="6744d138-bd67-22dd-ff58-60f8b60baea5">
      <Execution id="0eda6784-9194-48e6-a8c7-b6fb4a85ccfb" />
      <TestMethod codeBase="D:/GreedKata/GreedKata.Test/bin/Debug/GreedKata.Test.DLL" adapterTypeName="Microsoft.VisualStudio.TestTools.TestTypes.Unit.UnitTestAdapter, Microsoft.VisualStudio.QualityTools.Tips.UnitTest.Adapter, Version=10.0.0.0, Culture=neutral, PublicKeyToken=b03f5f7f11d50a3a" className="GreedKata.Test.WhenRollingDice, GreedKata.Test, Version=1.0.0.0, Culture=neutral, PublicKeyToken=null" name="AndTheThreeTwosRuleIsMatched" />
    </UnitTest>
    <UnitTest name="AtLeastOneDieWithTheValueToMatchReturnsTrue" storage="d:\greedkata\greedkata.test\bin\debug\greedkata.test.dll" id="7b6ee3fd-918a-1385-912b-acc296b40e7b">
      <Execution id="c170756d-a4f3-41b7-89d7-8639ec978dab" />
      <TestMethod codeBase="D:/GreedKata/GreedKata.Test/bin/Debug/GreedKata.Test.DLL" adapterTypeName="Microsoft.VisualStudio.TestTools.TestTypes.Unit.UnitTestAdapter, Microsoft.VisualStudio.QualityTools.Tips.UnitTest.Adapter, Version=10.0.0.0, Culture=neutral, PublicKeyToken=b03f5f7f11d50a3a" className="GreedKata.Test.Rules.WhenMatchingOneDie, GreedKata.Test, Version=1.0.0.0, Culture=neutral, PublicKeyToken=null" name="AtLeastOneDieWithTheValueToMatchReturnsTrue" />
    </UnitTest>
  </TestDefinitions>
  <TestLists>
    <TestList name="Results Not in a List" id="8c84fa94-04c1-424b-9868-57a2d4851a1d" />
    <TestList name="All Loaded Results" id="19431567-8539-422a-85d7-44ee4e166bda" />
  </TestLists>
  <TestEntries>
    <TestEntry testId="03d6080f-bfa9-9ad9-76ff-25b6c13250ad" executionId="55729a5a-18a3-492e-8e17-1ccfd3eb84ae" testListId="8c84fa94-04c1-424b-9868-57a2d4851a1d" />
    <TestEntry testId="09debda4-01a8-2a56-e103-f46c9abafedd" executionId="6b7580b7-2e2d-4571-aa66-371e454dd642" testListId="8c84fa94-04c1-424b-9868-57a2d4851a1d" />
    <TestEntry testId="0f77d73f-11be-9fb0-e2b7-752de09ae572" executionId="8f50b79d-cbc3-4600-b6c4-e6050fe29410" testListId="8c84fa94-04c1-424b-9868-57a2d4851a1d" />
    <TestEntry testId="19bb8d38-09db-b45c-d97a-d557506c887a" executionId="621cde44-c5a1-4642-9692-97b7d7191fe7" testListId="8c84fa94-04c1-424b-9868-57a2d4851a1d" />
    <TestEntry testId="2918c309-cc20-4e1e-1a20-254757c8a472" executionId="6c1549b6-d989-4e61-a78a-093c9bab9b0d" testListId="8c84fa94-04c1-424b-9868-57a2d4851a1d" />
    <TestEntry testId="597c4474-49ed-d381-7c10-6822fcd334a9" executionId="06ca54f9-cfe7-4001-8e08-2dfb0b9f5839" testListId="8c84fa94-04c1-424b-9868-57a2d4851a1d" />
    <TestEntry testId="6744d138-bd67-22dd-ff58-60f8b60baea5" executionId="0eda6784-9194-48e6-a8c7-b6fb4a85ccfb" testListId="8c84fa94-04c1-424b-9868-57a2d4851a1d" />
    <TestEntry testId="75790c8d-f6b0-593d-b258-d4c6454a9a2b" executionId="58f3a904-a0e4-440c-8e19-0593b9b90930" testListId="8c84fa94-04c1-424b-9868-57a2d4851a1d" />
    <TestEntry testId="7b6ee3fd-918a-1385-912b-acc296b40e7b" executionId="c170756d-a4f3-41b7-89d7-8639ec978dab" testListId="8c84fa94-04c1-424b-9868-57a2d4851a1d" />
    <TestEntry testId="9343120d-9a61-e87b-64b1-f423d535d4a9" executionId="d639a9c1-b363-4c17-afe7-91c6a0b90197" testListId="8c84fa94-04c1-424b-9868-57a2d4851a1d" />
    <TestEntry testId="b13ca5f6-b435-d32d-2780-9a5fc480812d" executionId="f0b07b4c-b0dd-40be-88e6-5ec2efac9997" testListId="8c84fa94-04c1-424b-9868-57a2d4851a1d" />
    <TestEntry testId="b494e56d-9a80-37be-f315-4879f38f7ae2" executionId="0f0050a0-083f-4dc8-b576-0ed7ee3ccc37" testListId="8c84fa94-04c1-424b-9868-57a2d4851a1d" />
    <TestEntry testId="b5e9fc07-7982-9697-8ca0-db9f3a3cfae5" executionId="ec5a7e4a-6be7-4a67-a455-b22ecdbf1292" testListId="8c84fa94-04c1-424b-9868-57a2d4851a1d" />
    <TestEntry testId="bef0335e-32e6-07a2-f7b0-f8b5481ddd3e" executionId="4f66a747-d52a-48b5-8d31-e0a636bf90e9" testListId="8c84fa94-04c1-424b-9868-57a2d4851a1d" />
    <TestEntry testId="c84f54bd-3ae1-7687-85c3-db681626bc96" executionId="6ea572d9-dc23-41fc-bd60-ae5b95ad9aeb" testListId="8c84fa94-04c1-424b-9868-57a2d4851a1d" />
    <TestEntry testId="cdd011d7-65ff-d1a2-8b99-24ac44f008b5" executionId="b59ab713-5a1f-4d69-adc6-f0ef563886ba" testListId="8c84fa94-04c1-424b-9868-57a2d4851a1d" />
    <TestEntry testId="dee9bf14-81d3-f2de-ad9e-2790846b09ab" executionId="0c534d51-9115-45c8-afc8-9e86915e01d0" testListId="8c84fa94-04c1-424b-9868-57a2d4851a1d" />
    <TestEntry testId="e18f19b1-4ec6-fd14-ea60-5c8639968922" executionId="09ce1ec1-cc78-4deb-9edc-1f7e2dfee645" testListId="8c84fa94-04c1-424b-9868-57a2d4851a1d" />
    <TestEntry testId="f5a66eed-0f35-c989-399d-19a782d6ddc0" executionId="060bd2e4-dc2f-4c7a-9825-f3dfd5c2fb64" testListId="8c84fa94-04c1-424b-9868-57a2d4851a1d" />
  </TestEntries>
  <Results>
    <UnitTestResult executionId="55729a5a-18a3-492e-8e17-1ccfd3eb84ae" testId="03d6080f-bfa9-9ad9-76ff-25b6c13250ad" testName="AndTheThreeOnesAndOneFiveRulesAreMatched" computerName="LAPTOP" duration="00:00:00.0299861" startTime="2012-04-14T20:34:09.4066000-04:00" endTime="2012-04-14T20:34:09.7926000-04:00" testType="13cdc9d9-ddb5-4fa4-a97d-d965ccfc6d4b" outcome="Passed" testListId="8c84fa94-04c1-424b-9868-57a2d4851a1d" relativeResultsDirectory="55729a5a-18a3-492e-8e17-1ccfd3eb84ae">
    </UnitTestResult>
    <UnitTestResult executionId="6b7580b7-2e2d-4571-aa66-371e454dd642" testId="09debda4-01a8-2a56-e103-f46c9abafedd" testName="AndNoRulesAreMatchedTheValueIsZero" computerName="LAPTOP" duration="00:00:00.0011607" startTime="2012-04-14T20:34:09.8126000-04:00" endTime="2012-04-14T20:34:09.8316000-04:00" testType="13cdc9d9-ddb5-4fa4-a97d-d965ccfc6d4b" outcome="Passed" testListId="8c84fa94-04c1-424b-9868-57a2d4851a1d" relativeResultsDirectory="6b7580b7-2e2d-4571-aa66-371e454dd642">
    </UnitTestResult>
    <UnitTestResult executionId="8f50b79d-cbc3-4600-b6c4-e6050fe29410" testId="0f77d73f-11be-9fb0-e2b7-752de09ae572" testName="AndTheThreeSixesRuleIsMatched" computerName="LAPTOP" duration="00:00:00.0012697" startTime="2012-04-14T20:34:09.8566000-04:00" endTime="2012-04-14T20:34:09.8726000-04:00" testType="13cdc9d9-ddb5-4fa4-a97d-d965ccfc6d4b" outcome="Passed" testListId="8c84fa94-04c1-424b-9868-57a2d4851a1d" relativeResultsDirectory="8f50b79d-cbc3-4600-b6c4-e6050fe29410">
    </UnitTestResult>
    <UnitTestResult executionId="621cde44-c5a1-4642-9692-97b7d7191fe7" testId="19bb8d38-09db-b45c-d97a-d557506c887a" testName="NoDiceWithTheValueToMatchReturnsFalse" computerName="LAPTOP" duration="00:00:00.0041549" startTime="2012-04-14T20:34:09.8866000-04:00" endTime="2012-04-14T20:34:09.9026000-04:00" testType="13cdc9d9-ddb5-4fa4-a97d-d965ccfc6d4b" outcome="Passed" testListId="8c84fa94-04c1-424b-9868-57a2d4851a1d" relativeResultsDirectory="621cde44-c5a1-4642-9692-97b7d7191fe7">
    </UnitTestResult>
    <UnitTestResult executionId="6c1549b6-d989-4e61-a78a-093c9bab9b0d" testId="2918c309-cc20-4e1e-1a20-254757c8a472" testName="AndTheThreeOnesRuleIsMatched" computerName="LAPTOP" duration="00:00:00.0024458" startTime="2012-04-14T20:34:09.9066000-04:00" endTime="2012-04-14T20:34:09.9296000-04:00" testType="13cdc9d9-ddb5-4fa4-a97d-d965ccfc6d4b" outcome="Passed" testListId="8c84fa94-04c1-424b-9868-57a2d4851a1d" relativeResultsDirectory="6c1549b6-d989-4e61-a78a-093c9bab9b0d">
    </UnitTestResult>
    <UnitTestResult executionId="06ca54f9-cfe7-4001-8e08-2dfb0b9f5839" testId="597c4474-49ed-d381-7c10-6822fcd334a9" testName="AndTheOneOneRuleIsMatched" computerName="LAPTOP" duration="00:00:00.0047074" startTime="2012-04-14T20:34:09.9386000-04:00" endTime="2012-04-14T20:34:09.9596000-04:00" testType="13cdc9d9-ddb5-4fa4-a97d-d965ccfc6d4b" outcome="Passed" testListId="8c84fa94-04c1-424b-9868-57a2d4851a1d" relativeResultsDirectory="06ca54f9-cfe7-4001-8e08-2dfb0b9f5839">
    </UnitTestResult>
    <UnitTestResult executionId="0eda6784-9194-48e6-a8c7-b6fb4a85ccfb" testId="6744d138-bd67-22dd-ff58-60f8b60baea5" testName="AndTheThreeTwosRuleIsMatched" computerName="LAPTOP" duration="00:00:00.0011375" startTime="2012-04-14T20:34:09.9646000-04:00" endTime="2012-04-14T20:34:09.9846000-04:00" testType="13cdc9d9-ddb5-4fa4-a97d-d965ccfc6d4b" outcome="Passed" testListId="8c84fa94-04c1-424b-9868-57a2d4851a1d" relativeResultsDirectory="0eda6784-9194-48e6-a8c7-b6fb4a85ccfb">
    </UnitTestResult>
    <UnitTestResult executionId="58f3a904-a0e4-440c-8e19-0593b9b90930" testId="75790c8d-f6b0-593d-b258-d4c6454a9a2b" testName="TheRuleValueCanBeLookedUp" computerName="LAPTOP" duration="00:00:00.0003006" startTime="2012-04-14T20:34:10.0016000-04:00" endTime="2012-04-14T20:34:10.0116000-04:00" testType="13cdc9d9-ddb5-4fa4-a97d-d965ccfc6d4b" outcome="Passed" testListId="8c84fa94-04c1-424b-9868-57a2d4851a1d" relativeResultsDirectory="58f3a904-a0e4-440c-8e19-0593b9b90930">
    </UnitTestResult>
    <UnitTestResult executionId="c170756d-a4f3-41b7-89d7-8639ec978dab" testId="7b6ee3fd-918a-1385-912b-acc296b40e7b" testName="AtLeastOneDieWithTheValueToMatchReturnsTrue" computerName="LAPTOP" duration="00:00:00.0011505" startTime="2012-04-14T20:34:10.0446000-04:00" endTime="2012-04-14T20:34:10.0546000-04:00" testType="13cdc9d9-ddb5-4fa4-a97d-d965ccfc6d4b" outcome="Passed" testListId="8c84fa94-04c1-424b-9868-57a2d4851a1d" relativeResultsDirectory="c170756d-a4f3-41b7-89d7-8639ec978dab">
    </UnitTestResult>
    <UnitTestResult executionId="d639a9c1-b363-4c17-afe7-91c6a0b90197" testId="9343120d-9a61-e87b-64b1-f423d535d4a9" testName="OneDieWithTheValueToMatchReturnsFalse" computerName="LAPTOP" duration="00:00:00.0004714" startTime="2012-04-14T20:34:10.0686000-04:00" endTime="2012-04-14T20:34:10.0836000-04:00" testType="13cdc9d9-ddb5-4fa4-a97d-d965ccfc6d4b" outcome="Passed" testListId="8c84fa94-04c1-424b-9868-57a2d4851a1d" relativeResultsDirectory="d639a9c1-b363-4c17-afe7-91c6a0b90197">
    </UnitTestResult>
    <UnitTestResult executionId="f0b07b4c-b0dd-40be-88e6-5ec2efac9997" testId="b13ca5f6-b435-d32d-2780-9a5fc480812d" testName="AndTheOneFiveRuleIsMatched" computerName="LAPTOP" duration="00:00:00.0003169" startTime="2012-04-14T20:34:10.0856000-04:00" endTime="2012-04-14T20:34:10.0916000-04:00" testType="13cdc9d9-ddb5-4fa4-a97d-d965ccfc6d4b" outcome="Passed" testListId="8c84fa94-04c1-424b-9868-57a2d4851a1d" relativeResultsDirectory="f0b07b4c-b0dd-40be-88e6-5ec2efac9997">
    </UnitTestResult>
    <UnitTestResult executionId="0f0050a0-083f-4dc8-b576-0ed7ee3ccc37" testId="b494e56d-9a80-37be-f315-4879f38f7ae2" testName="ThreeDiceWithTheValueToMatchReturnsTrue" computerName="LAPTOP" duration="00:00:00.0002471" startTime="2012-04-14T20:34:10.0936000-04:00" endTime="2012-04-14T20:34:10.1016000-04:00" testType="13cdc9d9-ddb5-4fa4-a97d-d965ccfc6d4b" outcome="Passed" testListId="8c84fa94-04c1-424b-9868-57a2d4851a1d" relativeResultsDirectory="0f0050a0-083f-4dc8-b576-0ed7ee3ccc37">
    </UnitTestResult>
    <UnitTestResult executionId="ec5a7e4a-6be7-4a67-a455-b22ecdbf1292" testId="b5e9fc07-7982-9697-8ca0-db9f3a3cfae5" testName="AndTheThreeThreesRuleIsMatched" computerName="LAPTOP" duration="00:00:00.0003137" startTime="2012-04-14T20:34:10.1026000-04:00" endTime="2012-04-14T20:34:10.1096000-04:00" testType="13cdc9d9-ddb5-4fa4-a97d-d965ccfc6d4b" outcome="Passed" testListId="8c84fa94-04c1-424b-9868-57a2d4851a1d" relativeResultsDirectory="ec5a7e4a-6be7-4a67-a455-b22ecdbf1292">
    </UnitTestResult>
    <UnitTestResult executionId="4f66a747-d52a-48b5-8d31-e0a636bf90e9" testId="bef0335e-32e6-07a2-f7b0-f8b5481ddd3e" testName="FourDiceWithTheValueToMatchReturnsTrue" computerName="LAPTOP" duration="00:00:00.0003574" startTime="2012-04-14T20:34:10.1126000-04:00" endTime="2012-04-14T20:34:10.1186000-04:00" testType="13cdc9d9-ddb5-4fa4-a97d-d965ccfc6d4b" outcome="Passed" testListId="8c84fa94-04c1-424b-9868-57a2d4851a1d" relativeResultsDirectory="4f66a747-d52a-48b5-8d31-e0a636bf90e9">
    </UnitTestResult>
    <UnitTestResult executionId="6ea572d9-dc23-41fc-bd60-ae5b95ad9aeb" testId="c84f54bd-3ae1-7687-85c3-db681626bc96" testName="AndTheThreeFoursRuleIsMatched" computerName="LAPTOP" duration="00:00:00.0003448" startTime="2012-04-14T20:34:10.1196000-04:00" endTime="2012-04-14T20:34:10.1246000-04:00" testType="13cdc9d9-ddb5-4fa4-a97d-d965ccfc6d4b" outcome="Passed" testListId="8c84fa94-04c1-424b-9868-57a2d4851a1d" relativeResultsDirectory="6ea572d9-dc23-41fc-bd60-ae5b95ad9aeb">
    </UnitTestResult>
    <UnitTestResult executionId="b59ab713-5a1f-4d69-adc6-f0ef563886ba" testId="cdd011d7-65ff-d1a2-8b99-24ac44f008b5" testName="NoDiceWithTheValueToMatchReturnsFalse" computerName="LAPTOP" duration="00:00:00.0004016" startTime="2012-04-14T20:34:10.1256000-04:00" endTime="2012-04-14T20:34:10.1326000-04:00" testType="13cdc9d9-ddb5-4fa4-a97d-d965ccfc6d4b" outcome="Passed" testListId="8c84fa94-04c1-424b-9868-57a2d4851a1d" relativeResultsDirectory="b59ab713-5a1f-4d69-adc6-f0ef563886ba">
    </UnitTestResult>
    <UnitTestResult executionId="0c534d51-9115-45c8-afc8-9e86915e01d0" testId="dee9bf14-81d3-f2de-ad9e-2790846b09ab" testName="AndBothFiveRulesAreMatched" computerName="LAPTOP" duration="00:00:00.0003369" startTime="2012-04-14T20:34:10.1476000-04:00" endTime="2012-04-14T20:34:10.1536000-04:00" testType="13cdc9d9-ddb5-4fa4-a97d-d965ccfc6d4b" outcome="Passed" testListId="8c84fa94-04c1-424b-9868-57a2d4851a1d" relativeResultsDirectory="0c534d51-9115-45c8-afc8-9e86915e01d0">
    </UnitTestResult>
    <UnitTestResult executionId="09ce1ec1-cc78-4deb-9edc-1f7e2dfee645" testId="e18f19b1-4ec6-fd14-ea60-5c8639968922" testName="AndTheThreeFivesRuleIsMatched" computerName="LAPTOP" duration="00:00:00.0003085" startTime="2012-04-14T20:34:10.1556000-04:00" endTime="2012-04-14T20:34:10.1626000-04:00" testType="13cdc9d9-ddb5-4fa4-a97d-d965ccfc6d4b" outcome="Passed" testListId="8c84fa94-04c1-424b-9868-57a2d4851a1d" relativeResultsDirectory="09ce1ec1-cc78-4deb-9edc-1f7e2dfee645">
    </UnitTestResult>
    <UnitTestResult executionId="060bd2e4-dc2f-4c7a-9825-f3dfd5c2fb64" testId="f5a66eed-0f35-c989-399d-19a782d6ddc0" testName="TheRuleValueCanBeLookedUp" computerName="LAPTOP" duration="00:00:00.0002867" startTime="2012-04-14T20:34:10.1646000-04:00" endTime="2012-04-14T20:34:10.1716000-04:00" testType="13cdc9d9-ddb5-4fa4-a97d-d965ccfc6d4b" outcome="Passed" testListId="8c84fa94-04c1-424b-9868-57a2d4851a1d" relativeResultsDirectory="060bd2e4-dc2f-4c7a-9825-f3dfd5c2fb64">
    </UnitTestResult>
  </Results>
</TestRun>