<?xml version="1.0" encoding="UTF-8"?>
<TestRun id="c7e10711-e866-4791-aede-2170a3d2b8cb" name="Matt@LAPTOP 2012-04-14 20:42:19" runUser="laptop\Matt" xmlns="http://microsoft.com/schemas/VisualStudio/TeamTest/2010">
  <TestSettings name="Local" id="4663f0f2-8423-4c52-9793-eac18d9a1990">
    <Description>These are default test settings for a local test run.</Description>
    <Deployment enabled="false" runDeploymentRoot="Matt_LAPTOP 2012-04-14 20_42_19">
      <DeploymentItem filename="D:\GreedKata\GreedKata.Test\obj\FluentAssertions.dll" />
      <DeploymentItem filename="D:\GreedKata\GreedKata\bin\Debug\GreedKata.dll" />
      <DeploymentItem filename="D:\GreedKata\GreedKata.Test\obj\Moq.dll" />
    </Deployment>
    <Execution>
      <TestTypeSpecific />
      <AgentRule name="Execution Agents">
      </AgentRule>
    </Execution>
  </TestSettings>
  <Times creation="2012-04-14T20:42:19.9986000-04:00" queuing="2012-04-14T20:42:20.0766000-04:00" start="2012-04-14T20:42:20.0986000-04:00" finish="2012-04-14T20:42:20.9006000-04:00" />
  <ResultSummary outcome="Completed">
    <Counters total="23" executed="23" passed="23" error="0" failed="0" timeout="0" aborted="0" inconclusive="0" passedButRunAborted="0" notRunnable="0" notExecuted="0" disconnected="0" warning="0" completed="0" inProgress="0" pending="0" />
  </ResultSummary>
  <TestDefinitions>
    <UnitTest name="AndTheOneOneRuleIsMatched" storage="d:\greedkata\greedkata.test\bin\debug\greedkata.test.dll" id="597c4474-49ed-d381-7c10-6822fcd334a9">
      <Execution id="9c6417cb-dc2e-434c-898a-ab7f7a678764" />
      <TestMethod codeBase="D:/GreedKata/GreedKata.Test/bin/Debug/GreedKata.Test.DLL" adapterTypeName="Microsoft.VisualStudio.TestTools.TestTypes.Unit.UnitTestAdapter, Microsoft.VisualStudio.QualityTools.Tips.UnitTest.Adapter, Version=10.0.0.0, Culture=neutral, PublicKeyToken=b03f5f7f11d50a3a" className="GreedKata.Test.WhenRollingDice, GreedKata.Test, Version=1.0.0.0, Culture=neutral, PublicKeyToken=null" name="AndTheOneOneRuleIsMatched" />
    </UnitTest>
    <UnitTest name="ThreeDiceWithTheValueToMatchReturnsTrue" storage="d:\greedkata\greedkata.test\bin\debug\greedkata.test.dll" id="b494e56d-9a80-37be-f315-4879f38f7ae2">
      <Execution id="a36c7177-9165-4b6a-a4ac-2b9ced67547f" />
      <TestMethod codeBase="D:/GreedKata/GreedKata.Test/bin/Debug/GreedKata.Test.DLL" adapterTypeName="Microsoft.VisualStudio.TestTools.TestTypes.Unit.UnitTestAdapter, Microsoft.VisualStudio.QualityTools.Tips.UnitTest.Adapter, Version=10.0.0.0, Culture=neutral, PublicKeyToken=b03f5f7f11d50a3a" className="GreedKata.Test.Rules.WhenMatchingThreeDiceWithTheSameValue, GreedKata.Test, Version=1.0.0.0, Culture=neutral, PublicKeyToken=null" name="ThreeDiceWithTheValueToMatchReturnsTrue" />
    </UnitTest>
    <UnitTest name="AndTheOneFiveRuleIsMatchedTheOneOneIsMatchedTwice" storage="d:\greedkata\greedkata.test\bin\debug\greedkata.test.dll" id="e19e5f0b-ca0f-e8fa-e561-06aba3a0a088">
      <Execution id="06c01aa3-0e61-42f5-a2d6-3009a59913d5" />
      <TestMethod codeBase="D:/GreedKata/GreedKata.Test/bin/Debug/GreedKata.Test.DLL" adapterTypeName="Microsoft.VisualStudio.TestTools.TestTypes.Unit.UnitTestAdapter, Microsoft.VisualStudio.QualityTools.Tips.UnitTest.Adapter, Version=10.0.0.0, Culture=neutral, PublicKeyToken=b03f5f7f11d50a3a" className="GreedKata.Test.WhenRollingDice, GreedKata.Test, Version=1.0.0.0, Culture=neutral, PublicKeyToken=null" name="AndTheOneFiveRuleIsMatchedTheOneOneIsMatchedTwice" />
    </UnitTest>
    <UnitTest name="AndBothFiveRulesAreMatched" storage="d:\greedkata\greedkata.test\bin\debug\greedkata.test.dll" id="dee9bf14-81d3-f2de-ad9e-2790846b09ab">
      <Execution id="877571b3-0404-44a6-9ce8-310bd60f7d02" />
      <TestMethod codeBase="D:/GreedKata/GreedKata.Test/bin/Debug/GreedKata.Test.DLL" adapterTypeName="Microsoft.VisualStudio.TestTools.TestTypes.Unit.UnitTestAdapter, Microsoft.VisualStudio.QualityTools.Tips.UnitTest.Adapter, Version=10.0.0.0, Culture=neutral, PublicKeyToken=b03f5f7f11d50a3a" className="GreedKata.Test.WhenRollingDice, GreedKata.Test, Version=1.0.0.0, Culture=neutral, PublicKeyToken=null" name="AndBothFiveRulesAreMatched" />
    </UnitTest>
    <UnitTest name="AndTheThreeSixesRuleIsMatched" storage="d:\greedkata\greedkata.test\bin\debug\greedkata.test.dll" id="0f77d73f-11be-9fb0-e2b7-752de09ae572">
      <Execution id="5da65277-86bb-44a6-967c-1640ba2646bc" />
      <TestMethod codeBase="D:/GreedKata/GreedKata.Test/bin/Debug/GreedKata.Test.DLL" adapterTypeName="Microsoft.VisualStudio.TestTools.TestTypes.Unit.UnitTestAdapter, Microsoft.VisualStudio.QualityTools.Tips.UnitTest.Adapter, Version=10.0.0.0, Culture=neutral, PublicKeyToken=b03f5f7f11d50a3a" className="GreedKata.Test.WhenRollingDice, GreedKata.Test, Version=1.0.0.0, Culture=neutral, PublicKeyToken=null" name="AndTheThreeSixesRuleIsMatched" />
    </UnitTest>
    <UnitTest name="AndTheOneOneIsMatchedTwice" storage="d:\greedkata\greedkata.test\bin\debug\greedkata.test.dll" id="02ec71af-8f63-c4fa-b128-bceec9ce9945">
      <Execution id="d1fa1f6e-42c9-4928-9ad0-46f76980f02b" />
      <TestMethod codeBase="D:/GreedKata/GreedKata.Test/bin/Debug/GreedKata.Test.DLL" adapterTypeName="Microsoft.VisualStudio.TestTools.TestTypes.Unit.UnitTestAdapter, Microsoft.VisualStudio.QualityTools.Tips.UnitTest.Adapter, Version=10.0.0.0, Culture=neutral, PublicKeyToken=b03f5f7f11d50a3a" className="GreedKata.Test.WhenRollingDice, GreedKata.Test, Version=1.0.0.0, Culture=neutral, PublicKeyToken=null" name="AndTheOneOneIsMatchedTwice" />
    </UnitTest>
    <UnitTest name="AndTheThreeFivesRuleIsMatchedTheOneFiveIsMatchedTwice" storage="d:\greedkata\greedkata.test\bin\debug\greedkata.test.dll" id="54eeffc1-062d-99df-9c2a-ca20fd4215a2">
      <Execution id="ada81264-d8dc-4acc-a9ea-9959fd629a9a" />
      <TestMethod codeBase="D:/GreedKata/GreedKata.Test/bin/Debug/GreedKata.Test.DLL" adapterTypeName="Microsoft.VisualStudio.TestTools.TestTypes.Unit.UnitTestAdapter, Microsoft.VisualStudio.QualityTools.Tips.UnitTest.Adapter, Version=10.0.0.0, Culture=neutral, PublicKeyToken=b03f5f7f11d50a3a" className="GreedKata.Test.WhenRollingDice, GreedKata.Test, Version=1.0.0.0, Culture=neutral, PublicKeyToken=null" name="AndTheThreeFivesRuleIsMatchedTheOneFiveIsMatchedTwice" />
    </UnitTest>
    <UnitTest name="TheRuleValueCanBeLookedUp" storage="d:\greedkata\greedkata.test\bin\debug\greedkata.test.dll" id="75790c8d-f6b0-593d-b258-d4c6454a9a2b">
      <Execution id="48fb00ae-985c-4858-a800-01e2a53e1bd1" />
      <TestMethod codeBase="D:/GreedKata/GreedKata.Test/bin/Debug/GreedKata.Test.DLL" adapterTypeName="Microsoft.VisualStudio.TestTools.TestTypes.Unit.UnitTestAdapter, Microsoft.VisualStudio.QualityTools.Tips.UnitTest.Adapter, Version=10.0.0.0, Culture=neutral, PublicKeyToken=b03f5f7f11d50a3a" className="GreedKata.Test.Rules.WhenMatchingOneDie, GreedKata.Test, Version=1.0.0.0, Culture=neutral, PublicKeyToken=null" name="TheRuleValueCanBeLookedUp" />
    </UnitTest>
    <UnitTest name="OneDieWithTheValueToMatchReturnsFalse" storage="d:\greedkata\greedkata.test\bin\debug\greedkata.test.dll" id="9343120d-9a61-e87b-64b1-f423d535d4a9">
      <Execution id="a51fb7ae-6398-44a4-83d2-6f7e51709606" />
      <TestMethod codeBase="D:/GreedKata/GreedKata.Test/bin/Debug/GreedKata.Test.DLL" adapterTypeName="Microsoft.VisualStudio.TestTools.TestTypes.Unit.UnitTestAdapter, Microsoft.VisualStudio.QualityTools.Tips.UnitTest.Adapter, Version=10.0.0.0, Culture=neutral, PublicKeyToken=b03f5f7f11d50a3a" className="GreedKata.Test.Rules.WhenMatchingThreeDiceWithTheSameValue, GreedKata.Test, Version=1.0.0.0, Culture=neutral, PublicKeyToken=null" name="OneDieWithTheValueToMatchReturnsFalse" />
    </UnitTest>
    <UnitTest name="AndTheThreeTwosRuleIsMatched" storage="d:\greedkata\greedkata.test\bin\debug\greedkata.test.dll" id="6744d138-bd67-22dd-ff58-60f8b60baea5">
      <Execution id="685bf6f3-d9fa-401c-8a78-12b56b087f4d" />
      <TestMethod codeBase="D:/GreedKata/GreedKata.Test/bin/Debug/GreedKata.Test.DLL" adapterTypeName="Microsoft.VisualStudio.TestTools.TestTypes.Unit.UnitTestAdapter, Microsoft.VisualStudio.QualityTools.Tips.UnitTest.Adapter, Version=10.0.0.0, Culture=neutral, PublicKeyToken=b03f5f7f11d50a3a" className="GreedKata.Test.WhenRollingDice, GreedKata.Test, Version=1.0.0.0, Culture=neutral, PublicKeyToken=null" name="AndTheThreeTwosRuleIsMatched" />
    </UnitTest>
    <UnitTest name="NoDiceWithTheValueToMatchReturnsFalse" storage="d:\greedkata\greedkata.test\bin\debug\greedkata.test.dll" id="cdd011d7-65ff-d1a2-8b99-24ac44f008b5">
      <Execution id="68be5b64-df2c-43b0-ae4d-71aff5402bb7" />
      <TestMethod codeBase="D:/GreedKata/GreedKata.Test/bin/Debug/GreedKata.Test.DLL" adapterTypeName="Microsoft.VisualStudio.TestTools.TestTypes.Unit.UnitTestAdapter, Microsoft.VisualStudio.QualityTools.Tips.UnitTest.Adapter, Version=10.0.0.0, Culture=neutral, PublicKeyToken=b03f5f7f11d50a3a" className="GreedKata.Test.Rules.WhenMatchingThreeDiceWithTheSameValue, GreedKata.Test, Version=1.0.0.0, Culture=neutral, PublicKeyToken=null" name="NoDiceWithTheValueToMatchReturnsFalse" />
    </UnitTest>
    <UnitTest name="AndTheThreeFivesRuleIsMatched" storage="d:\greedkata\greedkata.test\bin\debug\greedkata.test.dll" id="e18f19b1-4ec6-fd14-ea60-5c8639968922">
      <Execution id="ea11a3ee-a693-4745-9c56-234fa21c7a36" />
      <TestMethod codeBase="D:/GreedKata/GreedKata.Test/bin/Debug/GreedKata.Test.DLL" adapterTypeName="Microsoft.VisualStudio.TestTools.TestTypes.Unit.UnitTestAdapter, Microsoft.VisualStudio.QualityTools.Tips.UnitTest.Adapter, Version=10.0.0.0, Culture=neutral, PublicKeyToken=b03f5f7f11d50a3a" className="GreedKata.Test.WhenRollingDice, GreedKata.Test, Version=1.0.0.0, Culture=neutral, PublicKeyToken=null" name="AndTheThreeFivesRuleIsMatched" />
    </UnitTest>
    <UnitTest name="FourDiceWithTheValueToMatchReturnsTrue" storage="d:\greedkata\greedkata.test\bin\debug\greedkata.test.dll" id="bef0335e-32e6-07a2-f7b0-f8b5481ddd3e">
      <Execution id="ed6efd38-7f8a-4a54-8ce6-a485c172b250" />
      <TestMethod codeBase="D:/GreedKata/GreedKata.Test/bin/Debug/GreedKata.Test.DLL" adapterTypeName="Microsoft.VisualStudio.TestTools.TestTypes.Unit.UnitTestAdapter, Microsoft.VisualStudio.QualityTools.Tips.UnitTest.Adapter, Version=10.0.0.0, Culture=neutral, PublicKeyToken=b03f5f7f11d50a3a" className="GreedKata.Test.Rules.WhenMatchingThreeDiceWithTheSameValue, GreedKata.Test, Version=1.0.0.0, Culture=neutral, PublicKeyToken=null" name="FourDiceWithTheValueToMatchReturnsTrue" />
    </UnitTest>
    <UnitTest name="AndTheThreeThreesAndOneFiveRulesAreMatched" storage="d:\greedkata\greedkata.test\bin\debug\greedkata.test.dll" id="55905150-b8fd-e959-04a1-16a47ccd9233">
      <Execution id="9da24471-8308-4f99-b32c-4142b098352e" />
      <TestMethod codeBase="D:/GreedKata/GreedKata.Test/bin/Debug/GreedKata.Test.DLL" adapterTypeName="Microsoft.VisualStudio.TestTools.TestTypes.Unit.UnitTestAdapter, Microsoft.VisualStudio.QualityTools.Tips.UnitTest.Adapter, Version=10.0.0.0, Culture=neutral, PublicKeyToken=b03f5f7f11d50a3a" className="GreedKata.Test.WhenRollingDice, GreedKata.Test, Version=1.0.0.0, Culture=neutral, PublicKeyToken=null" name="AndTheThreeThreesAndOneFiveRulesAreMatched" />
    </UnitTest>
    <UnitTest name="AndTheThreeThreesRuleIsMatched" storage="d:\greedkata\greedkata.test\bin\debug\greedkata.test.dll" id="b5e9fc07-7982-9697-8ca0-db9f3a3cfae5">
      <Execution id="3e3b7538-f3f5-42f3-b303-b19b8c34d0dd" />
      <TestMethod codeBase="D:/GreedKata/GreedKata.Test/bin/Debug/GreedKata.Test.DLL" adapterTypeName="Microsoft.VisualStudio.TestTools.TestTypes.Unit.UnitTestAdapter, Microsoft.VisualStudio.QualityTools.Tips.UnitTest.Adapter, Version=10.0.0.0, Culture=neutral, PublicKeyToken=b03f5f7f11d50a3a" className="GreedKata.Test.WhenRollingDice, GreedKata.Test, Version=1.0.0.0, Culture=neutral, PublicKeyToken=null" name="AndTheThreeThreesRuleIsMatched" />
    </UnitTest>
    <UnitTest name="TheRuleValueCanBeLookedUp" storage="d:\greedkata\greedkata.test\bin\debug\greedkata.test.dll" id="f5a66eed-0f35-c989-399d-19a782d6ddc0">
      <Execution id="ea163c7a-5aee-47da-b7b0-4222d0784f31" />
      <TestMethod codeBase="D:/GreedKata/GreedKata.Test/bin/Debug/GreedKata.Test.DLL" adapterTypeName="Microsoft.VisualStudio.TestTools.TestTypes.Unit.UnitTestAdapter, Microsoft.VisualStudio.QualityTools.Tips.UnitTest.Adapter, Version=10.0.0.0, Culture=neutral, PublicKeyToken=b03f5f7f11d50a3a" className="GreedKata.Test.Rules.WhenMatchingThreeDiceWithTheSameValue, GreedKata.Test, Version=1.0.0.0, Culture=neutral, PublicKeyToken=null" name="TheRuleValueCanBeLookedUp" />
    </UnitTest>
    <UnitTest name="AndTheOneFiveRuleIsMatched" storage="d:\greedkata\greedkata.test\bin\debug\greedkata.test.dll" id="b13ca5f6-b435-d32d-2780-9a5fc480812d">
      <Execution id="b19bc4fe-8ca6-4e7a-b401-9b379b479126" />
      <TestMethod codeBase="D:/GreedKata/GreedKata.Test/bin/Debug/GreedKata.Test.DLL" adapterTypeName="Microsoft.VisualStudio.TestTools.TestTypes.Unit.UnitTestAdapter, Microsoft.VisualStudio.QualityTools.Tips.UnitTest.Adapter, Version=10.0.0.0, Culture=neutral, PublicKeyToken=b03f5f7f11d50a3a" className="GreedKata.Test.WhenRollingDice, GreedKata.Test, Version=1.0.0.0, Culture=neutral, PublicKeyToken=null" name="AndTheOneFiveRuleIsMatched" />
    </UnitTest>
    <UnitTest name="AndTheThreeFoursRuleIsMatched" storage="d:\greedkata\greedkata.test\bin\debug\greedkata.test.dll" id="c84f54bd-3ae1-7687-85c3-db681626bc96">
      <Execution id="2fe98f05-4e00-4299-b998-a1448235d1dc" />
      <TestMethod codeBase="D:/GreedKata/GreedKata.Test/bin/Debug/GreedKata.Test.DLL" adapterTypeName="Microsoft.VisualStudio.TestTools.TestTypes.Unit.UnitTestAdapter, Microsoft.VisualStudio.QualityTools.Tips.UnitTest.Adapter, Version=10.0.0.0, Culture=neutral, PublicKeyToken=b03f5f7f11d50a3a" className="GreedKata.Test.WhenRollingDice, GreedKata.Test, Version=1.0.0.0, Culture=neutral, PublicKeyToken=null" name="AndTheThreeFoursRuleIsMatched" />
    </UnitTest>
    <UnitTest name="AndNoRulesAreMatchedTheValueIsZero" storage="d:\greedkata\greedkata.test\bin\debug\greedkata.test.dll" id="09debda4-01a8-2a56-e103-f46c9abafedd">
      <Execution id="1807bbcc-8d79-451d-ad39-d76ffecb4068" />
      <TestMethod codeBase="D:/GreedKata/GreedKata.Test/bin/Debug/GreedKata.Test.DLL" adapterTypeName="Microsoft.VisualStudio.TestTools.TestTypes.Unit.UnitTestAdapter, Microsoft.VisualStudio.QualityTools.Tips.UnitTest.Adapter, Version=10.0.0.0, Culture=neutral, PublicKeyToken=b03f5f7f11d50a3a" className="GreedKata.Test.WhenRollingDice, GreedKata.Test, Version=1.0.0.0, Culture=neutral, PublicKeyToken=null" name="AndNoRulesAreMatchedTheValueIsZero" />
    </UnitTest>
    <UnitTest name="AndTheThreeOnesRuleIsMatched" storage="d:\greedkata\greedkata.test\bin\debug\greedkata.test.dll" id="2918c309-cc20-4e1e-1a20-254757c8a472">
      <Execution id="f4cae99e-10ec-4fe3-b6bb-b423fd2ab79f" />
      <TestMethod codeBase="D:/GreedKata/GreedKata.Test/bin/Debug/GreedKata.Test.DLL" adapterTypeName="Microsoft.VisualStudio.TestTools.TestTypes.Unit.UnitTestAdapter, Microsoft.VisualStudio.QualityTools.Tips.UnitTest.Adapter, Version=10.0.0.0, Culture=neutral, PublicKeyToken=b03f5f7f11d50a3a" className="GreedKata.Test.WhenRollingDice, GreedKata.Test, Version=1.0.0.0, Culture=neutral, PublicKeyToken=null" name="AndTheThreeOnesRuleIsMatched" />
    </UnitTest>
    <UnitTest name="NoDiceWithTheValueToMatchReturnsFalse" storage="d:\greedkata\greedkata.test\bin\debug\greedkata.test.dll" id="19bb8d38-09db-b45c-d97a-d557506c887a">
      <Execution id="61d8ab31-ce7b-4d78-a361-1920f41bdb65" />
      <TestMethod codeBase="D:/GreedKata/GreedKata.Test/bin/Debug/GreedKata.Test.DLL" adapterTypeName="Microsoft.VisualStudio.TestTools.TestTypes.Unit.UnitTestAdapter, Microsoft.VisualStudio.QualityTools.Tips.UnitTest.Adapter, Version=10.0.0.0, Culture=neutral, PublicKeyToken=b03f5f7f11d50a3a" className="GreedKata.Test.Rules.WhenMatchingOneDie, GreedKata.Test, Version=1.0.0.0, Culture=neutral, PublicKeyToken=null" name="NoDiceWithTheValueToMatchReturnsFalse" />
    </UnitTest>
    <UnitTest name="AndTheThreeOnesAndOneFiveRulesAreMatched" storage="d:\greedkata\greedkata.test\bin\debug\greedkata.test.dll" id="03d6080f-bfa9-9ad9-76ff-25b6c13250ad">
      <Execution id="bf4f7ac8-94e8-409a-9e22-a7d644b5b549" />
      <TestMethod codeBase="D:/GreedKata/GreedKata.Test/bin/Debug/GreedKata.Test.DLL" adapterTypeName="Microsoft.VisualStudio.TestTools.TestTypes.Unit.UnitTestAdapter, Microsoft.VisualStudio.QualityTools.Tips.UnitTest.Adapter, Version=10.0.0.0, Culture=neutral, PublicKeyToken=b03f5f7f11d50a3a" className="GreedKata.Test.WhenRollingDice, GreedKata.Test, Version=1.0.0.0, Culture=neutral, PublicKeyToken=null" name="AndTheThreeOnesAndOneFiveRulesAreMatched" />
    </UnitTest>
    <UnitTest name="AtLeastOneDieWithTheValueToMatchReturnsTrue" storage="d:\greedkata\greedkata.test\bin\debug\greedkata.test.dll" id="7b6ee3fd-918a-1385-912b-acc296b40e7b">
      <Execution id="ff414aee-3f43-4d93-a91e-5668661fb52b" />
      <TestMethod codeBase="D:/GreedKata/GreedKata.Test/bin/Debug/GreedKata.Test.DLL" adapterTypeName="Microsoft.VisualStudio.TestTools.TestTypes.Unit.UnitTestAdapter, Microsoft.VisualStudio.QualityTools.Tips.UnitTest.Adapter, Version=10.0.0.0, Culture=neutral, PublicKeyToken=b03f5f7f11d50a3a" className="GreedKata.Test.Rules.WhenMatchingOneDie, GreedKata.Test, Version=1.0.0.0, Culture=neutral, PublicKeyToken=null" name="AtLeastOneDieWithTheValueToMatchReturnsTrue" />
    </UnitTest>
  </TestDefinitions>
  <TestLists>
    <TestList name="Results Not in a List" id="8c84fa94-04c1-424b-9868-57a2d4851a1d" />
    <TestList name="All Loaded Results" id="19431567-8539-422a-85d7-44ee4e166bda" />
  </TestLists>
  <TestEntries>
    <TestEntry testId="02ec71af-8f63-c4fa-b128-bceec9ce9945" executionId="d1fa1f6e-42c9-4928-9ad0-46f76980f02b" testListId="8c84fa94-04c1-424b-9868-57a2d4851a1d" />
    <TestEntry testId="03d6080f-bfa9-9ad9-76ff-25b6c13250ad" executionId="bf4f7ac8-94e8-409a-9e22-a7d644b5b549" testListId="8c84fa94-04c1-424b-9868-57a2d4851a1d" />
    <TestEntry testId="09debda4-01a8-2a56-e103-f46c9abafedd" executionId="1807bbcc-8d79-451d-ad39-d76ffecb4068" testListId="8c84fa94-04c1-424b-9868-57a2d4851a1d" />
    <TestEntry testId="0f77d73f-11be-9fb0-e2b7-752de09ae572" executionId="5da65277-86bb-44a6-967c-1640ba2646bc" testListId="8c84fa94-04c1-424b-9868-57a2d4851a1d" />
    <TestEntry testId="19bb8d38-09db-b45c-d97a-d557506c887a" executionId="61d8ab31-ce7b-4d78-a361-1920f41bdb65" testListId="8c84fa94-04c1-424b-9868-57a2d4851a1d" />
    <TestEntry testId="2918c309-cc20-4e1e-1a20-254757c8a472" executionId="f4cae99e-10ec-4fe3-b6bb-b423fd2ab79f" testListId="8c84fa94-04c1-424b-9868-57a2d4851a1d" />
    <TestEntry testId="54eeffc1-062d-99df-9c2a-ca20fd4215a2" executionId="ada81264-d8dc-4acc-a9ea-9959fd629a9a" testListId="8c84fa94-04c1-424b-9868-57a2d4851a1d" />
    <TestEntry testId="55905150-b8fd-e959-04a1-16a47ccd9233" executionId="9da24471-8308-4f99-b32c-4142b098352e" testListId="8c84fa94-04c1-424b-9868-57a2d4851a1d" />
    <TestEntry testId="597c4474-49ed-d381-7c10-6822fcd334a9" executionId="9c6417cb-dc2e-434c-898a-ab7f7a678764" testListId="8c84fa94-04c1-424b-9868-57a2d4851a1d" />
    <TestEntry testId="6744d138-bd67-22dd-ff58-60f8b60baea5" executionId="685bf6f3-d9fa-401c-8a78-12b56b087f4d" testListId="8c84fa94-04c1-424b-9868-57a2d4851a1d" />
    <TestEntry testId="75790c8d-f6b0-593d-b258-d4c6454a9a2b" executionId="48fb00ae-985c-4858-a800-01e2a53e1bd1" testListId="8c84fa94-04c1-424b-9868-57a2d4851a1d" />
    <TestEntry testId="7b6ee3fd-918a-1385-912b-acc296b40e7b" executionId="ff414aee-3f43-4d93-a91e-5668661fb52b" testListId="8c84fa94-04c1-424b-9868-57a2d4851a1d" />
    <TestEntry testId="9343120d-9a61-e87b-64b1-f423d535d4a9" executionId="a51fb7ae-6398-44a4-83d2-6f7e51709606" testListId="8c84fa94-04c1-424b-9868-57a2d4851a1d" />
    <TestEntry testId="b13ca5f6-b435-d32d-2780-9a5fc480812d" executionId="b19bc4fe-8ca6-4e7a-b401-9b379b479126" testListId="8c84fa94-04c1-424b-9868-57a2d4851a1d" />
    <TestEntry testId="b494e56d-9a80-37be-f315-4879f38f7ae2" executionId="a36c7177-9165-4b6a-a4ac-2b9ced67547f" testListId="8c84fa94-04c1-424b-9868-57a2d4851a1d" />
    <TestEntry testId="b5e9fc07-7982-9697-8ca0-db9f3a3cfae5" executionId="3e3b7538-f3f5-42f3-b303-b19b8c34d0dd" testListId="8c84fa94-04c1-424b-9868-57a2d4851a1d" />
    <TestEntry testId="bef0335e-32e6-07a2-f7b0-f8b5481ddd3e" executionId="ed6efd38-7f8a-4a54-8ce6-a485c172b250" testListId="8c84fa94-04c1-424b-9868-57a2d4851a1d" />
    <TestEntry testId="c84f54bd-3ae1-7687-85c3-db681626bc96" executionId="2fe98f05-4e00-4299-b998-a1448235d1dc" testListId="8c84fa94-04c1-424b-9868-57a2d4851a1d" />
    <TestEntry testId="cdd011d7-65ff-d1a2-8b99-24ac44f008b5" executionId="68be5b64-df2c-43b0-ae4d-71aff5402bb7" testListId="8c84fa94-04c1-424b-9868-57a2d4851a1d" />
    <TestEntry testId="dee9bf14-81d3-f2de-ad9e-2790846b09ab" executionId="877571b3-0404-44a6-9ce8-310bd60f7d02" testListId="8c84fa94-04c1-424b-9868-57a2d4851a1d" />
    <TestEntry testId="e18f19b1-4ec6-fd14-ea60-5c8639968922" executionId="ea11a3ee-a693-4745-9c56-234fa21c7a36" testListId="8c84fa94-04c1-424b-9868-57a2d4851a1d" />
    <TestEntry testId="e19e5f0b-ca0f-e8fa-e561-06aba3a0a088" executionId="06c01aa3-0e61-42f5-a2d6-3009a59913d5" testListId="8c84fa94-04c1-424b-9868-57a2d4851a1d" />
    <TestEntry testId="f5a66eed-0f35-c989-399d-19a782d6ddc0" executionId="ea163c7a-5aee-47da-b7b0-4222d0784f31" testListId="8c84fa94-04c1-424b-9868-57a2d4851a1d" />
  </TestEntries>
  <Results>
    <UnitTestResult executionId="d1fa1f6e-42c9-4928-9ad0-46f76980f02b" testId="02ec71af-8f63-c4fa-b128-bceec9ce9945" testName="AndTheOneOneIsMatchedTwice" computerName="LAPTOP" duration="00:00:00.0289836" startTime="2012-04-14T20:42:20.1296000-04:00" endTime="2012-04-14T20:42:20.5046000-04:00" testType="13cdc9d9-ddb5-4fa4-a97d-d965ccfc6d4b" outcome="Passed" testListId="8c84fa94-04c1-424b-9868-57a2d4851a1d" relativeResultsDirectory="d1fa1f6e-42c9-4928-9ad0-46f76980f02b">
    </UnitTestResult>
    <UnitTestResult executionId="bf4f7ac8-94e8-409a-9e22-a7d644b5b549" testId="03d6080f-bfa9-9ad9-76ff-25b6c13250ad" testName="AndTheThreeOnesAndOneFiveRulesAreMatched" computerName="LAPTOP" duration="00:00:00.0047362" startTime="2012-04-14T20:42:20.5166000-04:00" endTime="2012-04-14T20:42:20.5276000-04:00" testType="13cdc9d9-ddb5-4fa4-a97d-d965ccfc6d4b" outcome="Passed" testListId="8c84fa94-04c1-424b-9868-57a2d4851a1d" relativeResultsDirectory="bf4f7ac8-94e8-409a-9e22-a7d644b5b549">
    </UnitTestResult>
    <UnitTestResult executionId="1807bbcc-8d79-451d-ad39-d76ffecb4068" testId="09debda4-01a8-2a56-e103-f46c9abafedd" testName="AndNoRulesAreMatchedTheValueIsZero" computerName="LAPTOP" duration="00:00:00.0049461" startTime="2012-04-14T20:42:20.5496000-04:00" endTime="2012-04-14T20:42:20.5736000-04:00" testType="13cdc9d9-ddb5-4fa4-a97d-d965ccfc6d4b" outcome="Passed" testListId="8c84fa94-04c1-424b-9868-57a2d4851a1d" relativeResultsDirectory="1807bbcc-8d79-451d-ad39-d76ffecb4068">
    </UnitTestResult>
    <UnitTestResult executionId="5da65277-86bb-44a6-967c-1640ba2646bc" testId="0f77d73f-11be-9fb0-e2b7-752de09ae572" testName="AndTheThreeSixesRuleIsMatched" computerName="LAPTOP" duration="00:00:00.0010593" startTime="2012-04-14T20:42:20.5866000-04:00" endTime="2012-04-14T20:42:20.5966000-04:00" testType="13cdc9d9-ddb5-4fa4-a97d-d965ccfc6d4b" outcome="Passed" testListId="8c84fa94-04c1-424b-9868-57a2d4851a1d" relativeResultsDirectory="5da65277-86bb-44a6-967c-1640ba2646bc">
    </UnitTestResult>
    <UnitTestResult executionId="61d8ab31-ce7b-4d78-a361-1920f41bdb65" testId="19bb8d38-09db-b45c-d97a-d557506c887a" testName="NoDiceWithTheValueToMatchReturnsFalse" computerName="LAPTOP" duration="00:00:00.0103489" startTime="2012-04-14T20:42:20.6036000-04:00" endTime="2012-04-14T20:42:20.6196000-04:00" testType="13cdc9d9-ddb5-4fa4-a97d-d965ccfc6d4b" outcome="Passed" testListId="8c84fa94-04c1-424b-9868-57a2d4851a1d" relativeResultsDirectory="61d8ab31-ce7b-4d78-a361-1920f41bdb65">
    </UnitTestResult>
    <UnitTestResult executionId="f4cae99e-10ec-4fe3-b6bb-b423fd2ab79f" testId="2918c309-cc20-4e1e-1a20-254757c8a472" testName="AndTheThreeOnesRuleIsMatched" computerName="LAPTOP" duration="00:00:00.0028177" startTime="2012-04-14T20:42:20.6336000-04:00" endTime="2012-04-14T20:42:20.6486000-04:00" testType="13cdc9d9-ddb5-4fa4-a97d-d965ccfc6d4b" outcome="Passed" testListId="8c84fa94-04c1-424b-9868-57a2d4851a1d" relativeResultsDirectory="f4cae99e-10ec-4fe3-b6bb-b423fd2ab79f">
    </UnitTestResult>
    <UnitTestResult executionId="ada81264-d8dc-4acc-a9ea-9959fd629a9a" testId="54eeffc1-062d-99df-9c2a-ca20fd4215a2" testName="AndTheThreeFivesRuleIsMatchedTheOneFiveIsMatchedTwice" computerName="LAPTOP" duration="00:00:00.0021973" startTime="2012-04-14T20:42:20.6746000-04:00" endTime="2012-04-14T20:42:20.6876000-04:00" testType="13cdc9d9-ddb5-4fa4-a97d-d965ccfc6d4b" outcome="Passed" testListId="8c84fa94-04c1-424b-9868-57a2d4851a1d" relativeResultsDirectory="ada81264-d8dc-4acc-a9ea-9959fd629a9a">
    </UnitTestResult>
    <UnitTestResult executionId="9da24471-8308-4f99-b32c-4142b098352e" testId="55905150-b8fd-e959-04a1-16a47ccd9233" testName="AndTheThreeThreesAndOneFiveRulesAreMatched" computerName="LAPTOP" duration="00:00:00.0010034" startTime="2012-04-14T20:42:20.6886000-04:00" endTime="2012-04-14T20:42:20.6966000-04:00" testType="13cdc9d9-ddb5-4fa4-a97d-d965ccfc6d4b" outcome="Passed" testListId="8c84fa94-04c1-424b-9868-57a2d4851a1d" relativeResultsDirectory="9da24471-8308-4f99-b32c-4142b098352e">
    </UnitTestResult>
    <UnitTestResult executionId="9c6417cb-dc2e-434c-898a-ab7f7a678764" testId="597c4474-49ed-d381-7c10-6822fcd334a9" testName="AndTheOneOneRuleIsMatched" computerName="LAPTOP" duration="00:00:00.0004137" startTime="2012-04-14T20:42:20.7106000-04:00" endTime="2012-04-14T20:42:20.7156000-04:00" testType="13cdc9d9-ddb5-4fa4-a97d-d965ccfc6d4b" outcome="Passed" testListId="8c84fa94-04c1-424b-9868-57a2d4851a1d" relativeResultsDirectory="9c6417cb-dc2e-434c-898a-ab7f7a678764">
    </UnitTestResult>
    <UnitTestResult executionId="685bf6f3-d9fa-401c-8a78-12b56b087f4d" testId="6744d138-bd67-22dd-ff58-60f8b60baea5" testName="AndTheThreeTwosRuleIsMatched" computerName="LAPTOP" duration="00:00:00.0009439" startTime="2012-04-14T20:42:20.7196000-04:00" endTime="2012-04-14T20:42:20.7246000-04:00" testType="13cdc9d9-ddb5-4fa4-a97d-d965ccfc6d4b" outcome="Passed" testListId="8c84fa94-04c1-424b-9868-57a2d4851a1d" relativeResultsDirectory="685bf6f3-d9fa-401c-8a78-12b56b087f4d">
    </UnitTestResult>
    <UnitTestResult executionId="48fb00ae-985c-4858-a800-01e2a53e1bd1" testId="75790c8d-f6b0-593d-b258-d4c6454a9a2b" testName="TheRuleValueCanBeLookedUp" computerName="LAPTOP" duration="00:00:00.0013730" startTime="2012-04-14T20:42:20.7296000-04:00" endTime="2012-04-14T20:42:20.7376000-04:00" testType="13cdc9d9-ddb5-4fa4-a97d-d965ccfc6d4b" outcome="Passed" testListId="8c84fa94-04c1-424b-9868-57a2d4851a1d" relativeResultsDirectory="48fb00ae-985c-4858-a800-01e2a53e1bd1">
    </UnitTestResult>
    <UnitTestResult executionId="ff414aee-3f43-4d93-a91e-5668661fb52b" testId="7b6ee3fd-918a-1385-912b-acc296b40e7b" testName="AtLeastOneDieWithTheValueToMatchReturnsTrue" computerName="LAPTOP" duration="00:00:00.0003709" startTime="2012-04-14T20:42:20.7406000-04:00" endTime="2012-04-14T20:42:20.7466000-04:00" testType="13cdc9d9-ddb5-4fa4-a97d-d965ccfc6d4b" outcome="Passed" testListId="8c84fa94-04c1-424b-9868-57a2d4851a1d" relativeResultsDirectory="ff414aee-3f43-4d93-a91e-5668661fb52b">
    </UnitTestResult>
    <UnitTestResult executionId="a51fb7ae-6398-44a4-83d2-6f7e51709606" testId="9343120d-9a61-e87b-64b1-f423d535d4a9" testName="OneDieWithTheValueToMatchReturnsFalse" computerName="LAPTOP" duration="00:00:00.0004728" startTime="2012-04-14T20:42:20.7566000-04:00" endTime="2012-04-14T20:42:20.7616000-04:00" testType="13cdc9d9-ddb5-4fa4-a97d-d965ccfc6d4b" outcome="Passed" testListId="8c84fa94-04c1-424b-9868-57a2d4851a1d" relativeResultsDirectory="a51fb7ae-6398-44a4-83d2-6f7e51709606">
    </UnitTestResult>
    <UnitTestResult executionId="b19bc4fe-8ca6-4e7a-b401-9b379b479126" testId="b13ca5f6-b435-d32d-2780-9a5fc480812d" testName="AndTheOneFiveRuleIsMatched" computerName="LAPTOP" duration="00:00:00.0003146" startTime="2012-04-14T20:42:20.7666000-04:00" endTime="2012-04-14T20:42:20.7716000-04:00" testType="13cdc9d9-ddb5-4fa4-a97d-d965ccfc6d4b" outcome="Passed" testListId="8c84fa94-04c1-424b-9868-57a2d4851a1d" relativeResultsDirectory="b19bc4fe-8ca6-4e7a-b401-9b379b479126">
    </UnitTestResult>
    <UnitTestResult executionId="a36c7177-9165-4b6a-a4ac-2b9ced67547f" testId="b494e56d-9a80-37be-f315-4879f38f7ae2" testName="ThreeDiceWithTheValueToMatchReturnsTrue" computerName="LAPTOP" duration="00:00:00.0002583" startTime="2012-04-14T20:42:20.7756000-04:00" endTime="2012-04-14T20:42:20.7826000-04:00" testType="13cdc9d9-ddb5-4fa4-a97d-d965ccfc6d4b" outcome="Passed" testListId="8c84fa94-04c1-424b-9868-57a2d4851a1d" relativeResultsDirectory="a36c7177-9165-4b6a-a4ac-2b9ced67547f">
    </UnitTestResult>
    <UnitTestResult executionId="3e3b7538-f3f5-42f3-b303-b19b8c34d0dd" testId="b5e9fc07-7982-9697-8ca0-db9f3a3cfae5" testName="AndTheThreeThreesRuleIsMatched" computerName="LAPTOP" duration="00:00:00.0003099" startTime="2012-04-14T20:42:20.7866000-04:00" endTime="2012-04-14T20:42:20.7946000-04:00" testType="13cdc9d9-ddb5-4fa4-a97d-d965ccfc6d4b" outcome="Passed" testListId="8c84fa94-04c1-424b-9868-57a2d4851a1d" relativeResultsDirectory="3e3b7538-f3f5-42f3-b303-b19b8c34d0dd">
    </UnitTestResult>
    <UnitTestResult executionId="ed6efd38-7f8a-4a54-8ce6-a485c172b250" testId="bef0335e-32e6-07a2-f7b0-f8b5481ddd3e" testName="FourDiceWithTheValueToMatchReturnsTrue" computerName="LAPTOP" duration="00:00:00.0003551" startTime="2012-04-14T20:42:20.7996000-04:00" endTime="2012-04-14T20:42:20.8056000-04:00" testType="13cdc9d9-ddb5-4fa4-a97d-d965ccfc6d4b" outcome="Passed" testListId="8c84fa94-04c1-424b-9868-57a2d4851a1d" relativeResultsDirectory="ed6efd38-7f8a-4a54-8ce6-a485c172b250">
    </UnitTestResult>
    <UnitTestResult executionId="2fe98f05-4e00-4299-b998-a1448235d1dc" testId="c84f54bd-3ae1-7687-85c3-db681626bc96" testName="AndTheThreeFoursRuleIsMatched" computerName="LAPTOP" duration="00:00:00.0003137" startTime="2012-04-14T20:42:20.8106000-04:00" endTime="2012-04-14T20:42:20.8146000-04:00" testType="13cdc9d9-ddb5-4fa4-a97d-d965ccfc6d4b" outcome="Passed" testListId="8c84fa94-04c1-424b-9868-57a2d4851a1d" relativeResultsDirectory="2fe98f05-4e00-4299-b998-a1448235d1dc">
    </UnitTestResult>
    <UnitTestResult executionId="68be5b64-df2c-43b0-ae4d-71aff5402bb7" testId="cdd011d7-65ff-d1a2-8b99-24ac44f008b5" testName="NoDiceWithTheValueToMatchReturnsFalse" computerName="LAPTOP" duration="00:00:00.0002699" startTime="2012-04-14T20:42:20.8196000-04:00" endTime="2012-04-14T20:42:20.8246000-04:00" testType="13cdc9d9-ddb5-4fa4-a97d-d965ccfc6d4b" outcome="Passed" testListId="8c84fa94-04c1-424b-9868-57a2d4851a1d" relativeResultsDirectory="68be5b64-df2c-43b0-ae4d-71aff5402bb7">
    </UnitTestResult>
    <UnitTestResult executionId="877571b3-0404-44a6-9ce8-310bd60f7d02" testId="dee9bf14-81d3-f2de-ad9e-2790846b09ab" testName="AndBothFiveRulesAreMatched" computerName="LAPTOP" duration="00:00:00.0009448" startTime="2012-04-14T20:42:20.8286000-04:00" endTime="2012-04-14T20:42:20.8336000-04:00" testType="13cdc9d9-ddb5-4fa4-a97d-d965ccfc6d4b" outcome="Passed" testListId="8c84fa94-04c1-424b-9868-57a2d4851a1d" relativeResultsDirectory="877571b3-0404-44a6-9ce8-310bd60f7d02">
    </UnitTestResult>
    <UnitTestResult executionId="ea11a3ee-a693-4745-9c56-234fa21c7a36" testId="e18f19b1-4ec6-fd14-ea60-5c8639968922" testName="AndTheThreeFivesRuleIsMatched" computerName="LAPTOP" duration="00:00:00.0003774" startTime="2012-04-14T20:42:20.8396000-04:00" endTime="2012-04-14T20:42:20.8506000-04:00" testType="13cdc9d9-ddb5-4fa4-a97d-d965ccfc6d4b" outcome="Passed" testListId="8c84fa94-04c1-424b-9868-57a2d4851a1d" relativeResultsDirectory="ea11a3ee-a693-4745-9c56-234fa21c7a36">
    </UnitTestResult>
    <UnitTestResult executionId="06c01aa3-0e61-42f5-a2d6-3009a59913d5" testId="e19e5f0b-ca0f-e8fa-e561-06aba3a0a088" testName="AndTheOneFiveRuleIsMatchedTheOneOneIsMatchedTwice" computerName="LAPTOP" duration="00:00:00.0003299" startTime="2012-04-14T20:42:20.8556000-04:00" endTime="2012-04-14T20:42:20.8626000-04:00" testType="13cdc9d9-ddb5-4fa4-a97d-d965ccfc6d4b" outcome="Passed" testListId="8c84fa94-04c1-424b-9868-57a2d4851a1d" relativeResultsDirectory="06c01aa3-0e61-42f5-a2d6-3009a59913d5">
    </UnitTestResult>
    <UnitTestResult executionId="ea163c7a-5aee-47da-b7b0-4222d0784f31" testId="f5a66eed-0f35-c989-399d-19a782d6ddc0" testName="TheRuleValueCanBeLookedUp" computerName="LAPTOP" duration="00:00:00.0042750" startTime="2012-04-14T20:42:20.8676000-04:00" endTime="2012-04-14T20:42:20.8776000-04:00" testType="13cdc9d9-ddb5-4fa4-a97d-d965ccfc6d4b" outcome="Passed" testListId="8c84fa94-04c1-424b-9868-57a2d4851a1d" relativeResultsDirectory="ea163c7a-5aee-47da-b7b0-4222d0784f31">
    </UnitTestResult>
  </Results>
</TestRun>