<?xml version="1.0" encoding="UTF-8"?>
<TestRun id="1932ee34-1171-41e9-bce4-d1fd1d556afc" name="Matt@LAPTOP 2012-04-14 21:57:01" runUser="laptop\Matt" xmlns="http://microsoft.com/schemas/VisualStudio/TeamTest/2010">
  <TestSettings name="Local" id="4663f0f2-8423-4c52-9793-eac18d9a1990">
    <Description>These are default test settings for a local test run.</Description>
    <Deployment enabled="false" runDeploymentRoot="Matt_LAPTOP 2012-04-14 21_57_01">
      <DeploymentItem filename="D:\GreedKata\GreedKata\bin\Debug\GreedKata.exe" />
      <DeploymentItem filename="D:\GreedKata\GreedKata.Test\obj\FluentAssertions.dll" />
      <DeploymentItem filename="D:\GreedKata\GreedKata.Test\obj\Moq.dll" />
    </Deployment>
    <Execution>
      <TestTypeSpecific />
      <AgentRule name="Execution Agents">
      </AgentRule>
    </Execution>
  </TestSettings>
  <Times creation="2012-04-14T21:57:01.1050000-04:00" queuing="2012-04-14T21:57:01.3890000-04:00" start="2012-04-14T21:57:01.4090000-04:00" finish="2012-04-14T21:57:02.6670000-04:00" />
  <ResultSummary outcome="Completed">
    <Counters total="25" executed="25" passed="25" error="0" failed="0" timeout="0" aborted="0" inconclusive="0" passedButRunAborted="0" notRunnable="0" notExecuted="0" disconnected="0" warning="0" completed="0" inProgress="0" pending="0" />
  </ResultSummary>
  <TestDefinitions>
    <UnitTest name="AndBothFiveRulesAreMatched" storage="d:\greedkata\greedkata.test\bin\debug\greedkata.test.dll" id="8bc84bc3-f5ff-1528-80bb-3bed49d3fcd8">
      <Execution id="16ca622f-48f5-45dd-a6d1-3a8126e9d7cc" />
      <TestMethod codeBase="D:/GreedKata/GreedKata.Test/bin/Debug/GreedKata.Test.DLL" adapterTypeName="Microsoft.VisualStudio.TestTools.TestTypes.Unit.UnitTestAdapter, Microsoft.VisualStudio.QualityTools.Tips.UnitTest.Adapter, Version=10.0.0.0, Culture=neutral, PublicKeyToken=b03f5f7f11d50a3a" className="GreedKata.Test.ScoreCalculation.WhenCalculatingTheScore, GreedKata.Test, Version=1.0.0.0, Culture=neutral, PublicKeyToken=null" name="AndBothFiveRulesAreMatched" />
    </UnitTest>
    <UnitTest name="AndTheOneOneRuleIsMatched" storage="d:\greedkata\greedkata.test\bin\debug\greedkata.test.dll" id="c042c0ad-a16d-b763-65dd-f31d6cf2d950">
      <Execution id="f1e4d67e-6a4f-469a-b3bd-76c0c46fbac9" />
      <TestMethod codeBase="D:/GreedKata/GreedKata.Test/bin/Debug/GreedKata.Test.DLL" adapterTypeName="Microsoft.VisualStudio.TestTools.TestTypes.Unit.UnitTestAdapter, Microsoft.VisualStudio.QualityTools.Tips.UnitTest.Adapter, Version=10.0.0.0, Culture=neutral, PublicKeyToken=b03f5f7f11d50a3a" className="GreedKata.Test.ScoreCalculation.WhenCalculatingTheScore, GreedKata.Test, Version=1.0.0.0, Culture=neutral, PublicKeyToken=null" name="AndTheOneOneRuleIsMatched" />
    </UnitTest>
    <UnitTest name="AndTheThreeTwosRuleIsMatched" storage="d:\greedkata\greedkata.test\bin\debug\greedkata.test.dll" id="20c0f5d0-691a-e093-e521-9234ae60aed1">
      <Execution id="57d8c267-b997-497d-864f-a952a1141499" />
      <TestMethod codeBase="D:/GreedKata/GreedKata.Test/bin/Debug/GreedKata.Test.DLL" adapterTypeName="Microsoft.VisualStudio.TestTools.TestTypes.Unit.UnitTestAdapter, Microsoft.VisualStudio.QualityTools.Tips.UnitTest.Adapter, Version=10.0.0.0, Culture=neutral, PublicKeyToken=b03f5f7f11d50a3a" className="GreedKata.Test.ScoreCalculation.WhenCalculatingTheScore, GreedKata.Test, Version=1.0.0.0, Culture=neutral, PublicKeyToken=null" name="AndTheThreeTwosRuleIsMatched" />
    </UnitTest>
    <UnitTest name="OneDieWithTheValueToMatchReturnsFalse" storage="d:\greedkata\greedkata.test\bin\debug\greedkata.test.dll" id="9343120d-9a61-e87b-64b1-f423d535d4a9">
      <Execution id="5b020911-370a-4d69-984c-07650ef0150b" />
      <TestMethod codeBase="D:/GreedKata/GreedKata.Test/bin/Debug/GreedKata.Test.DLL" adapterTypeName="Microsoft.VisualStudio.TestTools.TestTypes.Unit.UnitTestAdapter, Microsoft.VisualStudio.QualityTools.Tips.UnitTest.Adapter, Version=10.0.0.0, Culture=neutral, PublicKeyToken=b03f5f7f11d50a3a" className="GreedKata.Test.Rules.WhenMatchingThreeDiceWithTheSameValue, GreedKata.Test, Version=1.0.0.0, Culture=neutral, PublicKeyToken=null" name="OneDieWithTheValueToMatchReturnsFalse" />
    </UnitTest>
    <UnitTest name="AndTheOneFiveRuleIsMatchedTheOneOneIsMatchedTwice" storage="d:\greedkata\greedkata.test\bin\debug\greedkata.test.dll" id="5aaf4d04-efc5-db88-0b8a-b55d52a9660c">
      <Execution id="1c8e989a-4c85-4194-b84f-a8ad0aec8ffe" />
      <TestMethod codeBase="D:/GreedKata/GreedKata.Test/bin/Debug/GreedKata.Test.DLL" adapterTypeName="Microsoft.VisualStudio.TestTools.TestTypes.Unit.UnitTestAdapter, Microsoft.VisualStudio.QualityTools.Tips.UnitTest.Adapter, Version=10.0.0.0, Culture=neutral, PublicKeyToken=b03f5f7f11d50a3a" className="GreedKata.Test.ScoreCalculation.WhenCalculatingTheScore, GreedKata.Test, Version=1.0.0.0, Culture=neutral, PublicKeyToken=null" name="AndTheOneFiveRuleIsMatchedTheOneOneIsMatchedTwice" />
    </UnitTest>
    <UnitTest name="ThreeDiceWithTheValueToMatchReturnsTrue" storage="d:\greedkata\greedkata.test\bin\debug\greedkata.test.dll" id="b494e56d-9a80-37be-f315-4879f38f7ae2">
      <Execution id="934a17d5-9bba-4e8f-a6e5-013493ef5749" />
      <TestMethod codeBase="D:/GreedKata/GreedKata.Test/bin/Debug/GreedKata.Test.DLL" adapterTypeName="Microsoft.VisualStudio.TestTools.TestTypes.Unit.UnitTestAdapter, Microsoft.VisualStudio.QualityTools.Tips.UnitTest.Adapter, Version=10.0.0.0, Culture=neutral, PublicKeyToken=b03f5f7f11d50a3a" className="GreedKata.Test.Rules.WhenMatchingThreeDiceWithTheSameValue, GreedKata.Test, Version=1.0.0.0, Culture=neutral, PublicKeyToken=null" name="ThreeDiceWithTheValueToMatchReturnsTrue" />
    </UnitTest>
    <UnitTest name="TheRuleValueCanBeLookedUp" storage="d:\greedkata\greedkata.test\bin\debug\greedkata.test.dll" id="75790c8d-f6b0-593d-b258-d4c6454a9a2b">
      <Execution id="7b6e58b3-2dc8-4a2d-952f-515b08fc9388" />
      <TestMethod codeBase="D:/GreedKata/GreedKata.Test/bin/Debug/GreedKata.Test.DLL" adapterTypeName="Microsoft.VisualStudio.TestTools.TestTypes.Unit.UnitTestAdapter, Microsoft.VisualStudio.QualityTools.Tips.UnitTest.Adapter, Version=10.0.0.0, Culture=neutral, PublicKeyToken=b03f5f7f11d50a3a" className="GreedKata.Test.Rules.WhenMatchingOneDie, GreedKata.Test, Version=1.0.0.0, Culture=neutral, PublicKeyToken=null" name="TheRuleValueCanBeLookedUp" />
    </UnitTest>
    <UnitTest name="AndTheThreeFoursRuleIsMatched" storage="d:\greedkata\greedkata.test\bin\debug\greedkata.test.dll" id="9ca15271-9dd2-94e2-4ff8-7700ef0feab3">
      <Execution id="3ea24091-24d7-4266-93ca-9f9d739d4924" />
      <TestMethod codeBase="D:/GreedKata/GreedKata.Test/bin/Debug/GreedKata.Test.DLL" adapterTypeName="Microsoft.VisualStudio.TestTools.TestTypes.Unit.UnitTestAdapter, Microsoft.VisualStudio.QualityTools.Tips.UnitTest.Adapter, Version=10.0.0.0, Culture=neutral, PublicKeyToken=b03f5f7f11d50a3a" className="GreedKata.Test.ScoreCalculation.WhenCalculatingTheScore, GreedKata.Test, Version=1.0.0.0, Culture=neutral, PublicKeyToken=null" name="AndTheThreeFoursRuleIsMatched" />
    </UnitTest>
    <UnitTest name="TheScoreIsCalculated" storage="d:\greedkata\greedkata.test\bin\debug\greedkata.test.dll" id="c5f6d443-3c49-66fe-1fb3-4e72bcadae47">
      <Execution id="349fb4fa-c244-4f02-80a7-93337049ee62" />
      <TestMethod codeBase="D:/GreedKata/GreedKata.Test/bin/Debug/GreedKata.Test.DLL" adapterTypeName="Microsoft.VisualStudio.TestTools.TestTypes.Unit.UnitTestAdapter, Microsoft.VisualStudio.QualityTools.Tips.UnitTest.Adapter, Version=10.0.0.0, Culture=neutral, PublicKeyToken=b03f5f7f11d50a3a" className="GreedKata.Test.Game.WhenRollingDice, GreedKata.Test, Version=1.0.0.0, Culture=neutral, PublicKeyToken=null" name="TheScoreIsCalculated" />
    </UnitTest>
    <UnitTest name="AndTheOneFiveRuleIsMatched" storage="d:\greedkata\greedkata.test\bin\debug\greedkata.test.dll" id="778be0c6-fe55-a457-31a7-bcb21ead00f6">
      <Execution id="0eeb8bda-dda5-4313-bdaf-345c226730ce" />
      <TestMethod codeBase="D:/GreedKata/GreedKata.Test/bin/Debug/GreedKata.Test.DLL" adapterTypeName="Microsoft.VisualStudio.TestTools.TestTypes.Unit.UnitTestAdapter, Microsoft.VisualStudio.QualityTools.Tips.UnitTest.Adapter, Version=10.0.0.0, Culture=neutral, PublicKeyToken=b03f5f7f11d50a3a" className="GreedKata.Test.ScoreCalculation.WhenCalculatingTheScore, GreedKata.Test, Version=1.0.0.0, Culture=neutral, PublicKeyToken=null" name="AndTheOneFiveRuleIsMatched" />
    </UnitTest>
    <UnitTest name="AndTheThreeOnesAndOneFiveRulesAreMatched" storage="d:\greedkata\greedkata.test\bin\debug\greedkata.test.dll" id="7255818f-c892-55a9-aa7f-3ba2451b4768">
      <Execution id="0305a0fa-60fa-4b4f-923e-96cc0df917d4" />
      <TestMethod codeBase="D:/GreedKata/GreedKata.Test/bin/Debug/GreedKata.Test.DLL" adapterTypeName="Microsoft.VisualStudio.TestTools.TestTypes.Unit.UnitTestAdapter, Microsoft.VisualStudio.QualityTools.Tips.UnitTest.Adapter, Version=10.0.0.0, Culture=neutral, PublicKeyToken=b03f5f7f11d50a3a" className="GreedKata.Test.ScoreCalculation.WhenCalculatingTheScore, GreedKata.Test, Version=1.0.0.0, Culture=neutral, PublicKeyToken=null" name="AndTheThreeOnesAndOneFiveRulesAreMatched" />
    </UnitTest>
    <UnitTest name="NoDiceWithTheValueToMatchReturnsFalse" storage="d:\greedkata\greedkata.test\bin\debug\greedkata.test.dll" id="19bb8d38-09db-b45c-d97a-d557506c887a">
      <Execution id="2ba7ed44-1b91-4d6f-9840-0a2e5b59e3a6" />
      <TestMethod codeBase="D:/GreedKata/GreedKata.Test/bin/Debug/GreedKata.Test.DLL" adapterTypeName="Microsoft.VisualStudio.TestTools.TestTypes.Unit.UnitTestAdapter, Microsoft.VisualStudio.QualityTools.Tips.UnitTest.Adapter, Version=10.0.0.0, Culture=neutral, PublicKeyToken=b03f5f7f11d50a3a" className="GreedKata.Test.Rules.WhenMatchingOneDie, GreedKata.Test, Version=1.0.0.0, Culture=neutral, PublicKeyToken=null" name="NoDiceWithTheValueToMatchReturnsFalse" />
    </UnitTest>
    <UnitTest name="AndNoRulesAreMatched" storage="d:\greedkata\greedkata.test\bin\debug\greedkata.test.dll" id="efd49c58-fd7b-53ca-9b39-f32fa3d40890">
      <Execution id="ccf6882f-2ea4-4294-b812-f3265759b3de" />
      <TestMethod codeBase="D:/GreedKata/GreedKata.Test/bin/Debug/GreedKata.Test.DLL" adapterTypeName="Microsoft.VisualStudio.TestTools.TestTypes.Unit.UnitTestAdapter, Microsoft.VisualStudio.QualityTools.Tips.UnitTest.Adapter, Version=10.0.0.0, Culture=neutral, PublicKeyToken=b03f5f7f11d50a3a" className="GreedKata.Test.ScoreCalculation.WhenCalculatingTheScore, GreedKata.Test, Version=1.0.0.0, Culture=neutral, PublicKeyToken=null" name="AndNoRulesAreMatched" />
    </UnitTest>
    <UnitTest name="FourDiceWithTheValueToMatchReturnsTrue" storage="d:\greedkata\greedkata.test\bin\debug\greedkata.test.dll" id="bef0335e-32e6-07a2-f7b0-f8b5481ddd3e">
      <Execution id="f371c8de-e71a-4d1f-a88a-a22912d5b367" />
      <TestMethod codeBase="D:/GreedKata/GreedKata.Test/bin/Debug/GreedKata.Test.DLL" adapterTypeName="Microsoft.VisualStudio.TestTools.TestTypes.Unit.UnitTestAdapter, Microsoft.VisualStudio.QualityTools.Tips.UnitTest.Adapter, Version=10.0.0.0, Culture=neutral, PublicKeyToken=b03f5f7f11d50a3a" className="GreedKata.Test.Rules.WhenMatchingThreeDiceWithTheSameValue, GreedKata.Test, Version=1.0.0.0, Culture=neutral, PublicKeyToken=null" name="FourDiceWithTheValueToMatchReturnsTrue" />
    </UnitTest>
    <UnitTest name="AndTheThreeSixesRuleIsMatched" storage="d:\greedkata\greedkata.test\bin\debug\greedkata.test.dll" id="fc13ee49-bfaf-6222-1eb6-68d3562aa4fa">
      <Execution id="f32f5243-5e92-4238-98da-9ee007217878" />
      <TestMethod codeBase="D:/GreedKata/GreedKata.Test/bin/Debug/GreedKata.Test.DLL" adapterTypeName="Microsoft.VisualStudio.TestTools.TestTypes.Unit.UnitTestAdapter, Microsoft.VisualStudio.QualityTools.Tips.UnitTest.Adapter, Version=10.0.0.0, Culture=neutral, PublicKeyToken=b03f5f7f11d50a3a" className="GreedKata.Test.ScoreCalculation.WhenCalculatingTheScore, GreedKata.Test, Version=1.0.0.0, Culture=neutral, PublicKeyToken=null" name="AndTheThreeSixesRuleIsMatched" />
    </UnitTest>
    <UnitTest name="AndTheOneOneIsMatchedTwice" storage="d:\greedkata\greedkata.test\bin\debug\greedkata.test.dll" id="1673a8a4-378a-d742-b5f3-241ce0570854">
      <Execution id="9c03909d-70c9-4192-9867-c43d2a536e82" />
      <TestMethod codeBase="D:/GreedKata/GreedKata.Test/bin/Debug/GreedKata.Test.DLL" adapterTypeName="Microsoft.VisualStudio.TestTools.TestTypes.Unit.UnitTestAdapter, Microsoft.VisualStudio.QualityTools.Tips.UnitTest.Adapter, Version=10.0.0.0, Culture=neutral, PublicKeyToken=b03f5f7f11d50a3a" className="GreedKata.Test.ScoreCalculation.WhenCalculatingTheScore, GreedKata.Test, Version=1.0.0.0, Culture=neutral, PublicKeyToken=null" name="AndTheOneOneIsMatchedTwice" />
    </UnitTest>
    <UnitTest name="TheRuleValueCanBeLookedUp" storage="d:\greedkata\greedkata.test\bin\debug\greedkata.test.dll" id="f5a66eed-0f35-c989-399d-19a782d6ddc0">
      <Execution id="0110d903-4cc7-4210-82aa-7b6890513d60" />
      <TestMethod codeBase="D:/GreedKata/GreedKata.Test/bin/Debug/GreedKata.Test.DLL" adapterTypeName="Microsoft.VisualStudio.TestTools.TestTypes.Unit.UnitTestAdapter, Microsoft.VisualStudio.QualityTools.Tips.UnitTest.Adapter, Version=10.0.0.0, Culture=neutral, PublicKeyToken=b03f5f7f11d50a3a" className="GreedKata.Test.Rules.WhenMatchingThreeDiceWithTheSameValue, GreedKata.Test, Version=1.0.0.0, Culture=neutral, PublicKeyToken=null" name="TheRuleValueCanBeLookedUp" />
    </UnitTest>
    <UnitTest name="AndTheThreeThreesAndOneFiveRulesAreMatched" storage="d:\greedkata\greedkata.test\bin\debug\greedkata.test.dll" id="c143b250-1b85-0f8d-d9aa-91fbb8d4803b">
      <Execution id="d05b1937-e20a-48e8-940d-641c8b010feb" />
      <TestMethod codeBase="D:/GreedKata/GreedKata.Test/bin/Debug/GreedKata.Test.DLL" adapterTypeName="Microsoft.VisualStudio.TestTools.TestTypes.Unit.UnitTestAdapter, Microsoft.VisualStudio.QualityTools.Tips.UnitTest.Adapter, Version=10.0.0.0, Culture=neutral, PublicKeyToken=b03f5f7f11d50a3a" className="GreedKata.Test.ScoreCalculation.WhenCalculatingTheScore, GreedKata.Test, Version=1.0.0.0, Culture=neutral, PublicKeyToken=null" name="AndTheThreeThreesAndOneFiveRulesAreMatched" />
    </UnitTest>
    <UnitTest name="NoDiceWithTheValueToMatchReturnsFalse" storage="d:\greedkata\greedkata.test\bin\debug\greedkata.test.dll" id="cdd011d7-65ff-d1a2-8b99-24ac44f008b5">
      <Execution id="e6c4b57d-f6e7-41eb-b00c-d07893e7a63f" />
      <TestMethod codeBase="D:/GreedKata/GreedKata.Test/bin/Debug/GreedKata.Test.DLL" adapterTypeName="Microsoft.VisualStudio.TestTools.TestTypes.Unit.UnitTestAdapter, Microsoft.VisualStudio.QualityTools.Tips.UnitTest.Adapter, Version=10.0.0.0, Culture=neutral, PublicKeyToken=b03f5f7f11d50a3a" className="GreedKata.Test.Rules.WhenMatchingThreeDiceWithTheSameValue, GreedKata.Test, Version=1.0.0.0, Culture=neutral, PublicKeyToken=null" name="NoDiceWithTheValueToMatchReturnsFalse" />
    </UnitTest>
    <UnitTest name="AndTheThreeOnesRuleIsMatched" storage="d:\greedkata\greedkata.test\bin\debug\greedkata.test.dll" id="5f2aac0f-1b8f-d439-09a1-caeca311e810">
      <Execution id="5f1af2d9-ec70-42c6-a41b-fd2a418bc2a8" />
      <TestMethod codeBase="D:/GreedKata/GreedKata.Test/bin/Debug/GreedKata.Test.DLL" adapterTypeName="Microsoft.VisualStudio.TestTools.TestTypes.Unit.UnitTestAdapter, Microsoft.VisualStudio.QualityTools.Tips.UnitTest.Adapter, Version=10.0.0.0, Culture=neutral, PublicKeyToken=b03f5f7f11d50a3a" className="GreedKata.Test.ScoreCalculation.WhenCalculatingTheScore, GreedKata.Test, Version=1.0.0.0, Culture=neutral, PublicKeyToken=null" name="AndTheThreeOnesRuleIsMatched" />
    </UnitTest>
    <UnitTest name="AndTheThreeFivesRuleIsMatchedTheOneFiveIsMatchedTwice" storage="d:\greedkata\greedkata.test\bin\debug\greedkata.test.dll" id="62d6ee5f-c464-4ca7-03e8-eeb4a2911936">
      <Execution id="87b98882-d858-4853-8c54-2a8b756570f4" />
      <TestMethod codeBase="D:/GreedKata/GreedKata.Test/bin/Debug/GreedKata.Test.DLL" adapterTypeName="Microsoft.VisualStudio.TestTools.TestTypes.Unit.UnitTestAdapter, Microsoft.VisualStudio.QualityTools.Tips.UnitTest.Adapter, Version=10.0.0.0, Culture=neutral, PublicKeyToken=b03f5f7f11d50a3a" className="GreedKata.Test.ScoreCalculation.WhenCalculatingTheScore, GreedKata.Test, Version=1.0.0.0, Culture=neutral, PublicKeyToken=null" name="AndTheThreeFivesRuleIsMatchedTheOneFiveIsMatchedTwice" />
    </UnitTest>
    <UnitTest name="AndTheThreeThreesRuleIsMatched" storage="d:\greedkata\greedkata.test\bin\debug\greedkata.test.dll" id="cdba51be-4aaa-1bf6-a1a0-42dfd4c54dd0">
      <Execution id="341c61e8-357f-4a20-bcaf-db2513baed6f" />
      <TestMethod codeBase="D:/GreedKata/GreedKata.Test/bin/Debug/GreedKata.Test.DLL" adapterTypeName="Microsoft.VisualStudio.TestTools.TestTypes.Unit.UnitTestAdapter, Microsoft.VisualStudio.QualityTools.Tips.UnitTest.Adapter, Version=10.0.0.0, Culture=neutral, PublicKeyToken=b03f5f7f11d50a3a" className="GreedKata.Test.ScoreCalculation.WhenCalculatingTheScore, GreedKata.Test, Version=1.0.0.0, Culture=neutral, PublicKeyToken=null" name="AndTheThreeThreesRuleIsMatched" />
    </UnitTest>
    <UnitTest name="AndTheThreeFivesRuleIsMatched" storage="d:\greedkata\greedkata.test\bin\debug\greedkata.test.dll" id="36dd9b67-a4ad-c710-f2b2-b218d79a554a">
      <Execution id="a0af90e5-a062-40cd-9ac7-0c6b0d2714f2" />
      <TestMethod codeBase="D:/GreedKata/GreedKata.Test/bin/Debug/GreedKata.Test.DLL" adapterTypeName="Microsoft.VisualStudio.TestTools.TestTypes.Unit.UnitTestAdapter, Microsoft.VisualStudio.QualityTools.Tips.UnitTest.Adapter, Version=10.0.0.0, Culture=neutral, PublicKeyToken=b03f5f7f11d50a3a" className="GreedKata.Test.ScoreCalculation.WhenCalculatingTheScore, GreedKata.Test, Version=1.0.0.0, Culture=neutral, PublicKeyToken=null" name="AndTheThreeFivesRuleIsMatched" />
    </UnitTest>
    <UnitTest name="RandomDiceAreRetrieved" storage="d:\greedkata\greedkata.test\bin\debug\greedkata.test.dll" id="4e326c1d-dd85-aa8e-2dc5-6bbbc9775777">
      <Execution id="db7b6013-6732-4a07-9c44-319fe6d42c87" />
      <TestMethod codeBase="D:/GreedKata/GreedKata.Test/bin/Debug/GreedKata.Test.DLL" adapterTypeName="Microsoft.VisualStudio.TestTools.TestTypes.Unit.UnitTestAdapter, Microsoft.VisualStudio.QualityTools.Tips.UnitTest.Adapter, Version=10.0.0.0, Culture=neutral, PublicKeyToken=b03f5f7f11d50a3a" className="GreedKata.Test.Game.WhenRollingDice, GreedKata.Test, Version=1.0.0.0, Culture=neutral, PublicKeyToken=null" name="RandomDiceAreRetrieved" />
    </UnitTest>
    <UnitTest name="AtLeastOneDieWithTheValueToMatchReturnsTrue" storage="d:\greedkata\greedkata.test\bin\debug\greedkata.test.dll" id="7b6ee3fd-918a-1385-912b-acc296b40e7b">
      <Execution id="b1c44083-9e12-4d76-9c1b-8f2cced03339" />
      <TestMethod codeBase="D:/GreedKata/GreedKata.Test/bin/Debug/GreedKata.Test.DLL" adapterTypeName="Microsoft.VisualStudio.TestTools.TestTypes.Unit.UnitTestAdapter, Microsoft.VisualStudio.QualityTools.Tips.UnitTest.Adapter, Version=10.0.0.0, Culture=neutral, PublicKeyToken=b03f5f7f11d50a3a" className="GreedKata.Test.Rules.WhenMatchingOneDie, GreedKata.Test, Version=1.0.0.0, Culture=neutral, PublicKeyToken=null" name="AtLeastOneDieWithTheValueToMatchReturnsTrue" />
    </UnitTest>
  </TestDefinitions>
  <TestLists>
    <TestList name="Results Not in a List" id="8c84fa94-04c1-424b-9868-57a2d4851a1d" />
    <TestList name="All Loaded Results" id="19431567-8539-422a-85d7-44ee4e166bda" />
  </TestLists>
  <TestEntries>
    <TestEntry testId="1673a8a4-378a-d742-b5f3-241ce0570854" executionId="9c03909d-70c9-4192-9867-c43d2a536e82" testListId="8c84fa94-04c1-424b-9868-57a2d4851a1d" />
    <TestEntry testId="19bb8d38-09db-b45c-d97a-d557506c887a" executionId="2ba7ed44-1b91-4d6f-9840-0a2e5b59e3a6" testListId="8c84fa94-04c1-424b-9868-57a2d4851a1d" />
    <TestEntry testId="20c0f5d0-691a-e093-e521-9234ae60aed1" executionId="57d8c267-b997-497d-864f-a952a1141499" testListId="8c84fa94-04c1-424b-9868-57a2d4851a1d" />
    <TestEntry testId="36dd9b67-a4ad-c710-f2b2-b218d79a554a" executionId="a0af90e5-a062-40cd-9ac7-0c6b0d2714f2" testListId="8c84fa94-04c1-424b-9868-57a2d4851a1d" />
    <TestEntry testId="4e326c1d-dd85-aa8e-2dc5-6bbbc9775777" executionId="db7b6013-6732-4a07-9c44-319fe6d42c87" testListId="8c84fa94-04c1-424b-9868-57a2d4851a1d" />
    <TestEntry testId="5aaf4d04-efc5-db88-0b8a-b55d52a9660c" executionId="1c8e989a-4c85-4194-b84f-a8ad0aec8ffe" testListId="8c84fa94-04c1-424b-9868-57a2d4851a1d" />
    <TestEntry testId="5f2aac0f-1b8f-d439-09a1-caeca311e810" executionId="5f1af2d9-ec70-42c6-a41b-fd2a418bc2a8" testListId="8c84fa94-04c1-424b-9868-57a2d4851a1d" />
    <TestEntry testId="62d6ee5f-c464-4ca7-03e8-eeb4a2911936" executionId="87b98882-d858-4853-8c54-2a8b756570f4" testListId="8c84fa94-04c1-424b-9868-57a2d4851a1d" />
    <TestEntry testId="7255818f-c892-55a9-aa7f-3ba2451b4768" executionId="0305a0fa-60fa-4b4f-923e-96cc0df917d4" testListId="8c84fa94-04c1-424b-9868-57a2d4851a1d" />
    <TestEntry testId="75790c8d-f6b0-593d-b258-d4c6454a9a2b" executionId="7b6e58b3-2dc8-4a2d-952f-515b08fc9388" testListId="8c84fa94-04c1-424b-9868-57a2d4851a1d" />
    <TestEntry testId="778be0c6-fe55-a457-31a7-bcb21ead00f6" executionId="0eeb8bda-dda5-4313-bdaf-345c226730ce" testListId="8c84fa94-04c1-424b-9868-57a2d4851a1d" />
    <TestEntry testId="7b6ee3fd-918a-1385-912b-acc296b40e7b" executionId="b1c44083-9e12-4d76-9c1b-8f2cced03339" testListId="8c84fa94-04c1-424b-9868-57a2d4851a1d" />
    <TestEntry testId="8bc84bc3-f5ff-1528-80bb-3bed49d3fcd8" executionId="16ca622f-48f5-45dd-a6d1-3a8126e9d7cc" testListId="8c84fa94-04c1-424b-9868-57a2d4851a1d" />
    <TestEntry testId="9343120d-9a61-e87b-64b1-f423d535d4a9" executionId="5b020911-370a-4d69-984c-07650ef0150b" testListId="8c84fa94-04c1-424b-9868-57a2d4851a1d" />
    <TestEntry testId="9ca15271-9dd2-94e2-4ff8-7700ef0feab3" executionId="3ea24091-24d7-4266-93ca-9f9d739d4924" testListId="8c84fa94-04c1-424b-9868-57a2d4851a1d" />
    <TestEntry testId="b494e56d-9a80-37be-f315-4879f38f7ae2" executionId="934a17d5-9bba-4e8f-a6e5-013493ef5749" testListId="8c84fa94-04c1-424b-9868-57a2d4851a1d" />
    <TestEntry testId="bef0335e-32e6-07a2-f7b0-f8b5481ddd3e" executionId="f371c8de-e71a-4d1f-a88a-a22912d5b367" testListId="8c84fa94-04c1-424b-9868-57a2d4851a1d" />
    <TestEntry testId="c042c0ad-a16d-b763-65dd-f31d6cf2d950" executionId="f1e4d67e-6a4f-469a-b3bd-76c0c46fbac9" testListId="8c84fa94-04c1-424b-9868-57a2d4851a1d" />
    <TestEntry testId="c143b250-1b85-0f8d-d9aa-91fbb8d4803b" executionId="d05b1937-e20a-48e8-940d-641c8b010feb" testListId="8c84fa94-04c1-424b-9868-57a2d4851a1d" />
    <TestEntry testId="c5f6d443-3c49-66fe-1fb3-4e72bcadae47" executionId="349fb4fa-c244-4f02-80a7-93337049ee62" testListId="8c84fa94-04c1-424b-9868-57a2d4851a1d" />
    <TestEntry testId="cdba51be-4aaa-1bf6-a1a0-42dfd4c54dd0" executionId="341c61e8-357f-4a20-bcaf-db2513baed6f" testListId="8c84fa94-04c1-424b-9868-57a2d4851a1d" />
    <TestEntry testId="cdd011d7-65ff-d1a2-8b99-24ac44f008b5" executionId="e6c4b57d-f6e7-41eb-b00c-d07893e7a63f" testListId="8c84fa94-04c1-424b-9868-57a2d4851a1d" />
    <TestEntry testId="efd49c58-fd7b-53ca-9b39-f32fa3d40890" executionId="ccf6882f-2ea4-4294-b812-f3265759b3de" testListId="8c84fa94-04c1-424b-9868-57a2d4851a1d" />
    <TestEntry testId="f5a66eed-0f35-c989-399d-19a782d6ddc0" executionId="0110d903-4cc7-4210-82aa-7b6890513d60" testListId="8c84fa94-04c1-424b-9868-57a2d4851a1d" />
    <TestEntry testId="fc13ee49-bfaf-6222-1eb6-68d3562aa4fa" executionId="f32f5243-5e92-4238-98da-9ee007217878" testListId="8c84fa94-04c1-424b-9868-57a2d4851a1d" />
  </TestEntries>
  <Results>
    <UnitTestResult executionId="9c03909d-70c9-4192-9867-c43d2a536e82" testId="1673a8a4-378a-d742-b5f3-241ce0570854" testName="AndTheOneOneIsMatchedTwice" computerName="LAPTOP" duration="00:00:00.0295235" startTime="2012-04-14T21:57:01.4520000-04:00" endTime="2012-04-14T21:57:01.9100000-04:00" testType="13cdc9d9-ddb5-4fa4-a97d-d965ccfc6d4b" outcome="Passed" testListId="8c84fa94-04c1-424b-9868-57a2d4851a1d" relativeResultsDirectory="9c03909d-70c9-4192-9867-c43d2a536e82">
    </UnitTestResult>
    <UnitTestResult executionId="2ba7ed44-1b91-4d6f-9840-0a2e5b59e3a6" testId="19bb8d38-09db-b45c-d97a-d557506c887a" testName="NoDiceWithTheValueToMatchReturnsFalse" computerName="LAPTOP" duration="00:00:00.0060185" startTime="2012-04-14T21:57:01.9170000-04:00" endTime="2012-04-14T21:57:01.9290000-04:00" testType="13cdc9d9-ddb5-4fa4-a97d-d965ccfc6d4b" outcome="Passed" testListId="8c84fa94-04c1-424b-9868-57a2d4851a1d" relativeResultsDirectory="2ba7ed44-1b91-4d6f-9840-0a2e5b59e3a6">
    </UnitTestResult>
    <UnitTestResult executionId="57d8c267-b997-497d-864f-a952a1141499" testId="20c0f5d0-691a-e093-e521-9234ae60aed1" testName="AndTheThreeTwosRuleIsMatched" computerName="LAPTOP" duration="00:00:00.0004821" startTime="2012-04-14T21:57:01.9350000-04:00" endTime="2012-04-14T21:57:01.9500000-04:00" testType="13cdc9d9-ddb5-4fa4-a97d-d965ccfc6d4b" outcome="Passed" testListId="8c84fa94-04c1-424b-9868-57a2d4851a1d" relativeResultsDirectory="57d8c267-b997-497d-864f-a952a1141499">
    </UnitTestResult>
    <UnitTestResult executionId="a0af90e5-a062-40cd-9ac7-0c6b0d2714f2" testId="36dd9b67-a4ad-c710-f2b2-b218d79a554a" testName="AndTheThreeFivesRuleIsMatched" computerName="LAPTOP" duration="00:00:00.0003211" startTime="2012-04-14T21:57:01.9530000-04:00" endTime="2012-04-14T21:57:01.9690000-04:00" testType="13cdc9d9-ddb5-4fa4-a97d-d965ccfc6d4b" outcome="Passed" testListId="8c84fa94-04c1-424b-9868-57a2d4851a1d" relativeResultsDirectory="a0af90e5-a062-40cd-9ac7-0c6b0d2714f2">
    </UnitTestResult>
    <UnitTestResult executionId="db7b6013-6732-4a07-9c44-319fe6d42c87" testId="4e326c1d-dd85-aa8e-2dc5-6bbbc9775777" testName="RandomDiceAreRetrieved" computerName="LAPTOP" duration="00:00:00.3802701" startTime="2012-04-14T21:57:01.9730000-04:00" endTime="2012-04-14T21:57:02.3610000-04:00" testType="13cdc9d9-ddb5-4fa4-a97d-d965ccfc6d4b" outcome="Passed" testListId="8c84fa94-04c1-424b-9868-57a2d4851a1d" relativeResultsDirectory="db7b6013-6732-4a07-9c44-319fe6d42c87">
    </UnitTestResult>
    <UnitTestResult executionId="1c8e989a-4c85-4194-b84f-a8ad0aec8ffe" testId="5aaf4d04-efc5-db88-0b8a-b55d52a9660c" testName="AndTheOneFiveRuleIsMatchedTheOneOneIsMatchedTwice" computerName="LAPTOP" duration="00:00:00.0003216" startTime="2012-04-14T21:57:02.3660000-04:00" endTime="2012-04-14T21:57:02.3700000-04:00" testType="13cdc9d9-ddb5-4fa4-a97d-d965ccfc6d4b" outcome="Passed" testListId="8c84fa94-04c1-424b-9868-57a2d4851a1d" relativeResultsDirectory="1c8e989a-4c85-4194-b84f-a8ad0aec8ffe">
    </UnitTestResult>
    <UnitTestResult executionId="5f1af2d9-ec70-42c6-a41b-fd2a418bc2a8" testId="5f2aac0f-1b8f-d439-09a1-caeca311e810" testName="AndTheThreeOnesRuleIsMatched" computerName="LAPTOP" duration="00:00:00.0003164" startTime="2012-04-14T21:57:02.3810000-04:00" endTime="2012-04-14T21:57:02.3860000-04:00" testType="13cdc9d9-ddb5-4fa4-a97d-d965ccfc6d4b" outcome="Passed" testListId="8c84fa94-04c1-424b-9868-57a2d4851a1d" relativeResultsDirectory="5f1af2d9-ec70-42c6-a41b-fd2a418bc2a8">
    </UnitTestResult>
    <UnitTestResult executionId="87b98882-d858-4853-8c54-2a8b756570f4" testId="62d6ee5f-c464-4ca7-03e8-eeb4a2911936" testName="AndTheThreeFivesRuleIsMatchedTheOneFiveIsMatchedTwice" computerName="LAPTOP" duration="00:00:00.0010765" startTime="2012-04-14T21:57:02.3880000-04:00" endTime="2012-04-14T21:57:02.3940000-04:00" testType="13cdc9d9-ddb5-4fa4-a97d-d965ccfc6d4b" outcome="Passed" testListId="8c84fa94-04c1-424b-9868-57a2d4851a1d" relativeResultsDirectory="87b98882-d858-4853-8c54-2a8b756570f4">
    </UnitTestResult>
    <UnitTestResult executionId="0305a0fa-60fa-4b4f-923e-96cc0df917d4" testId="7255818f-c892-55a9-aa7f-3ba2451b4768" testName="AndTheThreeOnesAndOneFiveRulesAreMatched" computerName="LAPTOP" duration="00:00:00.0003234" startTime="2012-04-14T21:57:02.4000000-04:00" endTime="2012-04-14T21:57:02.4030000-04:00" testType="13cdc9d9-ddb5-4fa4-a97d-d965ccfc6d4b" outcome="Passed" testListId="8c84fa94-04c1-424b-9868-57a2d4851a1d" relativeResultsDirectory="0305a0fa-60fa-4b4f-923e-96cc0df917d4">
    </UnitTestResult>
    <UnitTestResult executionId="7b6e58b3-2dc8-4a2d-952f-515b08fc9388" testId="75790c8d-f6b0-593d-b258-d4c6454a9a2b" testName="TheRuleValueCanBeLookedUp" computerName="LAPTOP" duration="00:00:00.0009075" startTime="2012-04-14T21:57:02.4060000-04:00" endTime="2012-04-14T21:57:02.4110000-04:00" testType="13cdc9d9-ddb5-4fa4-a97d-d965ccfc6d4b" outcome="Passed" testListId="8c84fa94-04c1-424b-9868-57a2d4851a1d" relativeResultsDirectory="7b6e58b3-2dc8-4a2d-952f-515b08fc9388">
    </UnitTestResult>
    <UnitTestResult executionId="0eeb8bda-dda5-4313-bdaf-345c226730ce" testId="778be0c6-fe55-a457-31a7-bcb21ead00f6" testName="AndTheOneFiveRuleIsMatched" computerName="LAPTOP" duration="00:00:00.0005333" startTime="2012-04-14T21:57:02.4160000-04:00" endTime="2012-04-14T21:57:02.4250000-04:00" testType="13cdc9d9-ddb5-4fa4-a97d-d965ccfc6d4b" outcome="Passed" testListId="8c84fa94-04c1-424b-9868-57a2d4851a1d" relativeResultsDirectory="0eeb8bda-dda5-4313-bdaf-345c226730ce">
    </UnitTestResult>
    <UnitTestResult executionId="b1c44083-9e12-4d76-9c1b-8f2cced03339" testId="7b6ee3fd-918a-1385-912b-acc296b40e7b" testName="AtLeastOneDieWithTheValueToMatchReturnsTrue" computerName="LAPTOP" duration="00:00:00.0003900" startTime="2012-04-14T21:57:02.4300000-04:00" endTime="2012-04-14T21:57:02.4450000-04:00" testType="13cdc9d9-ddb5-4fa4-a97d-d965ccfc6d4b" outcome="Passed" testListId="8c84fa94-04c1-424b-9868-57a2d4851a1d" relativeResultsDirectory="b1c44083-9e12-4d76-9c1b-8f2cced03339">
    </UnitTestResult>
    <UnitTestResult executionId="16ca622f-48f5-45dd-a6d1-3a8126e9d7cc" testId="8bc84bc3-f5ff-1528-80bb-3bed49d3fcd8" testName="AndBothFiveRulesAreMatched" computerName="LAPTOP" duration="00:00:00.0017416" startTime="2012-04-14T21:57:02.4500000-04:00" endTime="2012-04-14T21:57:02.4580000-04:00" testType="13cdc9d9-ddb5-4fa4-a97d-d965ccfc6d4b" outcome="Passed" testListId="8c84fa94-04c1-424b-9868-57a2d4851a1d" relativeResultsDirectory="16ca622f-48f5-45dd-a6d1-3a8126e9d7cc">
    </UnitTestResult>
    <UnitTestResult executionId="5b020911-370a-4d69-984c-07650ef0150b" testId="9343120d-9a61-e87b-64b1-f423d535d4a9" testName="OneDieWithTheValueToMatchReturnsFalse" computerName="LAPTOP" duration="00:00:00.0027916" startTime="2012-04-14T21:57:02.4600000-04:00" endTime="2012-04-14T21:57:02.4660000-04:00" testType="13cdc9d9-ddb5-4fa4-a97d-d965ccfc6d4b" outcome="Passed" testListId="8c84fa94-04c1-424b-9868-57a2d4851a1d" relativeResultsDirectory="5b020911-370a-4d69-984c-07650ef0150b">
    </UnitTestResult>
    <UnitTestResult executionId="3ea24091-24d7-4266-93ca-9f9d739d4924" testId="9ca15271-9dd2-94e2-4ff8-7700ef0feab3" testName="AndTheThreeFoursRuleIsMatched" computerName="LAPTOP" duration="00:00:00.0003797" startTime="2012-04-14T21:57:02.4710000-04:00" endTime="2012-04-14T21:57:02.4750000-04:00" testType="13cdc9d9-ddb5-4fa4-a97d-d965ccfc6d4b" outcome="Passed" testListId="8c84fa94-04c1-424b-9868-57a2d4851a1d" relativeResultsDirectory="3ea24091-24d7-4266-93ca-9f9d739d4924">
    </UnitTestResult>
    <UnitTestResult executionId="934a17d5-9bba-4e8f-a6e5-013493ef5749" testId="b494e56d-9a80-37be-f315-4879f38f7ae2" testName="ThreeDiceWithTheValueToMatchReturnsTrue" computerName="LAPTOP" duration="00:00:00.0026594" startTime="2012-04-14T21:57:02.4770000-04:00" endTime="2012-04-14T21:57:02.4830000-04:00" testType="13cdc9d9-ddb5-4fa4-a97d-d965ccfc6d4b" outcome="Passed" testListId="8c84fa94-04c1-424b-9868-57a2d4851a1d" relativeResultsDirectory="934a17d5-9bba-4e8f-a6e5-013493ef5749">
    </UnitTestResult>
    <UnitTestResult executionId="f371c8de-e71a-4d1f-a88a-a22912d5b367" testId="bef0335e-32e6-07a2-f7b0-f8b5481ddd3e" testName="FourDiceWithTheValueToMatchReturnsTrue" computerName="LAPTOP" duration="00:00:00.0013651" startTime="2012-04-14T21:57:02.4860000-04:00" endTime="2012-04-14T21:57:02.4920000-04:00" testType="13cdc9d9-ddb5-4fa4-a97d-d965ccfc6d4b" outcome="Passed" testListId="8c84fa94-04c1-424b-9868-57a2d4851a1d" relativeResultsDirectory="f371c8de-e71a-4d1f-a88a-a22912d5b367">
    </UnitTestResult>
    <UnitTestResult executionId="f1e4d67e-6a4f-469a-b3bd-76c0c46fbac9" testId="c042c0ad-a16d-b763-65dd-f31d6cf2d950" testName="AndTheOneOneRuleIsMatched" computerName="LAPTOP" duration="00:00:00.0003216" startTime="2012-04-14T21:57:02.4960000-04:00" endTime="2012-04-14T21:57:02.5010000-04:00" testType="13cdc9d9-ddb5-4fa4-a97d-d965ccfc6d4b" outcome="Passed" testListId="8c84fa94-04c1-424b-9868-57a2d4851a1d" relativeResultsDirectory="f1e4d67e-6a4f-469a-b3bd-76c0c46fbac9">
    </UnitTestResult>
    <UnitTestResult executionId="d05b1937-e20a-48e8-940d-641c8b010feb" testId="c143b250-1b85-0f8d-d9aa-91fbb8d4803b" testName="AndTheThreeThreesAndOneFiveRulesAreMatched" computerName="LAPTOP" duration="00:00:00.0003262" startTime="2012-04-14T21:57:02.5070000-04:00" endTime="2012-04-14T21:57:02.5110000-04:00" testType="13cdc9d9-ddb5-4fa4-a97d-d965ccfc6d4b" outcome="Passed" testListId="8c84fa94-04c1-424b-9868-57a2d4851a1d" relativeResultsDirectory="d05b1937-e20a-48e8-940d-641c8b010feb">
    </UnitTestResult>
    <UnitTestResult executionId="349fb4fa-c244-4f02-80a7-93337049ee62" testId="c5f6d443-3c49-66fe-1fb3-4e72bcadae47" testName="TheScoreIsCalculated" computerName="LAPTOP" duration="00:00:00.0634090" startTime="2012-04-14T21:57:02.5130000-04:00" endTime="2012-04-14T21:57:02.5850000-04:00" testType="13cdc9d9-ddb5-4fa4-a97d-d965ccfc6d4b" outcome="Passed" testListId="8c84fa94-04c1-424b-9868-57a2d4851a1d" relativeResultsDirectory="349fb4fa-c244-4f02-80a7-93337049ee62">
    </UnitTestResult>
    <UnitTestResult executionId="341c61e8-357f-4a20-bcaf-db2513baed6f" testId="cdba51be-4aaa-1bf6-a1a0-42dfd4c54dd0" testName="AndTheThreeThreesRuleIsMatched" computerName="LAPTOP" duration="00:00:00.0003625" startTime="2012-04-14T21:57:02.5890000-04:00" endTime="2012-04-14T21:57:02.5950000-04:00" testType="13cdc9d9-ddb5-4fa4-a97d-d965ccfc6d4b" outcome="Passed" testListId="8c84fa94-04c1-424b-9868-57a2d4851a1d" relativeResultsDirectory="341c61e8-357f-4a20-bcaf-db2513baed6f">
    </UnitTestResult>
    <UnitTestResult executionId="e6c4b57d-f6e7-41eb-b00c-d07893e7a63f" testId="cdd011d7-65ff-d1a2-8b99-24ac44f008b5" testName="NoDiceWithTheValueToMatchReturnsFalse" computerName="LAPTOP" duration="00:00:00.0002625" startTime="2012-04-14T21:57:02.5970000-04:00" endTime="2012-04-14T21:57:02.6050000-04:00" testType="13cdc9d9-ddb5-4fa4-a97d-d965ccfc6d4b" outcome="Passed" testListId="8c84fa94-04c1-424b-9868-57a2d4851a1d" relativeResultsDirectory="e6c4b57d-f6e7-41eb-b00c-d07893e7a63f">
    </UnitTestResult>
    <UnitTestResult executionId="ccf6882f-2ea4-4294-b812-f3265759b3de" testId="efd49c58-fd7b-53ca-9b39-f32fa3d40890" testName="AndNoRulesAreMatched" computerName="LAPTOP" duration="00:00:00.0003244" startTime="2012-04-14T21:57:02.6090000-04:00" endTime="2012-04-14T21:57:02.6140000-04:00" testType="13cdc9d9-ddb5-4fa4-a97d-d965ccfc6d4b" outcome="Passed" testListId="8c84fa94-04c1-424b-9868-57a2d4851a1d" relativeResultsDirectory="ccf6882f-2ea4-4294-b812-f3265759b3de">
    </UnitTestResult>
    <UnitTestResult executionId="0110d903-4cc7-4210-82aa-7b6890513d60" testId="f5a66eed-0f35-c989-399d-19a782d6ddc0" testName="TheRuleValueCanBeLookedUp" computerName="LAPTOP" duration="00:00:00.0003230" startTime="2012-04-14T21:57:02.6170000-04:00" endTime="2012-04-14T21:57:02.6270000-04:00" testType="13cdc9d9-ddb5-4fa4-a97d-d965ccfc6d4b" outcome="Passed" testListId="8c84fa94-04c1-424b-9868-57a2d4851a1d" relativeResultsDirectory="0110d903-4cc7-4210-82aa-7b6890513d60">
    </UnitTestResult>
    <UnitTestResult executionId="f32f5243-5e92-4238-98da-9ee007217878" testId="fc13ee49-bfaf-6222-1eb6-68d3562aa4fa" testName="AndTheThreeSixesRuleIsMatched" computerName="LAPTOP" duration="00:00:00.0013613" startTime="2012-04-14T21:57:02.6310000-04:00" endTime="2012-04-14T21:57:02.6390000-04:00" testType="13cdc9d9-ddb5-4fa4-a97d-d965ccfc6d4b" outcome="Passed" testListId="8c84fa94-04c1-424b-9868-57a2d4851a1d" relativeResultsDirectory="f32f5243-5e92-4238-98da-9ee007217878">
    </UnitTestResult>
  </Results>
</TestRun>